{
    "model": "RNN",
    "dataset": "chinese-poetry",
    "batch_size": 32,
    "num_steps": 35,
    "num_hiddens": 512,
    "num_epochs": 500,
    "lr": 1
}
epoch 0: 风                                                  
困惑度 5737.3, 5748.0 词元/秒 /CPU:0

epoch 1: 风                                                  
困惑度 12173.5, 7478.6 词元/秒 /CPU:0

epoch 2: 风     无无无无无无无无无无无无无无无无无无无无无无无无无无无无无无无无无无无无无无无无无无无无无
困惑度 29762.0, 7516.2 词元/秒 /CPU:0

epoch 3: 风                                                  
困惑度 5965.9, 7618.6 词元/秒 /CPU:0

epoch 4: 风 无无无无无无无无无无无无无无无无无无无无无无无无无无无无无无无无无无无无无无无无无无无无无无无无无
困惑度 2023.7, 7579.9 词元/秒 /CPU:0

epoch 5: 风   一一一一一一一一一一一一一一一一一一一一一一一一一一一一一一一一一一一一一一一一一一一一一一一
困惑度 1936.1, 7644.6 词元/秒 /CPU:0

epoch 6: 风  无无无无无无无无无无无无无无无无无无无无无无无无无无无无无无无无无无无无无无无无无无无无无无无无
困惑度 1888.0, 7560.7 词元/秒 /CPU:0

epoch 7: 风 不不不不不不不不不不不不不不不不不不不不不不不不不不不不不不不不不不不不不不不不不不不不不不不不不
困惑度 1444.6, 7638.1 词元/秒 /CPU:0

epoch 8: 风 不不不不不不不不不不不不不不不不不不不不不不不不不不不不不不不不不不不不不不不不不不不不不不不不不
困惑度 1294.1, 7618.6 词元/秒 /CPU:0

epoch 9: 风 无无无无无无无无无无无无无无无无无无无无无无无无无无无无无无无无无无无无无无无无无无无无无无无无无
困惑度 1292.3, 7535.2 词元/秒 /CPU:0

epoch 10: 风 一一一一一一一一一一一一一一一一一一一一一一一一一一一一一一一一一一一一一一一一一一一一一一一一一
困惑度 1256.7, 6290.8 词元/秒 /CPU:0

epoch 11: 风 无无无无无无无无无无无无无无无无无无无无无无无无无无无无无无无无无无无无无无无无无无无无无无无无无
困惑度 1126.4, 7219.2 词元/秒 /CPU:0

epoch 12: 风  无无无无无无无无无无无无无无无无无无无无无无无无无无无无无无无无无无无无无无无无无无无无无无无无
困惑度 1072.3, 7242.6 词元/秒 /CPU:0

epoch 13: 风 无无无无无无无无无无无无无无无无无无无无无无无无无无无无无无无无无无无无无无无无无无无无无无无无无
困惑度 1208.1, 7535.2 词元/秒 /CPU:0

epoch 14: 风 无无无无无无无无无无无无无无无无无无无无无无无无无无无无无无无无无无无无无无无无无无无无无无无无无
困惑度 1135.8, 7579.9 词元/秒 /CPU:0

epoch 15: 风 不不不不不不不不不不不不不不不不不不不不不不不不不不不不不不不不不不不不不不不不不不不不不不不不不
困惑度 1039.6, 7331.6 词元/秒 /CPU:0

epoch 16: 风 不不不不不不不不不不不不不不不不不不不不不不不不不不不不不不不不不不不不不不不不不不不不不不不不不
困惑度 1063.9, 7579.9 词元/秒 /CPU:0

epoch 17: 风 无无无无无无无无无无无无无无无无无无无无无无无无无无无无无无无无无无无无无无无无无无无无无无无无无
困惑度 997.9, 7592.7 词元/秒 /CPU:0

epoch 18: 风 无无无无无无无无无无无无无无无无无无无无无无无无无无无无无无无无无无无无无无无无无无无无无无无无无
困惑度 1074.1, 7638.1 词元/秒 /CPU:0

epoch 19: 风 无无无无无无无无无无无无无无无无无无无无无无无无无无无无无无无无无无无无无无无无无无无无无无无无无
困惑度 1002.6, 7547.9 词元/秒 /CPU:0

epoch 20: 风 一无无无无无无无无无无无无无无无无无无无无无无无无无无无无无无无无无无无无无无无无无无无无无无无无
困惑度 1017.6, 7657.7 词元/秒 /CPU:0

epoch 21: 风 无无无无无无无无无无无无无无无无无无无无无无无无无无无无无无无无无无无无无无无无无无无无无无无无无
困惑度 1005.1, 7625.1 词元/秒 /CPU:0

epoch 22: 风  无无无无无无无无无无无无无无无无无无无无无无无无无无无无无无无无无无无无无无无无无无无无无无无无
困惑度 955.3, 7631.6 词元/秒 /CPU:0

epoch 23: 风                                                  
困惑度 916.5, 7631.6 词元/秒 /CPU:0

epoch 24: 风                                                  
困惑度 911.4, 7625.1 词元/秒 /CPU:0

epoch 25: 风                                                  
困惑度 914.5, 7651.1 词元/秒 /CPU:0

epoch 26: 风                                                  
困惑度 826.5, 7612.1 词元/秒 /CPU:0

epoch 27: 风                                                  
困惑度 854.6, 7664.3 词元/秒 /CPU:0

epoch 28: 风                                                  
困惑度 829.5, 7605.6 词元/秒 /CPU:0

epoch 29: 风                                                  
困惑度 892.8, 7605.6 词元/秒 /CPU:0

epoch 30: 风                                                  
困惑度 855.5, 7567.1 词元/秒 /CPU:0

epoch 31: 风                                                  
困惑度 799.4, 7625.1 词元/秒 /CPU:0

epoch 32: 风  一无无无无无无无无无无无无无无无无无无无无无无无无无无无无无无无无无无无无无无无无无无无无无无无
困惑度 810.7, 7599.2 词元/秒 /CPU:0

epoch 33: 风                                                  
困惑度 789.6, 7677.4 词元/秒 /CPU:0

epoch 34: 风                                                  
困惑度 800.0, 7664.2 词元/秒 /CPU:0

epoch 35: 风  一无无无无无无无无无无无无无无无无无无无无无无无无无无无无无无无无无无无无无无无无无无无无无无无
困惑度 823.9, 7638.1 词元/秒 /CPU:0

epoch 36: 风 一无无无无无无无无无无无无无无无无无无无无无无无无无无无无无无无无无无无无无无无无无无无无无无无无
困惑度 818.2, 7618.6 词元/秒 /CPU:0

epoch 37: 风  一无无无无无无无无无无无无无无无无无无无无无无无无无无无无无无无无无无无无无无无无无无无无无无无
困惑度 775.6, 7612.1 词元/秒 /CPU:0

epoch 38: 风                                                  
困惑度 876.8, 7644.6 词元/秒 /CPU:0

epoch 39: 风                                                  
困惑度 786.4, 7618.6 词元/秒 /CPU:0

epoch 40: 风                                                  
困惑度 813.6, 7605.6 词元/秒 /CPU:0

epoch 41: 风                                                  
困惑度 757.3, 7625.1 词元/秒 /CPU:0

epoch 42: 风                                                  
困惑度 782.8, 7644.6 词元/秒 /CPU:0

epoch 43: 风                                                  
困惑度 742.1, 7560.7 词元/秒 /CPU:0

epoch 44: 风                                                  
困惑度 755.4, 7618.6 词元/秒 /CPU:0

epoch 45: 风 不无无无无无无无无无无无无无无无无无无无无无无无无无无无无无无无无无无无无无无无无无无无无无无无无
困惑度 928.6, 7618.6 词元/秒 /CPU:0

epoch 46: 风 一无无无无无无无无无无无无无无无无无无无无无无无无无无无无无无无无无无无无无无无无无无无无无无无无
困惑度 748.8, 7631.6 词元/秒 /CPU:0

epoch 47: 风                                                  
困惑度 713.2, 7657.7 词元/秒 /CPU:0

epoch 48: 风                                                  
困惑度 826.7, 7612.1 词元/秒 /CPU:0

epoch 49: 风                                                  
困惑度 721.1, 7618.6 词元/秒 /CPU:0

epoch 50: 风                                                  
困惑度 745.2, 7625.1 词元/秒 /CPU:0

epoch 51: 风                                                  
困惑度 702.8, 7625.1 词元/秒 /CPU:0

epoch 52: 风                                                  
困惑度 718.6, 7612.1 词元/秒 /CPU:0

epoch 53: 风                                                  
困惑度 720.4, 7670.8 词元/秒 /CPU:0

epoch 54: 风                                                  
困惑度 700.0, 7644.6 词元/秒 /CPU:0

epoch 55: 风                                                  
困惑度 699.1, 7631.6 词元/秒 /CPU:0

epoch 56: 风                                                  
困惑度 685.1, 7618.6 词元/秒 /CPU:0

epoch 57: 风                                                  
困惑度 677.5, 7631.6 词元/秒 /CPU:0

epoch 58: 风 一来无来无来无来无来无来无无无无无无无无无无无无无无无无无无无无无无无无无无无无无无无无无无无无无
困惑度 616.8, 7612.1 词元/秒 /CPU:0

epoch 59: 风                                                  
困惑度 661.2, 7612.1 词元/秒 /CPU:0

epoch 60: 风                                                  
困惑度 687.5, 7638.1 词元/秒 /CPU:0

epoch 61: 风                                                  
困惑度 684.1, 7657.7 词元/秒 /CPU:0

epoch 62: 风                                                  
困惑度 597.1, 7651.1 词元/秒 /CPU:0

epoch 63: 风                                                  
困惑度 635.8, 7657.7 词元/秒 /CPU:0

epoch 64: 风                                                  
困惑度 663.5, 7631.6 词元/秒 /CPU:0

epoch 65: 风                                                  
困惑度 681.5, 7638.1 词元/秒 /CPU:0

epoch 66: 风                                              来  然
困惑度 656.1, 7625.1 词元/秒 /CPU:0

epoch 67: 风                                                  
困惑度 624.7, 7644.6 词元/秒 /CPU:0

epoch 68: 风                                                  
困惑度 595.1, 7605.6 词元/秒 /CPU:0

epoch 69: 风     一 一 不 一 一 一 一 一 一 一 一 一 一 一 一 一 一 一 一 一 一 一 一
困惑度 627.3, 7631.6 词元/秒 /CPU:0

epoch 70: 风       来 一  然 一  来 一  来 一然 来 不然 中  然 一  然 一  来 一  
困惑度 577.2, 7631.6 词元/秒 /CPU:0

epoch 71: 风     一     一     一     一     一     一     一     一  
困惑度 629.0, 7618.6 词元/秒 /CPU:0

epoch 72: 风 一然不来无中无中不来不来不来无来无来无来无来不来不来不来不来不来不来不来不来不来不来不来不来不来不
困惑度 552.2, 7618.6 词元/秒 /CPU:0

epoch 73: 风                                                  
困惑度 575.8, 7644.6 词元/秒 /CPU:0

epoch 74: 风                                                  
困惑度 567.6, 7651.1 词元/秒 /CPU:0

epoch 75: 风                                                  
困惑度 551.7, 7612.1 词元/秒 /CPU:0

epoch 76: 风                                                  
困惑度 552.0, 7631.6 词元/秒 /CPU:0

epoch 77: 风                                                  
困惑度 629.9, 7625.1 词元/秒 /CPU:0

epoch 78: 风 一然不中无 一云不中无 一云不中无 一云不中无 一云不中无 一云不中无 一云不中无 一云不中无 一
困惑度 536.3, 7631.6 词元/秒 /CPU:0

epoch 79: 风 一 不 一 一 一 一 一 一 一 一 一 一 一 一 一 一 一 一 一 一 一 一 一 一 一
困惑度 519.7, 7625.1 词元/秒 /CPU:0

epoch 80: 风 一然不中无自无 一然不来无云无 一然不来无云无 一然不来无云无 一然不来无云无 一然不来无云无 一
困惑度 507.7, 7592.7 词元/秒 /CPU:0

epoch 81: 风 一然不来无 一 不来不 一云不 一云不 一云不 一云不 一云不 一云不 一云不 一云不 一云不 一
困惑度 483.1, 7618.6 词元/秒 /CPU:0

epoch 82: 风                                                  
困惑度 403.2, 7625.1 词元/秒 /CPU:0

epoch 83: 风  山   云来  风   云  云   一山  风   云  一   一山  风   云  一  
困惑度 383.5, 7644.6 词元/秒 /CPU:0

epoch 84: 风  风    山  风    山  风    山  风    山  风    山  风    山  
困惑度 367.4, 7625.1 词元/秒 /CPU:0

epoch 85: 风 一道不中无 一然不中无 一然不中无 一然不中无 一然不中无 一然不中无 一然不中无 一然不中无 一
困惑度 438.4, 7625.1 词元/秒 /CPU:0

epoch 86: 风  云 不 不 一 不 一 不 一 不 一 不 一 不 一 不 一 不 一 不 一 不 一 不 一 
困惑度 407.2, 7618.6 词元/秒 /CPU:0

epoch 87: 风 一然不 一 谁 不来  一 一 不来  一 一 不来  一 一 不来  一 一 不来  一 一 不
困惑度 347.1, 7657.7 词元/秒 /CPU:0

epoch 88: 风 一山不中无自意 一山不中无中意 一山不中无中意 一山不中无中意 一山不中无中意 一山不中无中意 一
困惑度 381.7, 7618.6 词元/秒 /CPU:0

epoch 89: 风 一道不来无云明 一然不来无云明 一然不来无云明 一然不来无云明 一然不来无云明 一然不来无云明 一
困惑度 367.5, 7612.1 词元/秒 /CPU:0

epoch 90: 风  能 不 不来  门 不 不来  门 不 不来  门 不 不来  门 不 不来  门 不 不来  
困惑度 356.0, 7644.6 词元/秒 /CPU:0

epoch 91: 风 一道不来无 春 不来无中无 一时不来无 春时不来无 一时不来无 春时不来无 一时不来无 春时不来无
困惑度 345.5, 7612.1 词元/秒 /CPU:0

epoch 92: 风 一道不 一云山 一云无 一云门 一云无 一云门 一云闲 一云门 一云闲 一云门 一云闲 一云门 一
困惑度 334.0, 7612.1 词元/秒 /CPU:0

epoch 93: 风 一然不来无 闲 不来无 一时不来无 闲 不来无 一时不来无 闲 不来无 一时不来无 闲 不来无 一
困惑度 351.9, 7644.6 词元/秒 /CPU:0

epoch 94: 风 一云不来无自来 一云不来无自处 一云不来无自处 一云不来无自处 一云不来无自处 一云不来无自处 一
困惑度 322.0, 7605.6 词元/秒 /CPU:0

epoch 95: 风 一来不中无自来 一山不中无自来 一山不中无自来 一山不中无自来 一山不中无自来 一山不中无自来 一
困惑度 374.1, 7592.7 词元/秒 /CPU:0

epoch 96: 风 一然无 一 闲 一道  片 定道无 一云无 一云闲 一云闲 一云闲 一云闲 一云闲 一云闲 一云闲
困惑度 323.9, 7638.1 词元/秒 /CPU:0

epoch 97: 风 一云不来事 明云不中事 一人不中事 明来不中事 明云不中事 明来不中事 明云不中事 明来不中事 明
困惑度 307.9, 7618.6 词元/秒 /CPU:0

epoch 98: 风 一然不 一自门 一云不 一自门 一云不 一自门 一云不 一自不 一云不 一云不 一云不 一云不 一
困惑度 304.1, 7631.6 词元/秒 /CPU:0

epoch 99: 风 一云不来无自事 一云不来无自事 一云不来无自事 一云不来无自事 一云不来无自事 一云不来无自事 一
困惑度 328.4, 7599.2 词元/秒 /CPU:0

epoch 100: 风 一然无 莫云门 一云不 莫云不 一云不 一云不 一云不 一云不 一云不 一云不 一云不 一云不 一
困惑度 317.7, 7638.1 词元/秒 /CPU:0

epoch 101: 风 一然不中无自事 一然不来无自事 一然不来无自事 一然不来无自事 一然不来无自事 一然不来无自事 一
困惑度 388.2, 7618.6 词元/秒 /CPU:0

epoch 102: 风 一道不中无云来 一门何中无云来 一门何中无云来 一门何中无云来 一门何中无云来 一门何中无云来 一
困惑度 315.4, 7631.6 词元/秒 /CPU:0

epoch 103: 风 一云无 一云门 一云无 一云无 一云无 一云无 一云无 一云无 一云无 一云无 一云无 一云无 一
困惑度 308.4, 7631.6 词元/秒 /CPU:0

epoch 104: 风 一道闲 一云闲 一云闲 一云闲 一云闲 一云闲 一云闲 一云闲 一云闲 一云闲 一云闲 一云闲 一
困惑度 295.6, 7651.1 词元/秒 /CPU:0

epoch 105: 风 一然无 莫道无 莫道无 莫道无 莫道无 莫道无 莫道无 莫道无 莫道无 莫道无 莫道无 莫道无 莫
困惑度 293.8, 7631.6 词元/秒 /CPU:0

epoch 106: 风 一道不 一道闲 一道不 一道闲 一道闲 一道闲 一道闲 一道闲 一道闲 一道闲 一道闲 一道闲 一
困惑度 295.1, 7618.6 词元/秒 /CPU:0

epoch 107: 风 一然闲来无 门人无无无 门人无无无 春人无无无 春人无无无 春人无无无 春人无无无 春人无无无 春
困惑度 280.9, 7644.6 词元/秒 /CPU:0

epoch 108: 风 一时不 一时不 一时不 一时不 一时不 一时不 一时不 一时不 一时不 一时不 一时不 一时不 一
困惑度 292.8, 7625.1 词元/秒 /CPU:0

epoch 109: 风 一人不来无自意 一人不 不云无 一人不 不云无 一云无 不云无 一云无 不云无 一云无 不云无 一
困惑度 316.5, 7631.6 词元/秒 /CPU:0

epoch 110: 风 一人不中无自  般云 一道不 一云闲 一云闲 一云闲 一云闲 一云闲 一云闲 一云闲 一云闲 一云
困惑度 288.2, 7605.6 词元/秒 /CPU:0

epoch 111: 风 一道 不道 不知 不知 不知 不知 不知 不知 不知 不知 不知 不知 不知 不知 不知 不知 不
困惑度 289.3, 7605.6 词元/秒 /CPU:0

epoch 112: 风 一时不 莫云  片 祇教不 万时多 莫云  片 定教不 万时多 莫云  片 定教不 万时多 莫云 
困惑度 289.5, 7618.6 词元/秒 /CPU:0

epoch 113: 风 一然无 一云无 一然无 一然无 一然无 一然无 一然无 一然无 一然无 一然无 一然无 一然无 一
困惑度 278.9, 7631.6 词元/秒 /CPU:0

epoch 114: 风 一然不 莫云闲 莫云闲 莫云闲 莫云闲 莫云闲 莫云闲 莫云闲 莫云闲 莫云闲 莫云闲 莫云闲 莫
困惑度 277.7, 7664.3 词元/秒 /CPU:0

epoch 115: 风 一知不 一云高 一然不 一然无 一然无 一云无 一然无 一云无 一云无 一云无 一云无 一云无 一
困惑度 298.7, 7631.6 词元/秒 /CPU:0

epoch 116: 风 一知不 一云山 一云不 一云山 一云不 一云不 一云不 一云不 一云不 一云不 一云不 一云不 一
困惑度 287.7, 7657.7 词元/秒 /CPU:0

epoch 117: 风 不时不 不云不 不云不 不云不 不云不 不云不 不云不 不云不 不云不 不云不 不云不 不云不 不
困惑度 276.4, 7625.1 词元/秒 /CPU:0

epoch 118: 风 一 唯教 一闻  一 不 不然  一 不 不然  一 不 不然  一 不 不然  一 不 不然  
困惑度 275.5, 7638.1 词元/秒 /CPU:0

epoch 119: 风 一云不 莫云不 不云不 莫云不 莫云不 莫云不 莫云不 莫云不 莫云不 莫云不 莫云不 莫云不 莫
困惑度 283.2, 7599.2 词元/秒 /CPU:0

epoch 120: 风 一教 从教不 一云无 一云无 一云无 一云无 一云无 一云无 一云无 一云无 一云无 一云无 一云
困惑度 275.2, 7605.6 词元/秒 /CPU:0

epoch 121: 风 一时不来不 闲言不不事 闲时不不事 闲时不不事 闲时不不事 闲时不不事 闲时不不事 闲时不不事 闲
困惑度 265.8, 7644.6 词元/秒 /CPU:0

epoch 122: 风 一人 后道  片 曾教无 一 不 一山  片 曾教无  云 祇教无  云 祇教无  云 祇教无  
困惑度 274.2, 7651.1 词元/秒 /CPU:0

epoch 123: 风 一来从来 一然自来 一然自来 一然自来 一然自来 一然自来 一然自来 一然自来 一然自来 一然自来
困惑度 270.4, 7599.2 词元/秒 /CPU:0

epoch 124: 风 一人不 莫人不 一人不 一人不 一人不 一人不 一人不 一人不 一人不 一人不 一人不 一人不 一
困惑度 265.9, 7638.1 词元/秒 /CPU:0

epoch 125: 风 一然无 莫云无 不云无 不云无 不云无 不云无 不云无 不云无 不云无 不云无 不云无 不云无 不
困惑度 271.8, 7612.1 词元/秒 /CPU:0

epoch 126: 风 一山不来 自开 不教不来 自开 不教不来 自开 不教不来 自开 不教不来 自开 不教不来 自开 不
困惑度 271.0, 7638.1 词元/秒 /CPU:0

epoch 127: 风 一道不 一时不 不人不 不人不 不人不 不人不 不人不 不人不 不人不 不人不 不人不 不人不 不
困惑度 263.8, 7638.1 词元/秒 /CPU:0

epoch 128: 风 一道无 莫云无 莫云无 莫云无 莫云无 莫云无 莫云无 莫云无 莫云无 莫云无 莫云无 莫云无 莫
困惑度 264.1, 7625.1 词元/秒 /CPU:0

epoch 129: 风 一然不 不云无 不云无 不云无 不云无 不云无 不云无 不云无 不云无 不云无 不云无 不云无 不
困惑度 269.5, 7651.1 词元/秒 /CPU:0

epoch 130: 风 一来无 一云无 一云无 一云无 一云无 一云无 一云无 一云无 一云无 一云无 一云无 一云无 一
困惑度 260.1, 7605.6 词元/秒 /CPU:0

epoch 131: 风 一人不中无自明 一教不中不自明 一教不中不自明 一教不中不自明 一教不中不自明 一教不中不自明 一
困惑度 258.1, 7638.1 词元/秒 /CPU:0

epoch 132: 风 一云无来 一言无来 一言无来 一言无来 一言无来 一言无来 一言无来 一言无来 一言无来 一言无来
困惑度 261.4, 7631.6 词元/秒 /CPU:0

epoch 133: 风 一人不 一如无 不然无 一山无 不山无 不山无 不山无 不山无 不山无 不山无 不山无 不山无 不
困惑度 258.2, 7638.1 词元/秒 /CPU:0

epoch 134: 风 一教不中无山来 一教不中无山来 一教不中无山来 一教不中无山来 一教不中无山来 一教不中无山来 一
困惑度 299.0, 7631.6 词元/秒 /CPU:0

epoch 135: 风 一然无来不自来 万然无来不自来 万然无来不自来 万然无来不自来 万然无来不自来 万然无来不自来 万
困惑度 258.3, 7605.6 词元/秒 /CPU:0

epoch 136: 风 一然不 莫云无 莫然无 莫云无 莫然无 莫云无 莫然无 莫然无 莫然无 莫然无 莫然无 莫然无 莫
困惑度 265.1, 7618.6 词元/秒 /CPU:0

epoch 137: 风 一人不 一云无 一云无 一云无 一云无 一云无 一云无 一云无 一云无 一云无 一云无 一云无 一
困惑度 259.8, 7644.6 词元/秒 /CPU:0

epoch 138: 风 一人不 不云无 不云不 不云无 不云无 不云无 不云无 不云无 不云无 不云无 不云无 不云无 不
困惑度 257.0, 7625.1 词元/秒 /CPU:0

epoch 139: 风 一人不 莫自不 一然不 一然不 一然不 一然不 一然不 一然不 一然不 一然不 一然不 一然不 一
困惑度 255.8, 7631.6 词元/秒 /CPU:0

epoch 140: 风 一来不 不云不 不云不 不云不 不云不 不云不 不云不 不云不 不云不 不云不 不云不 不云不 不
困惑度 256.2, 7625.1 词元/秒 /CPU:0

epoch 141: 风 一时无中 自开 不教无中 自开 不教无中 自开 不教无中 自开 不教无中 自开 不教无中 自开 不
困惑度 261.9, 7599.2 词元/秒 /CPU:0

epoch 142: 风 一人不中无 闲人不无人 闲人不无人 闲人不无人 闲人不无人 闲人不无人 闲人不无人 闲人不无人 闲
困惑度 260.1, 7657.7 词元/秒 /CPU:0

epoch 143: 风 一然不来无自来 一道不来无自来 一道不来无自来 一道不来无自来 一道不来无自来 一道不来无自来 一
困惑度 257.6, 7612.1 词元/秒 /CPU:0

epoch 144: 风 一生无 莫能无 一为无 一为无 一为无 一为无 一为无 一为无 一为无 一为无 一为无 一为无 一
困惑度 255.6, 7478.6 词元/秒 /CPU:0

epoch 145: 风 一人不 莫能不 一然不 不然不 不然不 不然不 不然不 不然不 不然不 不然不 不然不 不然不 不
困惑度 252.8, 7161.5 词元/秒 /CPU:0

epoch 146: 风 一时无来无 明时不为事 一知不无事 一知不无事 一知不无事 一知不无事 一知不无事 一知不无事 一
困惑度 253.2, 7277.9 词元/秒 /CPU:0

epoch 147: 风 一人不来不自月 一云不来不自月 一云不来不自月 一云不来不自月 一云不来不自月 一云不来不自月 一
困惑度 250.7, 7386.0 词元/秒 /CPU:0

epoch 148: 风 一然 慧是 不知 不知 不知 不知 不知 不知 不知 不知 不知 不知 不知 不知 不知 不知 不
困惑度 254.7, 7150.0 词元/秒 /CPU:0

epoch 149: 风 一然不 莫能不 不然不 不然不 不然不 不然不 不然不 不然不 不然不 不然不 不然不 不然不 不
困惑度 245.7, 7289.8 词元/秒 /CPU:0

epoch 150: 风 一人不 不能不 不为不 不为不 不为不 不为不 不为不 不为不 不为不 不为不 不为不 不为不 不
困惑度 263.8, 7435.1 词元/秒 /CPU:0

epoch 151: 风 一云不 不能无 不能无 不能无 不能无 不能无 不能无 不能无 不能无 不能无 不能无 不能无 不
困惑度 246.2, 6797.1 词元/秒 /CPU:0

epoch 152: 风 一人云中无自明 一道云中无自天 一云云中无自天 一云云中无自天 一云云中无自天 一云云中无自天 一
困惑度 257.5, 7260.2 词元/秒 /CPU:0

epoch 153: 风 一然不 莫能一 能然无 能然无 能然无 能然无 能然无 能然无 能然无 能然无 能然无 能然无 能
困惑度 247.3, 7207.6 词元/秒 /CPU:0

epoch 154: 风 一时无 不能无 不能无 不能无 不能无 不能无 不能无 不能无 不能无 不能无 不能无 不能无 不
困惑度 244.1, 7219.2 词元/秒 /CPU:0

epoch 155: 风 一来不 不能一 不然一 不然一 不然一 不然一 不然一 不然一 不然一 不然一 不然一 不然一 不
困惑度 249.0, 7367.8 词元/秒 /CPU:0

epoch 156: 风 一然无 不能无 不能无 不然无 不然无 不然无 不然无 不然无 不然无 不然无 不然无 不然无 不
困惑度 242.0, 7522.6 词元/秒 /CPU:0

epoch 157: 风 一人不中一山门 一道不中一山门 一道不中一山门 一道不中一山门 一道不中一山门 一道不中一山门 一
困惑度 244.6, 7453.7 词元/秒 /CPU:0

epoch 158: 风 一然不 不然无 能然无 能然无 能然无 能然无 能然无 能然无 能然无 能然无 能然无 能然无 能
困惑度 244.6, 7422.8 词元/秒 /CPU:0

epoch 159: 风 万然无 不能无 不能无 不能无 不能无 不能无 不能无 不能无 不能无 不能无 不能无 不能无 不
困惑度 244.3, 7605.6 词元/秒 /CPU:0

epoch 160: 风 一时不中无 溪年不不烟 寒年不难烟 寒年不难烟 寒年不难烟 寒年不难烟 寒年不难烟 寒年不难烟 寒
困惑度 250.6, 7416.6 词元/秒 /CPU:0

epoch 161: 风 不然不 不能不 能能不 能能不 能能不 能能不 能能不 能能不 能能不 能能不 能能不 能能不 能
困惑度 248.5, 7398.2 词元/秒 /CPU:0

epoch 162: 风 不然无 不能一 能为一 不为一 不为一 不为一 不为一 不为一 不为一 不为一 不为一 不为一 不
困惑度 251.0, 7144.3 词元/秒 /CPU:0

epoch 163: 风 不人无来无 春人无不人 寒人无不人 寒人无不人 寒人无不人 寒人无不人 寒人无不人 寒人无不人 寒
困惑度 246.5, 7516.2 词元/秒 /CPU:0

epoch 164: 风 一然无 不然无 能然无 能然无 能然无 能然无 能然无 能然无 能然无 能然无 能然无 能然无 能
困惑度 245.9, 7560.7 词元/秒 /CPU:0

epoch 165: 风 一来 不是 不知 不知 不知 不知 不知 不知 不知 不知 不知 不知 不知 不知 不知 不知 不
困惑度 239.7, 7516.2 词元/秒 /CPU:0

epoch 166: 风 一时不中一自天 一教定中一自天 一教定中一自天 一教定中一自天 一教定中一自天 一教定中一自天 一
困惑度 251.7, 7416.6 词元/秒 /CPU:0

epoch 167: 风 一云 慧将 不知 不知 不知 不知 不知 不知 不知 不知 不知 不知 不知 不知 不知 不知 不
困惑度 244.3, 7638.1 词元/秒 /CPU:0

epoch 168: 风 一人不 不能无 能能无 能能无 能能无 能能无 能能无 能能无 能能无 能能无 能能无 能能无 能
困惑度 238.8, 7509.9 词元/秒 /CPU:0

epoch 169: 风 一山无 不为一 能为一 能为一 能为一 能为一 能为一 能为一 能为一 能为一 能为一 能为一 能
困惑度 243.2, 7638.1 词元/秒 /CPU:0

epoch 170: 风 一然不中无 非年不不路 一夜不不路 一夜不不路 一夜不不路 一夜不不路 一夜不不路 一夜不不路 一
困惑度 240.7, 7618.6 词元/秒 /CPU:0

epoch 171: 风 一来无 不能无 能能一 能能无 能能无 能能无 能能无 能能无 能能无 能能无 能能无 能能无 能
困惑度 240.7, 7307.6 词元/秒 /CPU:0

epoch 172: 风 一云无 不能无 能能无 能能无 能能无 能能无 能能无 能能无 能能无 能能无 能能无 能能无 能
困惑度 239.6, 7173.0 词元/秒 /CPU:0

epoch 173: 风 一云何 不能无 能为无 能为无 能为无 能为无 能为无 能为无 能为无 能为无 能为无 能为无 能
困惑度 247.5, 7416.6 词元/秒 /CPU:0

epoch 174: 风 一人不 不然无 能然无 能然无 能然无 能然无 能然无 能然无 能然无 能然无 能然无 能然无 能
困惑度 238.0, 7541.6 词元/秒 /CPU:0

epoch 175: 风 一人 慧为 不知 不知 不知 不知 不知 不知 不知 不知 不知 不知 不知 不知 不知 不知 不
困惑度 244.3, 7579.9 词元/秒 /CPU:0

epoch 176: 风 不知不 不能无 能能万 能能万 能能万 能能万 能能万 能能万 能能万 能能万 能能万 能能万 能
困惑度 237.6, 7560.7 词元/秒 /CPU:0

epoch 177: 风 一知不 不能无 能为万 能为万 能为万 能为万 能为万 能为万 能为万 能为万 能为万 能为万 能
困惑度 243.1, 7592.7 词元/秒 /CPU:0

epoch 178: 风 一人 慧能 或将 不知 不知 不知 不知 不知 不知 不知 不知 不知 不知 不知 不知 不知 不
困惑度 231.3, 7547.9 词元/秒 /CPU:0

epoch 179: 风 一然不 一为无 能然万 能然万 能然万 能然万 能然万 能然万 能然万 能然万 能然万 能然万 能
困惑度 234.6, 7657.7 词元/秒 /CPU:0

epoch 180: 风 一然不 不能一 能然一 能然一 能然一 能然一 能然一 能然一 能然一 能然一 能然一 能然一 能
困惑度 235.4, 7651.1 词元/秒 /CPU:0

epoch 181: 风 一如不 不为一 能为一 能为一 能为一 能为一 能为一 能为一 能为一 能为一 能为一 能为一 能
困惑度 231.5, 7644.6 词元/秒 /CPU:0

epoch 182: 风 一然无处一自事 一然无中无自事 一然无中无自事 一然无中无自事 一然无中无自事 一然无中无自事 一
困惑度 235.6, 7605.6 词元/秒 /CPU:0

epoch 183: 风 一人无 不能无 能能万 能能万 能能万 能能万 能能万 能能万 能能万 能能万 能能万 能能万 能
困惑度 243.2, 7664.3 词元/秒 /CPU:0

epoch 184: 风 一然不 莫能无 能然一 能然一 能然一 能然一 能然一 能然一 能然一 能然一 能然一 能然一 能
困惑度 234.7, 7697.2 词元/秒 /CPU:0

epoch 185: 风 一然不 不能一 能能一 能能一 能能一 能能一 能能一 能能一 能能一 能能一 能能一 能能一 能
困惑度 232.2, 7625.1 词元/秒 /CPU:0

epoch 186: 风 一来不 不为万 能为万 能为万 能为万 能为万 能为万 能为万 能为万 能为万 能为万 能为万 能
困惑度 238.8, 7638.1 词元/秒 /CPU:0

epoch 187: 风 一然不 不阴义 能阴一 能然一 能阴一 能阴一 能阴一 能阴一 能阴一 能阴一 能阴一 能阴一 能
困惑度 231.7, 7618.6 词元/秒 /CPU:0

epoch 188: 风 一人无 不能无 能然无 能然无 能然无 能然无 能然无 能然无 能然无 能然无 能然无 能然无 能
困惑度 233.2, 7612.1 词元/秒 /CPU:0

epoch 189: 风 一然不来无 才言不来事 一年不无事 一年不无事 一年不无事 一年不无事 一年不无事 一年不无事 一
困惑度 239.3, 7638.1 词元/秒 /CPU:0

epoch 190: 风 一来不 不阴一 光然万 不然万 不然万 不然万 不然万 不然万 不然万 不然万 不然万 不然万 不
困惑度 237.9, 7664.2 词元/秒 /CPU:0

epoch 191: 风 一云无来无无意 一道不 莫云一 能云一 能云一 能云一 能云一 能云一 能云一 能云一 能云一 能
困惑度 233.1, 7638.1 词元/秒 /CPU:0

epoch 192: 风 一道无中无 明年无处人 闲年无一人 闲年无一人 闲年无一人 闲年无一人 闲年无一人 闲年无一人 闲
困惑度 245.4, 7625.1 词元/秒 /CPU:0

epoch 193: 风 一云不中无 明言不为人 闲年不难尘 闲年不难尘 闲年不难尘 闲年不难尘 闲年不难尘 闲年不难尘 闲
困惑度 230.5, 7690.6 词元/秒 /CPU:0

epoch 194: 风 一道无 不阴无 能然无 能然无 能然无 能然无 能然无 能然无 能然无 能然无 能然无 能然无 能
困惑度 237.1, 7638.1 词元/秒 /CPU:0

epoch 195: 风 不然不 不阴一 能然一 能然一 能然一 能然一 能然一 能然一 能然一 能然一 能然一 能然一 能
困惑度 232.6, 7586.3 词元/秒 /CPU:0

epoch 196: 风 一云不来 草言有来 但言有来 但言有来 但言有来 但言有来 但言有来 但言有来 但言有来 但言有来
困惑度 227.4, 7567.1 词元/秒 /CPU:0

epoch 197: 风 一时不中一 明将不无人 闲年不无人 闲年不无人 闲年不无人 闲年不无人 闲年不无人 闲年不无人 闲
困惑度 233.3, 7509.9 词元/秒 /CPU:0

epoch 198: 风 一时无 不为无 能然一 能然一 能然一 能然一 能然一 能然一 能然一 能然一 能然一 能然一 能
困惑度 231.0, 7459.9 词元/秒 /CPU:0

epoch 199: 风 不时无来无 今时不为人 闲年不无人 闲年不无人 闲年不无人 闲年不无人 闲年不无人 闲年不无人 闲
困惑度 231.8, 7690.6 词元/秒 /CPU:0

epoch 200: 风 一时无 不为无 能然万 能然一 能然一 能然一 能然一 能然一 能然一 能然一 能然一 能然一 能
困惑度 225.4, 7717.1 词元/秒 /CPU:0

epoch 201: 风 一人 慧为 或将 慧将 或将 或将 或将 或将 或将 或将 或将 或将 或将 或将 或将 或将 或
困惑度 232.3, 7690.6 词元/秒 /CPU:0

epoch 202: 风 一道无中一自得 一道无中一自得 一道无中一自得 一道无中一自得 一道无中一自得 一道无中一自得 一
困惑度 237.3, 7690.6 词元/秒 /CPU:0

epoch 203: 风 一云无 勿阴一 能然一 能然一 能然一 能然一 能然一 能然一 能然一 能然一 能然一 能然一 能
困惑度 232.0, 7684.0 词元/秒 /CPU:0

epoch 204: 风 一然无 不阴一 能然一 能然一 能然一 能然一 能然一 能然一 能然一 能然一 能然一 能然一 能
困惑度 227.3, 7710.5 词元/秒 /CPU:0

epoch 205: 风 一然 慧为 或知 或知 或知 或知 或知 或知 或知 或知 或知 或知 或知 或知 或知 或知 或
困惑度 231.9, 7690.6 词元/秒 /CPU:0

epoch 206: 风 一道不 莫阴义 能然一 能然一 能然一 能然一 能然一 能然一 能然一 能然一 能然一 能然一 能
困惑度 231.2, 7677.4 词元/秒 /CPU:0

epoch 207: 风 一然不来无 今年不来尘 闲知不日尘 闲知不日尘 闲知不日尘 闲知不日尘 闲知不日尘 闲知不日尘 闲
困惑度 227.6, 7592.7 词元/秒 /CPU:0

epoch 208: 风 一云不 莫能义 能然万 能然耳 能然万 能然万 能然万 能然万 能然万 能然万 能然万 能然万 能
困惑度 228.0, 7664.2 词元/秒 /CPU:0

epoch 209: 风 一云无处无 今云不处人 寒年不无人 一年不无人 一年不无人 一年不无人 一年不无人 一年不无人 一
困惑度 225.6, 7670.8 词元/秒 /CPU:0

epoch 210: 风 一来不 不能义 能然一 能然一 能然一 能然一 能然一 能然一 能然一 能然一 能然一 能然一 能
困惑度 224.2, 7625.1 词元/秒 /CPU:0

epoch 211: 风 一知无 莫为无 能然万 能然万 能然万 能然万 能然万 能然万 能然万 能然万 能然万 能然万 能
困惑度 229.7, 7491.1 词元/秒 /CPU:0

epoch 212: 风 一生无 莫为无 能为万 能然万 能然万 能然万 能然万 能然万 能然万 能然万 能然万 能然万 能
困惑度 221.9, 7522.6 词元/秒 /CPU:0

epoch 213: 风 一生无来一 深云无为水 一年无无人 一年无无人 一年无无人 一年无无人 一年无无人 一年无无人 一
困惑度 229.9, 7592.7 词元/秒 /CPU:0

epoch 214: 风 一云多 不阴义 能然万 能然万 能然万 能然万 能然万 能然万 能然万 能然万 能然万 能然万 能
困惑度 232.4, 7644.6 词元/秒 /CPU:0

epoch 215: 风 一来不来无自明 一教不中无自来 一道不中无自明 一道不中无自明 一道不中无自明 一道不中无自明 一
困惑度 219.5, 7703.8 词元/秒 /CPU:0

epoch 216: 风 一人无 勿阴无 能然万 能然万 能然万 能然万 能然万 能然万 能然万 能然万 能然万 能然万 能
困惑度 239.1, 7631.6 词元/秒 /CPU:0

epoch 217: 风 一生无 不阴无 能然万 能然万 能然万 能然万 能然万 能然万 能然万 能然万 能然万 能然万 能
困惑度 227.0, 7631.6 词元/秒 /CPU:0

epoch 218: 风 一然无中无自然 一然不中无天事 一道不中无自然 一道不中无自事 一道不中无自然 一道不中无自事 一
困惑度 225.6, 7631.6 词元/秒 /CPU:0

epoch 219: 风 一知不中一 非知不不人 寒知无不人 寒知无不人 寒知无不人 寒知无不人 寒知无不人 寒知无不人 寒
困惑度 227.6, 7625.1 词元/秒 /CPU:0

epoch 220: 风 一时无 不然万 能然万 能然万 能然万 能然万 能然万 能然万 能然万 能然万 能然万 能然万 能
困惑度 221.4, 7612.1 词元/秒 /CPU:0

epoch 221: 风 一时不 勿渐一 能渐一 能然一 能然一 能然一 能然一 能然一 能然一 能然一 能然一 能然一 能
困惑度 227.4, 7710.5 词元/秒 /CPU:0

epoch 222: 风 一云不处一无生 一云不来一无门 一云不来一无门 一云不来一无门 一云不来一无门 一云不来一无门 一
困惑度 229.4, 7670.8 词元/秒 /CPU:0

epoch 223: 风 一教无 莫阴义 能然万 能然万 能然万 能然万 能然万 能然万 能然万 能然万 能然万 能然万 能
困惑度 227.5, 7579.9 词元/秒 /CPU:0

epoch 224: 风 一生不 不阴一 能吞万 能吞万 能吞万 能吞万 能吞万 能吞万 能吞万 能吞万 能吞万 能吞万 能
困惑度 224.5, 7664.2 词元/秒 /CPU:0

epoch 225: 风 一时无来无 春人不不人 寒人不不人 寒人不不人 寒人不不人 寒人不不人 寒人不不人 寒人不不人 寒
困惑度 225.9, 7670.8 词元/秒 /CPU:0

epoch 226: 风 一道不 不阴无 能渐万 能然万 能然万 能然万 能然万 能然万 能然万 能然万 能然万 能然万 能
困惑度 217.0, 7664.2 词元/秒 /CPU:0

epoch 227: 风 一生不 不阴无 能然万 能然一 能然一 能然一 能然一 能然一 能然一 能然一 能然一 能然一 能
困惑度 226.3, 7355.7 词元/秒 /CPU:0

epoch 228: 风 一日无 勿能无 能然万 能然万 能然万 能然万 能然万 能然万 能然万 能然万 能然万 能然万 能
困惑度 222.1, 7361.7 词元/秒 /CPU:0

epoch 229: 风 一时不 勿为非 能然万 能然万 能然万 能然万 能然万 能然万 能然万 能然万 能然万 能然万 能
困惑度 225.8, 7386.0 词元/秒 /CPU:0

epoch 230: 风 一时不 不时万 能然万 能然万 能然万 能然万 能然万 能然万 能然万 能然万 能然万 能然万 能
困惑度 222.4, 7497.4 词元/秒 /CPU:0

epoch 231: 风 一人不 不阴一 能吞万 能吞一 能然一 能然一 能然一 能然一 能然一 能然一 能然一 能然一 能
困惑度 220.2, 7478.6 词元/秒 /CPU:0

epoch 232: 风 一来无 慧阴无 能然万 能然万 能然万 能然万 能然万 能然万 能然万 能然万 能然万 能然万 能
困惑度 223.5, 7567.1 词元/秒 /CPU:0

epoch 233: 风 不云不 不阴不 能然一圣 蓑言无来 官职掣来 官职掣来 官职掣来 官职掣来 官职掣来 官职掣来 官
困惑度 218.4, 7509.9 词元/秒 /CPU:0

epoch 234: 风 一人无 莫为无 能然万圣之无户 或似无中无自 一事不 莫为无 能然万 能然万 能然万 能然万 能然
困惑度 216.5, 7567.1 词元/秒 /CPU:0

epoch 235: 风 一日无 勿阴义 能然万 能然万 能然万 能然万 能然万 能然万 能然万 能然万 能然万 能然万 能
困惑度 221.4, 7325.6 词元/秒 /CPU:0

epoch 236: 风 一人不 勿阴一 能然万 能然万 能然万 能然万 能然万 能然万 能然万 能然万 能然万 能然万 能
困惑度 228.4, 7361.7 词元/秒 /CPU:0

epoch 237: 风 一来无 勿能无 能然万 能然万 能然万 能然万 能然万 能然万 能然万 能然万 能然万 能然万 能
困惑度 216.1, 7592.7 词元/秒 /CPU:0

epoch 238: 风 一人不中不 溪年不不事 一年不不事 一海不不事 一海不不事 一海不不事 一海不不事 一海不不事 一
困惑度 214.1, 7684.0 词元/秒 /CPU:0

epoch 239: 风 一如无 不能无 能然万 能然万 能然万 能然万 能然万 能然万 能然万 能然万 能然万 能然万 能
困惑度 224.8, 7710.5 词元/秒 /CPU:0

epoch 240: 风 不如无中无 溪时不为人 闲时不不人 闲势不不人 闲势不不人 闲势不不人 闲势不不人 闲势不不人 闲
困惑度 222.8, 7677.4 词元/秒 /CPU:0

epoch 241: 风 一如不事 心言刘德 震四刘备 但职肚备 但职肚备 但职肚备 但职肚备 但职肚备 但职肚备 但职肚备
困惑度 224.1, 7697.2 词元/秒 /CPU:0

epoch 242: 风 一来无 慧能无 能然万 能然万 能然万 能然万 能然万 能然万 能然万 能然万 能然万 能然万 能
困惑度 222.1, 7697.2 词元/秒 /CPU:0

epoch 243: 风 一时不 不能一 能然万 能然万 能然万 能然万 能然万 能然万 能然万 能然万 能然万 能然万 能
困惑度 231.2, 7651.1 词元/秒 /CPU:0

epoch 244: 风 一知无中不 一年无一人 一知无一人 一知无一人 一知无一人 一知无一人 一知无一人 一知无一人 一
困惑度 221.6, 7703.8 词元/秒 /CPU:0

epoch 245: 风 一知不 不阴一 能然一 能然一 能然一 能然一 能然一 能然一 能然一 能然一 能然一 能然一 能
困惑度 223.0, 7522.6 词元/秒 /CPU:0

epoch 246: 风 一道不来无自  即须不来无云  即须不来无云  即须不来无云  即须不来无云  即须不来无云  即
困惑度 221.4, 7618.6 词元/秒 /CPU:0

epoch 247: 风 一生无 不然无 能然万 能然一 能然一 能然一 能然一 能然一 能然一 能然一 能然一 能然一 能
困惑度 220.4, 7697.2 词元/秒 /CPU:0

epoch 248: 风 一来无 慧能义 光然一 能然一 能然一 能然一 能然一 能然一 能然一 能然一 能然一 能然一 能
困惑度 215.9, 7710.4 词元/秒 /CPU:0

epoch 249: 风 一时不 不为非 能然万 能然浄 能然浄 能然浄 能然浄 能然浄 能然浄 能然浄 能然浄 能然浄 能
困惑度 221.2, 7690.6 词元/秒 /CPU:0

epoch 250: 风 一山无中一自  即须不 勿为义 能然万 能然万 能然万 能然万 能然万 能然万 能然万 能然万 能
困惑度 222.7, 7535.2 词元/秒 /CPU:0

epoch 251: 风 一山无 不阴无 能然万 能然万 能然万 能然万 能然万 能然万 能然万 能然万 能然万 能然万 能
困惑度 221.1, 7664.2 词元/秒 /CPU:0

epoch 252: 风 一云无 不能无 能然万 能然万 能然万 能然万 能然万 能然万 能然万 能然万 能然万 能然万 能
困惑度 213.5, 7703.8 词元/秒 /CPU:0

epoch 253: 风 一道不中无自得 一道须中无自得 一道须中无自得 一道须中无自得 一道须中无自得 一道须中无自得 一
困惑度 226.3, 7697.2 词元/秒 /CPU:0

epoch 254: 风 一生不 莫阴义 能然万 能然万 能然万 能然万 能然万 能然万 能然万 能然万 能然万 能然万 能
困惑度 216.6, 7730.4 词元/秒 /CPU:0

epoch 255: 风 一来无 不能义 不然万 能然万 能然万 能然万 能然万 能然万 能然万 能然万 能然万 能然万 能
困惑度 222.1, 7684.0 词元/秒 /CPU:0

epoch 256: 风 一言无 慧能耳 能然万 能然万 能然万 能然万 能然万 能然万 能然万 能然万 能然万 能然万 能
困惑度 213.9, 7664.2 词元/秒 /CPU:0

epoch 257: 风 一事不 勿能义 能然万圣无无时 或法群 勿能无 能然万圣无无时 或法群 勿能无 能然万圣无无时 或
困惑度 212.4, 7447.4 词元/秒 /CPU:0

epoch 258: 风 一生不 不然无 能然万 能然万 能然万 能然万 能然万 能然万 能然万 能然万 能然万 能然万 能
困惑度 212.8, 7697.2 词元/秒 /CPU:0

epoch 259: 风 一生不 不阴义 能然万 能然万 能然万 能然万 能然万 能然万 能然万 能然万 能然万 能然万 能
困惑度 216.9, 7697.2 词元/秒 /CPU:0

epoch 260: 风 一日无来 草开无山 震四掣电 管四掣电 管什掣电 管什掣电 管什掣电 管什掣电 管什掣电 管什掣电
困惑度 221.6, 7677.4 词元/秒 /CPU:0

epoch 261: 风 一人不 不能义 能然万 能然万 能然万 能然万 能然万 能然万 能然万 能然万 能然万 能然万 能
困惑度 210.2, 7547.9 词元/秒 /CPU:0

epoch 262: 风 一生不 不阴一 能然一 能然一 能然一 能然一 能然一 能然一 能然一 能然一 能然一 能然一 能
困惑度 220.2, 7491.1 词元/秒 /CPU:0

epoch 263: 风 一生无 不阴一 能然一 能然一 能然一 能然一 能然一 能然一 能然一 能然一 能然一 能然一 能
困惑度 214.8, 7392.1 词元/秒 /CPU:0

epoch 264: 风 一生无 慧阴无 能然一 能然一 能然一 能然一 能然一 能然一 能然一 能然一 能然一 能然一 能
困惑度 225.3, 7435.1 词元/秒 /CPU:0

epoch 265: 风 一日无 不能一 能吞万圣 蓑衣铺来 管什掣兔 管什掣兔 管什掣兔 管什掣兔 管什掣兔 管什掣兔 管
困惑度 207.9, 7631.6 词元/秒 /CPU:0

epoch 266: 风 一云不 不为非 不念万 能念万 能念万 能念万 能念万 能念万 能念万 能念万 能念万 能念万 能
困惑度 214.0, 7573.5 词元/秒 /CPU:0

epoch 267: 风 一来云来无 牛人不为人 闲人不无人 闲人不无人 闲人不无人 闲人不无人 闲人不无人 闲人不无人 闲
困惑度 214.9, 7684.0 词元/秒 /CPU:0

epoch 268: 风 一生不 慧能义 能然寂 能念万 能念浄 能念万 能念万 能念万 能念万 能念万 能念万 能念万 能
困惑度 216.3, 7697.2 词元/秒 /CPU:0

epoch 269: 风 一生不来无 一年不为人 松年不无人 松年不无人 松年不无人 松年不无人 松年不无人 松年不无人 松
困惑度 228.9, 7690.6 词元/秒 /CPU:0

epoch 270: 风 一生无 不能非 能熏万 能念万 能念万 能念万 能念万 能念万 能念万 能念万 能念万 能念万 能
困惑度 217.0, 7697.2 词元/秒 /CPU:0

epoch 271: 风 一然无 不能无 能然万 能然万 能然万 能然万 能然万 能然万 能然万 能然万 能然万 能然万 能
困惑度 219.0, 7717.1 词元/秒 /CPU:0

epoch 272: 风 一事无来无 言时不难人 寒间不难人 寒间不难人 寒间不难人 寒间不难人 寒间不难人 寒间不难人 寒
困惑度 211.1, 7657.7 词元/秒 /CPU:0

epoch 273: 风 一生定 慧能非 能然万 能然万 能然万 能然万 能然万 能然万 能然万 能然万 能然万 能然万 能
困惑度 213.3, 7677.4 词元/秒 /CPU:0

epoch 274: 风 一言无 莫能无 能然万 能念万 能念万 能念万 能念万 能念万 能念万 能念万 能念万 能念万 能
困惑度 220.4, 7605.6 词元/秒 /CPU:0

epoch 275: 风 一生无 不能一 能然万 能念万 能念一 能念一 能念一 能念一 能念一 能念一 能念一 能念一 能
困惑度 212.0, 7509.9 词元/秒 /CPU:0

epoch 276: 风 一人无中不 一年无为人 寒知入为人 寒知入为人 寒知入为人 寒知入为人 寒知入为人 寒知入为人 寒
困惑度 212.3, 7579.9 词元/秒 /CPU:0

epoch 277: 风 一生无 慧能无 能然万 能念万 能念群 能念群 能念群 能念群 能念群 能念群 能念群 能念群 能
困惑度 210.0, 7592.7 词元/秒 /CPU:0

epoch 278: 风 一生不来无 言年不难人 闲知不无人 闲知不无人 闲知不无人 闲知不无人 闲知不无人 闲知不无人 闲
困惑度 205.9, 7599.2 词元/秒 /CPU:0

epoch 279: 风 一生不时无心明 一心云时无一事 一道不从无一事 一道不从无一事 一道不从无一事 一道不从无一事 一
困惑度 229.1, 7638.1 词元/秒 /CPU:0

epoch 280: 风 一生不 慧为耳 能然万圣之无户 或令群 纯为不 能然万 能然万 能然万 能然万 能然万 能然万 能
困惑度 203.4, 7599.2 词元/秒 /CPU:0

epoch 281: 风 一言无中无 一年无一人 一年无一人 一年不无人 一年不无人 一年不无人 一年不无人 一年不无人 一
困惑度 213.6, 7684.0 词元/秒 /CPU:0

epoch 282: 风 一言多 不能耳 能然万 能然万 能然万 能然万 能然万 能然万 能然万 能然万 能然万 能然万 能
困惑度 210.3, 7484.8 词元/秒 /CPU:0

epoch 283: 风 一生无 慧能耳 能然万 能然万 能然万 能然万 能然万 能然万 能然万 能然万 能然万 能然万 能
困惑度 210.9, 7579.9 词元/秒 /CPU:0

epoch 284: 风 一生不 慧能非 能然万 能然万 能然万 能然万 能然万 能然万 能然万 能然万 能然万 能然万 能
困惑度 211.7, 7010.1 词元/秒 /CPU:0

epoch 285: 风 一生云中无一事 一日闲中不云 一生云中无 一言一花人 一年一为人 一人一为人 一人一为人 一人一为
困惑度 204.0, 7015.5 词元/秒 /CPU:0

epoch 286: 风 一生无 不为无 能云万 能念万 能念万 能念万 能念万 能念万 能念万 能念万 能念万 能念万 能
困惑度 214.0, 7213.4 词元/秒 /CPU:0

epoch 287: 风 不云多 不能义 能然万 能念枕 能念枕 能念枕 能念枕 能念枕 能念枕 能念枕 能念枕 能念枕 能
困惑度 208.0, 7225.1 词元/秒 /CPU:0

epoch 288: 风 一生无 慧阴无 能然万 能然浄 能然万 能然万 能然万 能然万 能然万 能然万 能然万 能然万 能
困惑度 210.2, 7272.0 词元/秒 /CPU:0

epoch 289: 风 不来无 不为一 能然万 能然万 能然万 能然万 能然万 能然万 能然万 能然万 能然万 能然万 能
困惑度 206.0, 7435.1 词元/秒 /CPU:0

epoch 290: 风 一人不 慧为无 能然万 能然万 能然万 能然万 能然万 能然万 能然万 能然万 能然万 能然万 能
困惑度 209.7, 7573.5 词元/秒 /CPU:0

epoch 291: 风 一生无来无 一年一为人 寒年天无人 一知天无人 一知天无人 一知天无人 一知天无人 一知天无人 一
困惑度 201.4, 7599.2 词元/秒 /CPU:0

epoch 292: 风 一人无 莫阴一 能然万 能然浄 能然浄 能然浄 能然浄 能然浄 能然浄 能然浄 能然浄 能然浄 能
困惑度 201.7, 7484.8 词元/秒 /CPU:0

epoch 293: 风 一道不 不能一 能然万圣无无时 或理全 不诸一 能然万圣无无时 或理全 不诸一 能然万圣无无时 或
困惑度 199.2, 7254.3 词元/秒 /CPU:0

epoch 294: 风 一如无中无心事 一生定中无一事 一如无中无一事 一如无事无一事 一如无中无一事 一如无中无一事 一
困惑度 206.1, 7367.8 词元/秒 /CPU:0

epoch 295: 风 不知不是无 今年不为知 不知不为烟 不知不为烟 不知不为烟 不知不为烟 不知不为烟 不知不为烟 不
困惑度 201.6, 7004.6 词元/秒 /CPU:0

epoch 296: 风 不生不 不能不 能然万 能念浄 能念浄 能念浄 能念浄 能念浄 能念浄 能念浄 能念浄 能念浄 能
困惑度 208.7, 7132.9 词元/秒 /CPU:0

epoch 297: 风 一事多 不时义 能然万 能然万 能念万 能念万 能念万 能念万 能念万 能念万 能念万 能念万 能
困惑度 210.1, 7313.6 词元/秒 /CPU:0

epoch 298: 风 一来无来无 今时不为事 寒来不无人 松来不无人 松来不无人 松来不无人 松来不无人 松来不无人 松
困惑度 228.2, 7478.6 词元/秒 /CPU:0

epoch 299: 风 一生不 慧能义 能然万 能念万 能念万 能念万 能念万 能念万 能念万 能念万 能念万 能念万 能
困惑度 215.9, 7428.9 词元/秒 /CPU:0

epoch 300: 风 一生不 慧能万 能念万圣无无水 定即全 不能无 能念万圣无无水 定即全 不能无 能念万圣无无水 定
困惑度 203.3, 7631.6 词元/秒 /CPU:0

epoch 301: 风 万生不来无 万年不难人 明年不难烟 明年不难烟 明年不难烟 明年不难烟 明年不难烟 明年不难烟 明
困惑度 205.8, 7528.9 词元/秒 /CPU:0

epoch 302: 风 万山 慧为 或来 慧知 或知 或知 或知 或知 或知 或知 或知 或知 或知 或知 或知 或知 或
困惑度 209.0, 7541.6 词元/秒 /CPU:0

epoch 303: 风 一生无 不阴一 能然万圣 蓑衣铺山 震职肚跃 管职肚跃 管职肚跃 管职肚跃 管职肚跃 管职肚跃 管
困惑度 217.5, 7331.6 词元/秒 /CPU:0

epoch 304: 风 一山不 莫为无 能然万圣成无  能须不 勿一无 能然万 能然万圣成无  能须不 勿一无 能然万 能
困惑度 201.3, 7115.9 词元/秒 /CPU:0

epoch 305: 风 一言无来事 一言无一事 松知无一事 松知无一事 松知无一事 松知无一事 松知无一事 松知无一事 松
困惑度 202.7, 7272.0 词元/秒 /CPU:0

epoch 306: 风 不来不 不阴非 能然万圣之无改 能令全 不时无 能然万 能然浄 能然浄 能然浄 能然浄 能然浄 能
困惑度 204.2, 7386.0 词元/秒 /CPU:0

epoch 307: 风 一山无 勿阴非 能然万 能然垢 能然垢 能然垢 能然垢 能然垢 能然垢 能然垢 能然垢 能然垢 能
困惑度 208.8, 7361.7 词元/秒 /CPU:0

epoch 308: 风 一言无 莫阴非 能然万 能然万 能然万 能然万 能然万 能然万 能然万 能然万 能然万 能然万 能
困惑度 211.4, 7219.2 词元/秒 /CPU:0

epoch 309: 风 一山无 不能非 能然万 能然万 能然万 能然万 能然万 能然万 能然万 能然万 能然万 能然万 能
困惑度 201.9, 7410.5 词元/秒 /CPU:0

epoch 310: 风 一事多 勿能义 光然万 倏然浄 倏然群 倏然群 倏然浄 倏然群 倏然浄 倏然群 倏然浄 倏然群 倏
困惑度 213.8, 7289.8 词元/秒 /CPU:0

epoch 311: 风 一事不来一 今年不为人 山年不无人 山年不无人 山年不无人 山年不无人 山年不无人 山年不无人 山
困惑度 197.6, 7065.4 词元/秒 /CPU:0

epoch 312: 风 一生不中无 今前不为尘 闲间不一事 松间不一事 松间不一事 松间不一事 松间不一事 松间不一事 松
困惑度 202.0, 7021.0 词元/秒 /CPU:0

epoch 313: 风 一生无 不如无 能然万 倏然浄 能然垢 能然垢 倏然垢 能然垢 能然垢 能然垢 能然垢 能然垢 能
困惑度 194.0, 7155.7 词元/秒 /CPU:0

epoch 314: 风 不知不 莫为非 能然万 能然群 能然群 能然群 能然群 能然群 能然群 能然群 能然群 能然群 能
困惑度 216.8, 7004.6 词元/秒 /CPU:0

epoch 315: 风 一言无中不自然 万然无来事自然 争然无来事自然 万然无来事自然 万然无来事自然 万然无来事自然 万
困惑度 215.3, 7032.1 词元/秒 /CPU:0

epoch 316: 风 一言不中无一事 一生多中一自意 一道不中事云事 一道不 不为无 能云万 能念万 能念万 能念万 能
困惑度 213.0, 6828.3 词元/秒 /CPU:0

epoch 317: 风 一事无 勿能无 能使万圣 蓑衣铺峰 官放肚皮 但放肚皮 但放肚皮 但放肚皮 但放肚皮 但放肚皮 但
困惑度 202.5, 7087.8 词元/秒 /CPU:0

epoch 318: 风 不来无 不能无 能弼万 能念群 能念群 能念万 能念群 能念群 能念群 能念群 能念群 能念群 能
困惑度 206.1, 7115.9 词元/秒 /CPU:0

epoch 319: 风 不知无 不能无 能然万 片然万 能然垢 能然万 能然万 能然万 能然万 能然万 能然万 能然万 能
困惑度 204.7, 6817.9 词元/秒 /CPU:0

epoch 320: 风 一片无中无一事 一片无中无一事 一片无中无一事 一片无中无一事 一片无中无一事 一片无中无一事 一
困惑度 201.7, 7230.9 词元/秒 /CPU:0

epoch 321: 风 不知不 不为无 能然万 片然垢 能然群 能然群 能然群 能然群 能然群 能然群 能然群 能然群 能
困惑度 209.0, 7349.6 词元/秒 /CPU:0

epoch 322: 风 不知不 不为无 能然万 能然万 能然万 能然万 能然万 能然万 能然万 能然万 能然万 能然万 能
困惑度 195.1, 7071.0 词元/秒 /CPU:0

epoch 323: 风 一事无 不能耳 能使万 片念万 片然万 片然万 片然万 片然万 片然万 片然万 片然万 片然万 片
困惑度 199.4, 6802.3 词元/秒 /CPU:0

epoch 324: 风 一事无 不能无 能然万 能然群 能然群 能然群 能然群 能然群 能然群 能然群 能然群 能然群 能
困惑度 196.3, 7178.7 词元/秒 /CPU:0

epoch 325: 风 一事不 不为非 能使万 片然枕 能然枕 能然枕 能然枕 能然枕 能然枕 能然枕 能然枕 能然枕 能
困惑度 198.7, 7155.8 词元/秒 /CPU:0

epoch 326: 风 不得不中无心事 或教定中无一事 不知不中无一事 不知定中无一事 不知不中无一事 不知定中无一事 定
困惑度 198.2, 7037.6 词元/秒 /CPU:0

epoch 327: 风 一云不 不为非 能然万 能然群 能然群 能然万 能然群 能然万 能然万 能然群 能然万 能然万 能
困惑度 206.9, 7503.6 词元/秒 /CPU:0

epoch 328: 风 不云不 不为非 能然万 片然万 片然万 片然万 片然万 片然万 片然万 片然万 片然万 片然万 片
困惑度 205.6, 7266.1 词元/秒 /CPU:0

epoch 329: 风 一事云 慧为非 能弼万 片然群 能然群 能然万 能然群 能然万 能然群 能然万 能然群 能然万 能
困惑度 194.4, 7472.3 词元/秒 /CPU:0

epoch 330: 风 一事无 不能非 能阴万 片念万 片念群 片念万 片念万 片念万 片念万 片念万 片念万 片念万 片
困惑度 203.1, 7522.5 词元/秒 /CPU:0

epoch 331: 风 不来何 慧为非 能然万 片然万 片然万 片然万 片然万 片然万 片然万 片然万 片然万 片然万 片
困惑度 199.9, 7196.0 词元/秒 /CPU:0

epoch 332: 风 一来云 不为非 能阴万 片然枕 片然万 片然万 片然万 片然万 片然万 片然万 片然万 片然万 片
困惑度 198.3, 7248.5 词元/秒 /CPU:0

epoch 333: 风 不知不 不阴非 不阴万 片然枕 片然枕 片然枕 片然枕 片然枕 片然枕 片然枕 片然枕 片然枕 片
困惑度 198.0, 7065.4 词元/秒 /CPU:0

epoch 334: 风 一片 或事 或事 一事 一事 一事 或事 一事 一事 或事 一事 一事 或事 一事 一事 或事 一
困惑度 197.2, 7567.1 词元/秒 /CPU:0

epoch 335: 风 不得不知无一事 一事终 不当耳 能弼万圣成无尘 能令全 不定非 能弼万圣成无尘 能令全 不定非 能
困惑度 195.8, 7325.6 词元/秒 /CPU:0

epoch 336: 风 一片无人事 一言更不知 一言无一事 闲知不不人 闲海不不人 闲海不不人 闲海不不人 闲海不不人 闲
困惑度 194.2, 7491.1 词元/秒 /CPU:0

epoch 337: 风 一来无 不能非 能然万 片然枕 片然枕 片然枕 片然枕 片然枕 片然枕 片然枕 片然枕 片然枕 片
困惑度 199.1, 7361.7 词元/秒 /CPU:0

epoch 338: 风 莫来无人事 牛言复称事 寒年无一事 寒海无一事 寒海无一事 寒海无一事 寒海无一事 寒海无一事 寒
困惑度 193.2, 7441.3 词元/秒 /CPU:0

epoch 339: 风 一片无心事 门言无一事 闲知无一事 闲知无一事 闲知无一事 闲知无一事 闲知无一事 闲知无一事 闲
困惑度 192.5, 7554.3 词元/秒 /CPU:0

epoch 340: 风 不知不 不为非 能来万 能然万 能然万 能然万 能然万 能然万 能然万 能然万 能然万 能然万 能
困惑度 187.6, 7579.9 词元/秒 /CPU:0

epoch 341: 风 一生无 慧能无 能然万 片然枕 片然枕 片然万 片然枕 片然枕 片然枕 片然枕 片然枕 片然枕 片
困惑度 199.9, 7522.6 词元/秒 /CPU:0

epoch 342: 风 一片闲道一 泽云不难人 寒年不难人 寒云不难人 寒势不难人 寒云不难人 寒势不难人 寒云不难人 寒
困惑度 198.7, 7491.1 词元/秒 /CPU:0

epoch 343: 风 谁人闲处无 言年天不知 一言无一事 闲海无一事 闲海无一事 闲海无一事 闲海无一事 闲海无一事 闲
困惑度 190.0, 7541.6 词元/秒 /CPU:0

epoch 344: 风 一片无人事 一言无一事 百海无一事 闲海无一事 闲海无一事 闲海无一事 闲海无一事 闲海无一事 闲
困惑度 186.7, 7560.7 词元/秒 /CPU:0

epoch 345: 风 一来无心无 言年不知 百开不来无 言云一径 百开不来无 言云一径 百开不来无 言云一径 百开不来无
困惑度 191.5, 7478.6 词元/秒 /CPU:0

epoch 346: 风 一事从来一 言无一事人 一言不难人 闲年不难人 松年不难人 松年不难人 松年不难人 松年不难人 松
困惑度 182.9, 7503.6 词元/秒 /CPU:0

epoch 347: 风 一片无 不能非 能然万圣之无智 能令全 非定无 能然万 片念垢 片念垢 片念垢 片念垢 片念垢 片
困惑度 202.4, 7535.2 词元/秒 /CPU:0

epoch 348: 风 不然不 不为无 能然万 片然浄 片然浄 片然浄 片然浄 片然浄 片然浄 片然浄 片然浄 片然浄 片
困惑度 195.8, 7522.6 词元/秒 /CPU:0

epoch 349: 风 一生无中事 一言无不人 闲人无一事 闲人无一事 闲人无一事 闲人无一事 闲人无一事 闲人无一事 闲
困惑度 189.4, 7560.7 词元/秒 /CPU:0

epoch 350: 风 万山须 不为无 片云万 片念浄 片念浄 片念浄 片念浄 片念浄 片念浄 片念浄 片念浄 片念浄 片
困惑度 189.7, 7491.1 词元/秒 /CPU:0

epoch 351: 风 一片无一事观  轮开 不如无一事观  轮开一生 一开无一  四有跃 变职玉电 官职掣电 官职掣电 
困惑度 201.0, 7466.1 词元/秒 /CPU:0

epoch 352: 风 一片无心事 言年一为人 寒年不为烟 寒海不为烟 寒海不为烟 寒海不为烟 寒海不为烟 寒海不为烟 寒
困惑度 193.0, 7528.9 词元/秒 /CPU:0

epoch 353: 风 一片云中不 一言不为水 寒山不不人 寒风不不知 寒风不不烟 闲风不不人 寒风不不知 寒风不不烟 闲
困惑度 194.9, 7248.5 词元/秒 /CPU:0

epoch 354: 风 一片不知一 春年一不水 闲人不不人 闲人不不知 闲人不不人 闲人不不知 闲人不不人 闲人不不知 闲
困惑度 197.6, 7478.6 词元/秒 /CPU:0

epoch 355: 风 一事无一事 非言不不知 一言无一事 闲人无一事 闲人无一事 闲人无一事 闲人无一事 闲人无一事 闲
困惑度 191.0, 7497.4 词元/秒 /CPU:0

epoch 356: 风 一片云 不邪非 能然万 片然万 片然万 片然万 片然万 片然万 片然万 片然万 片然万 片然万 片
困惑度 191.3, 7491.1 词元/秒 /CPU:0

epoch 357: 风 一片无中事 门前不为人 百夜不云烟 百来不云烟 百来不云烟 百来不云烟 百来不云烟 百来不云烟 百
困惑度 197.2, 7392.1 词元/秒 /CPU:0

epoch 358: 风 一片云 不能耳 片然被 片然被 片然被 片然被 片然被 片然被 片然被 片然被 片然被 片然被 片
困惑度 185.4, 7392.1 词元/秒 /CPU:0

epoch 359: 风 一片云 不阴非 不然万 不然被 不然被 不然被 不然被 不然被 不然被 不然被 不然被 不然被 不
困惑度 183.6, 7337.6 词元/秒 /CPU:0

epoch 360: 风 一片不 不能非 片念垢 片念垢 片念垢 片念垢 片念垢 片念垢 片念垢 片念垢 片念垢 片念垢 片
困惑度 188.0, 7367.8 词元/秒 /CPU:0

epoch 361: 风 一片无心事 举言无一事 一言无一事 闲知无一事 闲知无一事 松知无一事 松知无一事 松知无一事 松
困惑度 182.3, 7248.5 词元/秒 /CPU:0

epoch 362: 风 一片云 不一非 光然万 片念群 片念群 片念万 片念群 片念万 片念群 片念万 片念群 片念万 片
困惑度 181.5, 7277.9 词元/秒 /CPU:0

epoch 363: 风 一片云中不如事 一片云中无一事 任云终中一法 一生云中事 一言一无人 闲笑一无人 闲笑一无人 闲笑
困惑度 183.9, 7201.8 词元/秒 /CPU:0

epoch 364: 风 一片无人 展甚眉皮 但职掣电 管职掣电 管职掣电 管职掣电 管职掣电 管职掣电 管职掣电 管职掣电
困惑度 190.6, 7207.6 词元/秒 /CPU:0

epoch 365: 风 一片无心事自然 一事无中事自然 一事无心事自然 一片无中无一事 一事无心事自然 云人无中无一事 一
困惑度 179.8, 7361.7 词元/秒 /CPU:0

epoch 366: 风 一片无心事 惟言无一事 一言无一事 不知无一事 不知无一事 不知无一事 不知无一事 不知无一事 不
困惑度 184.0, 7503.6 词元/秒 /CPU:0

epoch 367: 风 一片无余事 举言无一事 一言无一事 心言无一事 山言无一事 山处不无人 一言无一事 山处不无人 一
困惑度 178.9, 7547.9 词元/秒 /CPU:0

epoch 368: 风 一片无余 满目无法 满目青山 但四君山 但四君山 但四君山 但四君山 但四君山 但四君山 但四君山
困惑度 180.3, 7392.1 词元/秒 /CPU:0

epoch 369: 风 一片云 不能非 能雄万 片念枕 片念枕 片念枕 片念枕 片念枕 片念枕 片念枕 片念枕 片念枕 片
困惑度 180.3, 7453.7 词元/秒 /CPU:0

epoch 370: 风 不如无 即能非 能然万 片然万 片然万 片然万 片然万 片然万 片然万 片然万 片然万 片然万 片
困惑度 188.2, 7547.9 词元/秒 /CPU:0

epoch 371: 风 一片无 即能非 光来万 片念枕 片念枕 片念枕 片念枕 片念枕 片念枕 片念枕 片念枕 片念枕 片
困惑度 172.1, 7573.5 词元/秒 /CPU:0

epoch 372: 风 一片无余事 闲将不知人 闲海不难人 闲海不难人 闲海不难人 闲海不难人 闲海不难人 闲海不难人 闲
困惑度 169.6, 7541.6 词元/秒 /CPU:0

epoch 373: 风 一道闲来无一事 韩然终来无 言云一事无 言前天云人 松年天云烟 松萝一日 光开云来无 言前一日人 
困惑度 189.8, 7325.6 词元/秒 /CPU:0

epoch 374: 风 一生无心事 一言无一事 一言无一事 心海无一事 心海无一事 心海无一事 心海无一事 心海无一事 心
困惑度 172.0, 7428.9 词元/秒 /CPU:0

epoch 375: 风 不知 不知 不知 不知 不知 不知 不知 不知 不知 不知 不知 不知 不知 不知 不知 不知 不
困惑度 192.2, 7554.3 词元/秒 /CPU:0

epoch 376: 风 一事无余事 惟前一为人 不知一一事 不知一一事 不知一一事 不知一一事 不知一一事 不知一一事 不
困惑度 187.0, 7541.6 词元/秒 /CPU:0

epoch 377: 风 一事不 光阴非 光阴万 倏然垢 倏然垢 倏然垢 倏然垢 倏然垢 倏然垢 倏然垢 倏然垢 倏然垢 倏
困惑度 171.9, 7277.9 词元/秒 /CPU:0

epoch 378: 风 一言无余事 惟言更 臣能非 不然万 片念垢 不念垢 不念垢 不念垢 片念垢 不念垢 不念垢 不念垢
困惑度 186.2, 7319.6 词元/秒 /CPU:0

epoch 379: 风 一片不知 展开范空 澄潭掣电 澄潭掣电 澄潭掣电 澄潭掣电 澄潭掣电 澄潭掣电 澄潭掣电 澄潭掣电
困惑度 173.2, 7472.3 词元/秒 /CPU:0

epoch 380: 风 一生无余事 一言无一事 松间无一事 松间无一事 松间无一事 松间无一事 松间无一事 松间无一事 松
困惑度 177.9, 7528.9 词元/秒 /CPU:0

epoch 381: 风 不知不 慧为非 能然万 片然万 片然万 片然万 片然万 片然万 片然万 片然万 片然万 片然万 片
困惑度 185.7, 7657.7 词元/秒 /CPU:0

epoch 382: 风 不知何处无余事 闲有虚年一处 万山不是水 寒年一水水 闲处不日水 闲处不日水 闲处不日水 闲处不日
困惑度 186.0, 7670.8 词元/秒 /CPU:0

epoch 383: 风 一片云来一 一言不归人 百年不难人 闲海不难人 闲海不难人 闲海不难人 闲海不难人 闲海不难人 闲
困惑度 167.3, 7441.3 词元/秒 /CPU:0

epoch 384: 风 一片无余事自然 万般闲中无一事 任然终日有无人 云外何处无一事 任然终年有处香 万道闲中无一事 任
困惑度 171.6, 7373.8 词元/秒 /CPU:0

epoch 385: 风 一片无余事自然 万般无余事 门前暂 勿阴如 能然万 片然浄 片然万 片然万 片然万 片然万 片然万
困惑度 178.1, 7567.1 词元/秒 /CPU:0

epoch 386: 风 一片无余 展开范头 震甚刘备 澄什刘备 澄什刘备 澄什刘备 澄什刘备 澄什刘备 澄什刘备 澄什刘备
困惑度 180.2, 7586.3 词元/秒 /CPU:0

epoch 387: 风 一片无余事 惟有不知尘 我年不难尘 我年不难尘 我年不难尘 我年不难尘 我年不难尘 我年不难尘 我
困惑度 179.9, 7567.1 词元/秒 /CPU:0

epoch 388: 风 一片无余事可然 万般闲来无人事 山有更有有山来 云有虚来无一事 任有终有有山归 云日虚来无一事 任
困惑度 167.4, 7560.7 词元/秒 /CPU:0

epoch 389: 风 一片水 一一无 不云万 一念万 一念万 一念万 一念万 一念万 一念万 一念万 一念万 一念万 一
困惑度 173.3, 7554.3 词元/秒 /CPU:0

epoch 390: 风 一片无余事自然 万缘云来无所事 闲云路来一法  般须一 能为一 能然万 倏然群 倏然万 倏然万 倏
困惑度 182.4, 7560.7 词元/秒 /CPU:0

epoch 391: 风 一事闲 莫为非 能然万 倏然群 一念群 倏然群 倏然群 倏然群 倏然群 倏然群 倏然群 倏然群 倏
困惑度 173.9, 7554.3 词元/秒 /CPU:0

epoch 392: 风 一片无余无一事 任山无心事无然 争然无人无所事 韩日无心水云然 万般须后无一事 韩山无心事 举日无
困惑度 183.1, 7547.9 词元/秒 /CPU:0

epoch 393: 风 一片无余事 今日无一事 闲人无一事 闲人无一事 闲人无一事 闲人无一事 闲人无一事 闲人无一事 闲
困惑度 178.4, 7478.6 词元/秒 /CPU:0

epoch 394: 风 一片无余事 牛言不归人 寒人不难  人无一事 心开无一事 争言不无人 寒人不难  言无一事 心开无
困惑度 163.7, 7367.8 词元/秒 /CPU:0

epoch 395: 风 一片云中无一事 任教终年一法  解云闲不更无人 定似云中无一事 任界终年一法 万般不是事 春年来无
困惑度 168.3, 7392.1 词元/秒 /CPU:0

epoch 396: 风 一片无余事 惟前不 臣如不 光然万 倏然浄 倏然浄 倏然浄 倏然浄 倏然浄 倏然浄 倏然浄 倏然浄
困惑度 174.6, 7337.6 词元/秒 /CPU:0

epoch 397: 风 一片无余事 惟言无一事 闲言无一事 闲言无一事 寄言无一事 寄言无一事 寄言无一事 寄言无一事 寄
困惑度 170.1, 7355.7 词元/秒 /CPU:0

epoch 398: 风 一片无余 展开无空 满目君子 管什君兔 管什君兔 管什君兔 管什君兔 管什君兔 管什君兔 管什君兔
困惑度 164.3, 7319.6 词元/秒 /CPU:0

epoch 399: 风 万般不知 展外无法 升外觉法 管外觉法 管什君子 管什君子 管什君子 管什君子 管什君子 管什君子
困惑度 164.7, 7605.6 词元/秒 /CPU:0

epoch 400: 风 一片云 不如无 不然寂 不盖浄 不盖浄 不盖浄 不盖浄 不盖浄 不盖浄 不盖浄 不盖浄 不盖浄 不
困惑度 183.8, 7541.6 词元/秒 /CPU:0

epoch 401: 风 一片 不知 或人 或人 或人 或人 或人 或人 或人 或人 或人 或人 或人 或人 或人 或人 或
困惑度 166.7, 7605.6 词元/秒 /CPU:0

epoch 402: 风 一片无余事可然 一般闲 不同义 能熏万圣之无改 莹令全 非定非 不然万 倏然浄 片念垢 片念垢 片
困惑度 157.7, 7592.7 词元/秒 /CPU:0

epoch 403: 风 一片无余事 举时无一事 寄源无一事 寄知无一事 寄知无一事 寄知无一事 寄知无一事 寄知无一事 寄
困惑度 164.3, 7567.1 词元/秒 /CPU:0

epoch 404: 风 一片无余任 闲国不不知 一言无一事 闲知不无人 荻笋不难心 山源不难事 闲知无一事 闲根不无人 荻
困惑度 163.2, 7573.5 词元/秒 /CPU:0

epoch 405: 风 万然不来一无人 樵然何 莫能耳 光然万 倏然浄 荡然浄 荡然浄 荡然浄 荡然浄 荡然浄 荡然浄 荡
困惑度 154.9, 7516.2 词元/秒 /CPU:0

epoch 406: 风 万事无余事可然 万般须 慧为无明无心事 或即定 慧当无一生 万国无不知 闲言无一事 闲知无一事 闲
困惑度 157.5, 7447.5 词元/秒 /CPU:0

epoch 407: 风 不如无慧事 远年无一事 闲知无一事 闲知无一事 闲知无一事 闲知无一事 闲知无一事 闲知无一事 闲
困惑度 155.8, 7386.0 词元/秒 /CPU:0

epoch 408: 风 不知烟 不为义 能弼万 倏念浄 不念浄 不念心 倏然浄 倏念浄 倏念浄 倏念浄 倏念浄 倏念浄 倏
困惑度 165.5, 7503.6 词元/秒 /CPU:0

epoch 409: 风 一片无余任自然 万般不从心一念 任知不是一法开 任山入 慧当非 能弼万 倏然浄 荡念浄 不念浄 不
困惑度 160.1, 7586.3 词元/秒 /CPU:0

epoch 410: 风 一片无余事 牛年不为人 百年不难心 我峰不难心 我年不难心 我年不难心 我年不难心 我年不难心 我
困惑度 162.2, 7579.9 词元/秒 /CPU:0

epoch 411: 风 一念无知 满开高空 解目月皮 解目君备 解潭君备 解潭君备 解潭君备 解潭君备 解潭君备 解潭君备
困惑度 172.8, 7573.5 词元/秒 /CPU:0

epoch 412: 风 一言无余事可然 万般不是心 石将不知心 百年无一事 不知无一事 不知无一事 不知无一事 不知无一事
困惑度 156.9, 7554.3 词元/秒 /CPU:0

epoch 413: 风 一片无余任 举言 三人无余事 一言 不知 一念无余任 一言无一事 不知无一事 不知无一事 不知无一
困惑度 178.2, 7528.9 词元/秒 /CPU:0

epoch 414: 风 一片无余 自然无法 满目高兔 管四君睡 管什君兔 管四君兔 管四君兔 管四君兔 管四君兔 管四君兔
困惑度 156.9, 7586.3 词元/秒 /CPU:0

epoch 415: 风 一言无余 闷开青空 震言刘备 管言刘备 管言君备 管言君备 管言君备 管言君备 管言君备 管言君备
困惑度 156.8, 7547.9 词元/秒 /CPU:0

epoch 416: 风 一言无余事 高前不是狂 一言无一事 不知无一事 闲知入日月 一言入不知 一言入不知 闲人不不知 一
困惑度 165.9, 7554.3 词元/秒 /CPU:0

epoch 417: 风 一言无余任 惟前不知心 远年不难心 至人不难心 至人不难心 至人不难心 至人不难心 至人不难心 至
困惑度 171.9, 7567.1 词元/秒 /CPU:0

epoch 418: 风 一片闲来一径开 万事不到是山得 一事可光一事通 万事不到是山前 一事可光一事通 万事不到是山 一事
困惑度 170.6, 7547.9 词元/秒 /CPU:0

epoch 419: 风 一片无余任自然 般若不 非为无 变然寂 片念垢 荡念垢 荡念垢 荡念垢 荡念垢 荡念垢 荡念垢 荡
困惑度 163.5, 7592.7 词元/秒 /CPU:0

epoch 420: 风 一片无事无所事 任教路 一念相 能然万 倏然枕 片念枕 倏念枕 倏念枕 倏念枕 倏念枕 倏念枕 倏
困惑度 161.6, 7355.7 词元/秒 /CPU:0

epoch 421: 风 一片无余任 惟前乃 臣当一 能然万 片念枕 片念枕 片念枕 片念枕 片念枕 片念枕 片念枕 片念枕
困惑度 163.3, 7447.5 词元/秒 /CPU:0

epoch 422: 风 一片无余任 惟言不从一 一言亦不知 闲笑不知心 我笑不知心 我笑不知心 我笑不知心 我笑不知心 我
困惑度 158.4, 7541.6 词元/秒 /CPU:0

epoch 423: 风 一片云 莫为无 能能擘 倏念浄 能念垢 荡念浄 荡念浄 荡念浄 荡念浄 荡念浄 荡念浄 荡念浄 荡
困惑度 158.4, 7541.6 词元/秒 /CPU:0

epoch 424: 风 一片泉 不同义 能弼万 不然被 不念枕 不念枕 不念枕 不念枕 不念枕 不念枕 不念枕 不念枕 不
困惑度 159.2, 7535.2 词元/秒 /CPU:0

epoch 425: 风 一片泉光白云开 不知闲花无余事 举界路 一当不从无心事 须教定 一当非 能现万圣无心水 或即慧定非
困惑度 144.9, 7254.3 词元/秒 /CPU:0

epoch 426: 风 一片云寄天云来 自然云 慧为耳 能孕万圣成佛智 一念回 非诸非 倘云万圣成佛智 一念回 非诸非 倘
困惑度 160.8, 7277.9 词元/秒 /CPU:0

epoch 427: 风 一片无余任 举前来无人 荻则本无人 荻笋本无人 荻笋本无人 荻笋本无人 荻笋本无人 荻笋本无人 荻
困惑度 149.2, 7592.7 词元/秒 /CPU:0

epoch 428: 风 不如心 不如心 不盖心 片石浄 荡念浄 荡念浄 荡念浄 荡念浄 荡念浄 荡念浄 荡念浄 荡念浄 荡
困惑度 140.8, 7535.2 词元/秒 /CPU:0

epoch 429: 风 不知心中不 心年不知心 百年不知心 松时不知心 松时不知心 松时不知心 松时不知心 松时不知心 松
困惑度 142.2, 7491.1 词元/秒 /CPU:0

epoch 430: 风 不知无余无余通 举教停 一念无余 不目铺来 震什掣来 管什掣来 管什掣来 管什掣来 管什掣来 管什
困惑度 157.9, 7554.3 词元/秒 /CPU:0

epoch 431: 风 一言无余棹 举前乃为白 一言无一  祗人 不知心处不如心 更然远 不为义 能然一体无二昏 能即之 
困惑度 162.7, 7325.6 词元/秒 /CPU:0

epoch 432: 风 不如心上不可心 不知心上不可心 不知尘上作道门 无心水 似双耳 能然万 不盖枕 片然枕 倏然枕 倏
困惑度 159.3, 7484.8 词元/秒 /CPU:0

epoch 433: 风 一片无余事自然 一片无余事自然 一片闲来无一念 翛界路来一法开 一片无余事自然 一片无余事自然 一
困惑度 153.4, 7541.6 词元/秒 /CPU:0

epoch 434: 风 一言无余亦自然 一景闲 莫能无一无那畔 或即定 莫当无一无那畔 或即定 顿一法 能然万 片然被 片
困惑度 163.6, 7586.3 词元/秒 /CPU:0

epoch 435: 风 不如无明事 惟国嘉归白 闲处无所色 松萝嘉藓 百开 不如心 不阴心 不然心 片然垢 片然垢 片然垢
困惑度 149.3, 7509.9 词元/秒 /CPU:0

epoch 436: 风 一言云 不同耳 能阴一体无二头 定即两 非诸不 能阴一生无二头 定即两 非诸不 能阴一生无二头 定
困惑度 152.3, 7547.9 词元/秒 /CPU:0

epoch 437: 风 不知不知 草开无法 升目青山 管什有来 管什有来 管什有来 管什有来 管什有来 管什有来 管什有来
困惑度 141.0, 7599.2 词元/秒 /CPU:0

epoch 438: 风 一片无寄物 惟国不是知 一言无一事 寄知无一事 寄知无一事 寄知无一事 寄知无一事 寄知无一事 寄
困惑度 138.9, 7560.7 词元/秒 /CPU:0

epoch 439: 风 一片云 不同不 能吞万 片念枕 片念枕 片念枕 片念枕 片念枕 片念枕 片念枕 片念枕 片念枕 片
困惑度 136.3, 7560.7 词元/秒 /CPU:0

epoch 440: 风 一片泉中白云中 自然一事无心处 任缘路日一法闲 自然无余事可然 景笑闲中为 一言人 白云一物无心畔
困惑度 146.7, 7528.9 词元/秒 /CPU:0

epoch 441: 风 一片无余任 惟国无一事 寄知无一事 寄知无一事 寄知无一事 寄知无一事 寄知无一事 寄知无一事 寄
困惑度 150.4, 7541.6 词元/秒 /CPU:0

epoch 442: 风 一片无余任道然 般山有见道无依 云外双花和有山 云缘须心一水通 但缘无心事姓然 景开云见道无依 云
困惑度 155.4, 7547.9 词元/秒 /CPU:0

epoch 443: 风 一片无余棹 惟日无一事 寄知 一言 寄知无明 升外无生 升外玉德 但四肚备 官四掣备 官四掣备 官
困惑度 153.7, 7554.3 词元/秒 /CPU:0

epoch 444: 风 一片云中自有天 唯时一点无心  轮开 一念无心亦 惟国嘉山  松人 一念无心亦 惟国嘉山  泽人 
困惑度 146.5, 7560.7 词元/秒 /CPU:0

epoch 445: 风 不知此处无余事 数界路 一当相 能阴如 不盖心 不盖心 不盖心 不盖心 不盖心 不盖心 不盖心 不
困惑度 147.1, 7535.2 词元/秒 /CPU:0

epoch 446: 风 一片无余任自然 万般不从心自得 浮心闲来无一事 金山前来一处闲 园利不从心 又言不归心 百年无一事
困惑度 143.9, 7478.6 词元/秒 /CPU:0

epoch 447: 风 一片回光尽 牛将暂山 心开吾山 震四君备 管四君备 管四君备 管四君备 管四君备 管四君备 管四君
困惑度 139.4, 7355.7 词元/秒 /CPU:0

epoch 448: 风 一言无余棹 惟国乃为有 闲思无一事 寄知无一事 寄知无一事 寄知无一事 寄知无一事 寄知无一事 寄
困惑度 140.3, 7349.6 词元/秒 /CPU:0

epoch 449: 风 一言无余任 惟日不关心 一言寤不知 闲思不知心 水更不知事 心人不不知 闲思不不知 闲思不不知 闲
困惑度 137.1, 7497.4 词元/秒 /CPU:0

epoch 450: 风 一片回教入自然 万般从来事自然 一片云心入自然 万般从来事自然 一片回心画自然 万般须心事自然 一
困惑度 139.5, 7410.5 词元/秒 /CPU:0

epoch 451: 风 一片回从 一言人 莫当无一无那畔 或即定 非定非 千云万处无心水 或禽两 非当非 千云万处无心头 
困惑度 137.3, 7453.7 词元/秒 /CPU:0

epoch 452: 风 一言无寄棹 举将无一事 惟源不是心 烧年无一事 寄源无一事 寄源无一事 寄源无一事 寄源无一事 寄
困惑度 137.2, 7172.9 词元/秒 /CPU:0

epoch 453: 风 一片泉光白云朝 万般闲有事 石云上 臣能义 能使万 不盖心 不盖心 不盖心 不盖心 不盖心 不盖心
困惑度 134.9, 7343.6 词元/秒 /CPU:0

epoch 454: 风 一片无余任 举言无一事 举国嘉年已 烧色无人翦 松言无一事 寄知嘉年见 人海无人翦 松言无一事 寄
困惑度 140.8, 7331.6 词元/秒 /CPU:0

epoch 455: 风 一片无寄白云意 一般无余棹 举云暂 一念无 自然无 不能被 不念心 不念心 不念心 不念心 不念心
困惑度 131.5, 7301.7 词元/秒 /CPU:0

epoch 456: 风 一片回光卧云朝 万般须是归云  若一法 不同义 不能心 不盖心 不盖心 不卧心 不盖心 不盖心 不
困惑度 134.2, 7373.8 词元/秒 /CPU:0

epoch 457: 风 不知心 不能心 妄雄万 片念枕 片念垢 片念枕 片念枕 片念枕 片念枕 片念枕 片念枕 片念枕 片
困惑度 129.0, 7522.5 词元/秒 /CPU:0

epoch 458: 风 一片回光 闷开不知 岳耸云来 官四掣电 官四掣电 官四掣电 官四掣电 官四掣电 官四掣电 官四掣电
困惑度 120.9, 7491.1 词元/秒 /CPU:0

epoch 459: 风 一言回 一言无慧 暗目铺 一言相 能然万 倏然浄 能然群 能然群 荡然群 荡然群 荡然群 荡然群 
困惑度 130.3, 7478.6 词元/秒 /CPU:0

epoch 460: 风 不知心上不如忘 唯然须为千年明 云朝山月千山月 一片荣 万为无一事 寄国不得尘 明天不难人 明天不
困惑度 122.6, 7435.1 词元/秒 /CPU:0

epoch 461: 风 一片泉 不同心 不云心 不盖心 不盖心 不盖心 不盖心 不盖心 不盖心 不盖心 不盖心 不盖心 不
困惑度 130.5, 7410.5 词元/秒 /CPU:0

epoch 462: 风 一生万中不可关 万般须中不可心 从来祇处不可尊 一片云中不可然 一念云中不可身 一念云中不可玄 一
困惑度 122.8, 7082.2 词元/秒 /CPU:0

epoch 463: 风 一片回 一法无 自然万 倏然浄 一念万 觉然万 不来心 不援心 倏然万 倏然万 荡念万 倏然万 倏
困惑度 126.5, 6907.3 词元/秒 /CPU:0

epoch 464: 风 一片云光天 牛悠来石人 远花归无人 荻笋抽难烟 山人复无人 荻笋抽难烟 山人复无人 荻笋抽难烟 山
困惑度 137.4, 7398.2 词元/秒 /CPU:0

epoch 465: 风 一片无余棹 惟国乃垂 闷下吾 纯入相 能使万 倏盖被 荡盖枕 荡盖被 倏盖枕 荡盖枕 荡盖枕 荡盖
困惑度 134.7, 7478.6 词元/秒 /CPU:0

epoch 466: 风 一片云中一法通 万缘无心别 惟前嘉来一处通 羸锁无心处可关 既地远处为上界 万般云中更无路 槛门远
困惑度 128.1, 7398.2 词元/秒 /CPU:0

epoch 467: 风 一片无余棹 惟国不关梦 百年无一事 寄将不关心 百年无一事 寄将不关心 百年无一事 寄将不关心 百
困惑度 123.3, 7343.6 词元/秒 /CPU:0

epoch 468: 风 一片无余棹自然 万般有道 非外 或坐不从心 一言东江门 百指归云 百开 或然不从心 一言东江门 百
困惑度 128.3, 7453.7 词元/秒 /CPU:0

epoch 469: 风 一片咏 白云直 觉来无一片那  般而一生无 散有高 唯能一 法然万 荡念垢 荡念垢 片念垢 片念垢
困惑度 128.3, 7132.9 词元/秒 /CPU:0

epoch 470: 风 一片云教白云乡 万般须处不如贫 一片云里白云乡 万般从为云 远月一径人 名有不关人 石间无一事 寄
困惑度 130.5, 7093.4 词元/秒 /CPU:0

epoch 471: 风 一片万教称云朝 万般不可忘山月 一事无余棹自然 万般不是波山月 一事无余棹自然 万般不是波山月 一
困惑度 126.8, 7150.0 词元/秒 /CPU:0

epoch 472: 风 一片无余棹 惟国不关心 草更无所翦 寄知嘉藓客 不知无所翦 寄言嘉关客 不知无所翦 寄言嘉关客 不
困惑度 119.8, 7150.0 词元/秒 /CPU:0

epoch 473: 风 一片咏 万意无一事 寄国不知 自开云中 三外高睡 暂雷有来 官四有来 官四有来 官四有来 官四有来
困惑度 120.2, 7301.7 词元/秒 /CPU:0

epoch 474: 风 一片咏 白云分 能然万 荡然浄 荡念垢 荡然浄 荡然浄 荡然浄 荡然浄 荡然浄 荡然浄 荡然浄 荡
困惑度 114.8, 7386.0 词元/秒 /CPU:0

epoch 475: 风 一言可翥白云朝 万般从来无所通 任缘唯日一法香 散人无一事 惟国不知一 回云一径人 松根不关人 一
困惑度 113.6, 6849.1 词元/秒 /CPU:0

epoch 476: 风 一片云怀白云乡 谁知古上无余事 今日嘉日一处香 羸利不到知 又自寒花水 石风天无人 荻笋抽难  须
困惑度 121.3, 7132.9 词元/秒 /CPU:0

epoch 477: 风 一片泉翥白云乡 万般门中无二事 举教路抟有波瓶 万地须 莫能耳 能翻心圣成无改 莹令琉璃证定门 倏
困惑度 113.0, 7099.0 词元/秒 /CPU:0

epoch 478: 风 一片无余棹自然 万般无余事自然 既知远 不思义 能弼心 不盖被 不盖心 不盖心 不盖心 不盖心 不
困惑度 125.0, 6194.8 词元/秒 /CPU:0

epoch 479: 风 一念回翥各自然 万般云水云中明 浮云云藏无所意 任界嘉锡有处归 空利不到翻 又甚上不知 晚年归江穴
困惑度 114.0, 7346.1 词元/秒 /CPU:0

epoch 480: 风 一言无余任自然 万般却为无所意 闲携路抟一法来 羸锁无心别自然 举笑远月一点人 樵人无所重 惟日入
困惑度 117.8, 7015.5 词元/秒 /CPU:0

epoch 481: 风 不如臣 不如义 不卧心圣之无改 莹令琉璃证 门中无一事 寄知嘉有白 烧知天有天 闲知亦是真 须知无
困惑度 121.8, 7172.9 词元/秒 /CPU:0

epoch 482: 风 一片回光知 悠悠来无人 荻笋抽难节 闲人本无人 荻笋抽难节 炉知天无人 荻笋抽难节 炉知天无人 荻
困惑度 118.8, 7289.8 词元/秒 /CPU:0

epoch 483: 风 一片回翥白云乡 自然身道无余事 任携路抟有法场 空然不可心中得 一片回腾白云朝 自然身事无余事 任
困惑度 118.8, 7138.6 词元/秒 /CPU:0

epoch 484: 风 不知此处 展人无法 满目青山 但潭有来 但职有来 但四有来 但四有来 但四有来 但四有来 但四有来
困惑度 103.9, 7099.0 词元/秒 /CPU:0

epoch 485: 风 一片无余任 举国乃垂一 闲思一法水 闲合无一水 寄共驱藓一 闲思不觉  泽无一事可 万般无限翦 惟
困惑度 123.4, 6891.3 词元/秒 /CPU:0

epoch 486: 风 一片泉翥白云乡 万般从来无所事 任缘路锡一景来 水锁来行自有天 更心闲事望山年 一事无余棹自然 万
困惑度 108.1, 7043.2 词元/秒 /CPU:0

epoch 487: 风 一片回 一法无一事 惟源不来知 一言无一事 寄源不得知 一言无一事 寄源不得知 一言无一事 寄源不
困惑度 100.6, 7021.1 词元/秒 /CPU:0

epoch 488: 风 一片回翥白云朝 万般不从心外明 一片无余任自然 万般闲后道不到 一片无余棹自然 万般闲后道不到 一
困惑度 103.5, 7121.6 词元/秒 /CPU:0

epoch 489: 风 一片泉光 自然枯事 展言人头 但雷觉来 三四觉来 三四觉来 三四觉来 三四觉来 三四觉来 三四觉来
困惑度 109.9, 7219.2 词元/秒 /CPU:0

epoch 490: 风 一言回教 后开范头 解言云空 但放掣备 官四掣备 官四掣备 官四掣备 官四掣备 官四掣备 官四掣备
困惑度 104.0, 7115.9 词元/秒 /CPU:0

epoch 491: 风 一片无余棹 来将暂 数意相 倘然擘 倏然垢 倏然垢 倏然垢 倏然垢 倏然垢 倏然垢 倏然垢 倏然垢
困惑度 109.1, 7184.5 词元/秒 /CPU:0

epoch 492: 风 一片泉 白云无一片 银河不无心 荻笋浮云烟 炉人无一事 寄河不得心 一生兼千 但开云头 解雷掣皮 
困惑度 103.9, 7172.9 词元/秒 /CPU:0

epoch 493: 风 一言无余棹自然 般若陶 莫虚修 光性万 倏然浄 片念浄 片念浄 片念浄 片念浄 片念浄 片念浄 片
困惑度 93.0, 7254.3 词元/秒 /CPU:0

epoch 494: 风 一片咏 白云无别 不将青 莫能量 勿吞万 倏然浄 荡念被 荡念垢 倏念垢 荡念垢 荡念垢 荡念垢 
困惑度 96.2, 7121.6 词元/秒 /CPU:0

epoch 495: 风 一片回光白云朝 万般云中更 寒鱼扫王白 一言寤王门 百年复天 百开 或却烟 制诸非 倘然灵 倏然浄
困惑度 98.2, 7093.4 词元/秒 /CPU:0

epoch 496: 风 一片泉 万法无一 升然功 不能量 片盖擘 倏然浄 荡念浄 倏念浄 片念浄 片念浄 片念浄 片念浄 
困惑度 91.8, 7361.7 词元/秒 /CPU:0

epoch 497: 风 一言泉光休 悠悠来去与 水云来无人 荻笋浮难烟 山前不是玄 来更不可玄 一言兼江 心开云中无一事 
困惑度 117.6, 7379.9 词元/秒 /CPU:0

epoch 498: 风 一言无余任自然 既教远处无所通 寂缘路日有道归 心明何处不可忘 从来祇处无余处 任教停日有道归 心
困惑度 113.5, 7331.6 词元/秒 /CPU:0

epoch 499: 风 一片泉 隔一法 非然地 片云垢 荡念垢 片云垢 荡念垢 荡念垢 荡念垢 荡念垢 荡念垢 荡念垢 荡
困惑度 108.1, 7428.9 词元/秒 /CPU:0

