{"model": "RNN", "dataset": "chinese-poetry", "batch_size": 32, "num_steps": 35, "num_hiddens": 512, "num_epochs": 20, "lr": 1}epoch 0: 雨                                                  
困惑度 5745.5, 5881.0 词元/秒 /CPU:0
epoch 1: 雨                                                  
困惑度 9691.8, 7466.1 词元/秒 /CPU:0
epoch 2: 雨                                                  
困惑度 15460.7, 7528.9 词元/秒 /CPU:0
epoch 3: 雨  无无无无无无无无无无无无无无无无无无无无无无无无无无无无无无无无无无无无无无无无无无无无无无无无
困惑度 3095.2, 7638.1 词元/秒 /CPU:0
epoch 4: 雨  无无无无无无无无无无无无无无无无无无无无无无无无无无无无无无无无无无无无无无无无无无无无无无无无
困惑度 1958.5, 7579.9 词元/秒 /CPU:0
epoch 5: 雨 无无无无无无无无无无无无无无无无无无无无无无无无无无无无无无无无无无无无无无无无无无无无无无无无无
困惑度 1641.7, 7586.3 词元/秒 /CPU:0
epoch 6: 雨   无无无无无无无无无无无无无无无无无无无无无无无无无无无无无无无无无无无无无无无无无无无无无无无
困惑度 2623.7, 7618.6 词元/秒 /CPU:0
epoch 7: 雨   无无无无无无无无无无无无无无无无无无无无无无无无无无无无无无无无无无无无无无无无无无无无无无无
困惑度 2579.1, 7592.7 词元/秒 /CPU:0
epoch 8: 雨 一一一一一一一一一一一一一一一一一一一一一一一一一一一一一一一一一一一一一一一一一一一一一一一一一
困惑度 1347.1, 7618.6 词元/秒 /CPU:0
epoch 9: 雨 无无无无无无无无无无无无无无无无无无无无无无无无无无无无无无无无无无无无无无无无无无无无无无无无无
困惑度 1203.7, 7541.6 词元/秒 /CPU:0
epoch 10: 雨   无无无无无无无无无无无无无无无无无无无无无无无无无无无无无无无无无无无无无无无无无无无无无无无
困惑度 1775.8, 7651.1 词元/秒 /CPU:0
epoch 11: 雨 无无无无无无无无无无无无无无无无无无无无无无无无无无无无无无无无无无无无无无无无无无无无无无无无无
困惑度 1117.4, 7618.6 词元/秒 /CPU:0
epoch 12: 雨  无无无无无无无无无无无无无无无无无无无无无无无无无无无无无无无无无无无无无无无无无无无无无无无无
困惑度 1074.3, 7612.1 词元/秒 /CPU:0
epoch 13: 雨  无无无无无无无无无无无无无无无无无无无无无无无无无无无无无无无无无无无无无无无无无无无无无无无无
困惑度 1089.4, 7631.6 词元/秒 /CPU:0
epoch 14: 雨  无无无无无无无无无无无无无无无无无无无无无无无无无无无无无无无无无无无无无无无无无无无无无无无无
困惑度 1113.0, 7625.1 词元/秒 /CPU:0
epoch 15: 雨  无无无无无无无无无无无无无无无无无无无无无无无无无无无无无无无无无无无无无无无无无无无无无无无无
困惑度 1029.5, 7592.7 词元/秒 /CPU:0
epoch 16: 雨  无无无无无无无无无无无无无无无无无无无无无无无无无无无无无无无无无无无无无无无无无无无无无无无无
困惑度 1101.5, 7586.3 词元/秒 /CPU:0
epoch 17: 雨 无无无无无无无无无无无无无无无无无无无无无无无无无无无无无无无无无无无无无无无无无无无无无无无无无
困惑度 1154.2, 7605.6 词元/秒 /CPU:0
epoch 18: 雨  不不不不不不不不不不不不不不不不不不不不不不不不不不不不不不不不不不不不不不不不不不不不不不不不
困惑度 996.1, 7612.1 词元/秒 /CPU:0
epoch 19: 雨   无无无无无无无无无无无无无无无无无无无无无无无无无无无无无无无无无无无无无无无无无无无无无无无
困惑度 1047.1, 7612.1 词元/秒 /CPU:0
