{
    "model": "RNN",
    "dataset": "chinese-poetry",
    "batch_size": 32,
    "num_steps": 35,
    "num_hiddens": 512,
    "num_epochs": 500,
    "lr": 1
}epoch 0: 雨                                                  
困惑度 5742.4, 5891.4 词元/秒 /CPU:0
epoch 1: 雨                                                  
困惑度 9625.7, 7509.9 词元/秒 /CPU:0
epoch 2: 雨                                                  
困惑度 10145.6, 7503.6 词元/秒 /CPU:0
epoch 3: 雨 无无无无无无无无无无无无无无无无无无无无无无无无无无无无无无无无无无无无无无无无无无无无无无无无无
困惑度 2403.6, 7651.1 词元/秒 /CPU:0
epoch 4: 雨  一一一一一一一一一一一一一一一一一一一一一一一一一一一一一一一一一一一一一一一一一一一一一一一一
困惑度 2172.3, 7644.6 词元/秒 /CPU:0
epoch 5: 雨 无无无无无无无无无无无无无无无无无无无无无无无无无无无无无无无无无无无无无无无无无无无无无无无无无
困惑度 1613.8, 7664.2 词元/秒 /CPU:0
epoch 6: 雨 一一一一一一一一一一一一一一一一一一一一一一一一一一一一一一一一一一一一一一一一一一一一一一一一一
困惑度 1453.1, 7690.6 词元/秒 /CPU:0
epoch 7: 雨   无无无无无无无无无无无无无无无无无无无无无无无无无无无无无无无无无无无无无无无无无无无无无无无
困惑度 2134.6, 7651.1 词元/秒 /CPU:0
epoch 8: 雨  无无无无无无无无无无无无无无无无无无无无无无无无无无无无无无无无无无无无无无无无无无无无无无无无
困惑度 1581.1, 7657.7 词元/秒 /CPU:0
epoch 9: 雨 无无无无无无无无无无无无无无无无无无无无无无无无无无无无无无无无无无无无无无无无无无无无无无无无无
困惑度 1192.4, 7644.6 词元/秒 /CPU:0
epoch 10: 雨  无无无无无无无无无无无无无无无无无无无无无无无无无无无无无无无无无无无无无无无无无无无无无无无无
困惑度 1137.8, 7631.6 词元/秒 /CPU:0
epoch 11: 雨                                                  
困惑度 1307.6, 7625.1 词元/秒 /CPU:0
epoch 12: 雨 不不不不不不不不不不不不不不不不不不不不不不不不不不不不不不不不不不不不不不不不不不不不不不不不不
困惑度 1162.5, 7664.3 词元/秒 /CPU:0
epoch 13: 雨                                                  
困惑度 1037.3, 7651.1 词元/秒 /CPU:0
epoch 14: 雨 不不不不不不不不不不不不不不不不不不不不不不不不不不不不不不不不不不不不不不不不不不不不不不不不不
困惑度 1166.9, 7670.8 词元/秒 /CPU:0
epoch 15: 雨 无无无无无无无无无无无无无无无无无无无无无无无无无无无无无无无无无无无无无无无无无无无无无无无无无
困惑度 1140.6, 7657.7 词元/秒 /CPU:0
epoch 16: 雨    不 不 不 不 不 不 不 不 不 不 不 不 不 不 不 不 不 不 不 不 不 不 不 
困惑度 1055.1, 7657.7 词元/秒 /CPU:0
epoch 17: 雨 无无无无无无无无无无无无无无无无无无无无无无无无无无无无无无无无无无无无无无无无无无无无无无无无无
困惑度 963.0, 7638.1 词元/秒 /CPU:0
epoch 18: 雨  不不不不不不不不不不不不不不不不不不不不不不不不不不不不不不不不不不不不不不不不不不不不不不不不
困惑度 964.9, 7631.6 词元/秒 /CPU:0
epoch 19: 雨  无无无无无无无无无无无无无无无无无无无无无无无无无无无无无无无无无无无无无无无无无无无无无无无无
困惑度 994.3, 7651.1 词元/秒 /CPU:0
epoch 20: 雨  一一一一一一一一一一一一一一一一一一一一一一一一一一一一一一一一一一一一一一一一一一一一一一一一
困惑度 969.9, 7560.7 词元/秒 /CPU:0
epoch 21: 雨   无无无无无无无无无无无无无无无无无无无无无无无无无无无无无无无无无无无无无无无无无无无无无无无
困惑度 943.5, 7567.1 词元/秒 /CPU:0
epoch 22: 雨  无无无无无无无无无无无无无无无无无无无无无无无无无无无无无无无无无无无无无无无无无无无无无无无无
困惑度 963.1, 7638.1 词元/秒 /CPU:0
epoch 23: 雨  一无一无一无无无无无无无无无无无无无无无无无无无无无无无无无无无无无无无无无无无无无无无无无无无
困惑度 910.8, 7644.6 词元/秒 /CPU:0
epoch 24: 雨  无 无 无 无 无 无 无 无 无 无 无 无 无 无 无 无 无 无 无 无 无 无 无 无 
困惑度 816.7, 7664.3 词元/秒 /CPU:0
epoch 25: 雨 无无无无无无无无无无无无无无无无无无无无无无无无无无无无无无无无无无无无无无无无无无无无无无无无无
困惑度 815.1, 7657.7 词元/秒 /CPU:0
epoch 26: 雨                                                  
困惑度 1330.9, 7657.7 词元/秒 /CPU:0
epoch 27: 雨                                                  
困惑度 897.9, 7528.9 词元/秒 /CPU:0
epoch 28: 雨                                                  
困惑度 815.8, 7522.6 词元/秒 /CPU:0
epoch 29: 雨                                                  
困惑度 877.8, 7599.2 词元/秒 /CPU:0
epoch 30: 雨 无无无无无无无无无无无无无无无无无无无无无无无无无无无无无无无无无无无无无无无无无无无无无无无无无
困惑度 890.7, 7599.2 词元/秒 /CPU:0
epoch 31: 雨                                                  
困惑度 852.6, 7612.1 词元/秒 /CPU:0
epoch 32: 雨 一不不不不不不不不不不不不不不不不不不不不不不不不不不不不不不不不不不不不不不不不不不不不不不不不
困惑度 820.0, 7644.6 词元/秒 /CPU:0
epoch 33: 雨                                                  
困惑度 721.6, 7631.6 词元/秒 /CPU:0
epoch 34: 雨  不无不无无无无无无无无无无无无无无无无无无无无无无无无无无无无无无无无无无无无无无无无无无无无无
困惑度 771.8, 7573.5 词元/秒 /CPU:0
epoch 35: 雨 一无无无无无无无无无无无无无无无无无无无无无无无无无无无无无无无无无无无无无无无无无无无无无无无无
困惑度 844.9, 6238.2 词元/秒 /CPU:0
epoch 36: 雨  一无无无无无无无无无无无无无无无无无无无无无无无无无无无无无无无无无无无无无无无无无无无无无无无
困惑度 723.0, 7283.8 词元/秒 /CPU:0
epoch 37: 雨                                                  
困惑度 826.3, 7638.1 词元/秒 /CPU:0
epoch 38: 雨                                                  
困惑度 749.2, 7503.6 词元/秒 /CPU:0
epoch 39: 雨                                                  
困惑度 768.4, 7664.3 词元/秒 /CPU:0
epoch 40: 雨                                                  
困惑度 815.4, 7651.2 词元/秒 /CPU:0
epoch 41: 雨                                                  
困惑度 729.8, 7618.6 词元/秒 /CPU:0
epoch 42: 雨                                                  
困惑度 767.7, 7579.9 词元/秒 /CPU:0
epoch 43: 雨                                                  
困惑度 707.2, 7567.1 词元/秒 /CPU:0
epoch 44: 雨                                                  
困惑度 756.8, 7441.3 词元/秒 /CPU:0
epoch 45: 雨                                                  
困惑度 769.8, 7677.4 词元/秒 /CPU:0
epoch 46: 雨                                                  
困惑度 725.2, 7684.0 词元/秒 /CPU:0
epoch 47: 雨                                                  
困惑度 738.3, 7710.5 词元/秒 /CPU:0
epoch 48: 雨                                                  
困惑度 733.6, 7435.1 词元/秒 /CPU:0
epoch 49: 雨                                                  
困惑度 736.2, 7478.6 词元/秒 /CPU:0
epoch 50: 雨                                                  
困惑度 710.2, 6626.1 词元/秒 /CPU:0
epoch 51: 雨 一人无无无无无无无无无无无无无无无无无无无无无无无无无无无无无无无无无无无无无无无无无无无无无无无
困惑度 694.0, 7201.8 词元/秒 /CPU:0
epoch 52: 雨   一 一 一 一 一 一 一 一 一 一 一 一 一 一 一 一 一 一 一 一 一 一 一 一
困惑度 679.0, 7132.9 词元/秒 /CPU:0
epoch 53: 雨     一 一 一 一 一 一 一 一 一 一 一 一 一 一 一 一 一 一 一 一 一 一 一
困惑度 676.9, 7422.8 词元/秒 /CPU:0
epoch 54: 雨                                                  
困惑度 716.9, 7355.7 词元/秒 /CPU:0
epoch 55: 雨                                                  
困惑度 704.7, 7404.3 词元/秒 /CPU:0
epoch 56: 雨                                                  
困惑度 696.9, 7178.7 词元/秒 /CPU:0
epoch 57: 雨                                                  
困惑度 685.0, 6735.8 词元/秒 /CPU:0
epoch 58: 雨                                                  
困惑度 626.4, 7441.3 词元/秒 /CPU:0
epoch 59: 雨                                                  
困惑度 705.3, 7516.2 词元/秒 /CPU:0
epoch 60: 雨 一来无中无中无来无无无无无无无无无无无无无无无无无无无无无无无无无无无无无无无无无无无无无无无无无
困惑度 652.2, 7573.5 词元/秒 /CPU:0
epoch 61: 雨 一来无来无来无 一来不来无来无 一 一来无来无来无 一 一来无来无中无 一 一来无来无中无 一 一
困惑度 635.1, 7289.8 词元/秒 /CPU:0
epoch 62: 雨 一 一 一 一 一 一 一 一 一 一 一 一 一 一 一 一 一 一 一 一 一 一 一 一 一
困惑度 643.5, 7099.0 词元/秒 /CPU:0
epoch 63: 雨   一 一 一 一 一 一 一 一 一 一 一 一 一 一 一 一 一 一 一 一 一 一 一 一
困惑度 674.3, 7618.6 词元/秒 /CPU:0
epoch 64: 雨             一 一 一 一 一 一 一 一 一 一 一 一 一 一 一 一 一 一 一
困惑度 602.8, 7560.7 词元/秒 /CPU:0
epoch 65: 雨                                                  
困惑度 581.1, 7260.2 词元/秒 /CPU:0
epoch 66: 雨                                                  
困惑度 589.0, 7307.6 词元/秒 /CPU:0
epoch 67: 雨                                                  
困惑度 598.5, 7664.2 词元/秒 /CPU:0
epoch 68: 雨 一云不山一 一云不山一 一云不山一 一云不山一 一云不山一 一云不山一 一云不山一 一云不山一 一
困惑度 588.6, 7625.1 词元/秒 /CPU:0
epoch 69: 雨 一然不中无 一然不来无 一然不中无 一然不中无 一然不中无 一然不中无 一然不中无 一然不中无 一
困惑度 645.8, 7337.6 词元/秒 /CPU:0
epoch 70: 雨                                                  
困惑度 573.0, 6982.7 词元/秒 /CPU:0
epoch 71: 雨   一   一   一   一   一   一   一   一   一   一   一   一  
困惑度 590.6, 7404.3 词元/秒 /CPU:0
epoch 72: 雨                                                  
困惑度 485.5, 6700.5 词元/秒 /CPU:0
epoch 73: 雨 一然不来一山一来一来一来一来一来一来一来一来一来一来一来一来一来一来一来一来一来一来一来一来一来一
困惑度 495.5, 7313.6 词元/秒 /CPU:0
epoch 74: 雨 一道不来无云事 一人不来无云无 一人不来无云无 一人不来无云无 一人不来无云无 一人不来无云无 一
困惑度 546.5, 7522.6 词元/秒 /CPU:0
epoch 75: 雨                                                  
困惑度 479.1, 7497.4 词元/秒 /CPU:0
epoch 76: 雨                                                  
困惑度 485.5, 7484.8 词元/秒 /CPU:0
epoch 77: 雨                                                  
困惑度 440.1, 7592.7 词元/秒 /CPU:0
epoch 78: 雨    来  松  松     得 一 不 一 不 一 不 一 不 一 不 一 不 一 不 一 不 
困惑度 392.0, 7618.6 词元/秒 /CPU:0
epoch 79: 雨  水   一来  一 不 不 不 不 不 不 不 不 不 不 不 不 不 不 不 不 不 不 不 
困惑度 395.7, 7503.6 词元/秒 /CPU:0
epoch 80: 雨 一然不中无云来 一然不中无云来 一然不中无云来 一然不中无云来 一然不中无云来 一然不中无云来 一
困惑度 372.8, 7573.5 词元/秒 /CPU:0
epoch 81: 雨  山    山  山    山 一 不 一 不 一 不 一 不 一 不 一 不 一 一 一 一 一
困惑度 363.2, 7579.9 词元/秒 /CPU:0
epoch 82: 雨 一 唯知不中不 一 祇知不中不 一 祇知不中不 一 祇知不中不 一 祇知不中不 一 祇知不中不 一
困惑度 393.1, 7567.1 词元/秒 /CPU:0
epoch 83: 雨 一云无来无无明 一然无来无无明 一然无来无无明 一然无来无无明 一然无来无无明 一然无来无无明 一
困惑度 422.5, 7554.3 词元/秒 /CPU:0
epoch 84: 雨 一人不 一云门 一云不 一云不 一云不 一云不 一云不 一云不 一云不 一云不 一云不 一云不 一
困惑度 347.2, 7618.6 词元/秒 /CPU:0
epoch 85: 雨  云 一知不 一 闲 一 不 一 不 不 不 不 不 不 不 不 不 不 不 不 不 不 不 不 
困惑度 366.4, 7573.5 词元/秒 /CPU:0
epoch 86: 雨  人       一       一       一       一       一       
困惑度 360.3, 7522.6 词元/秒 /CPU:0
epoch 87: 雨 一 不 一 不 一 不 一 不 一 不 不 不 不 不 不 不 不 不 不 不 不 不 不 不 不
困惑度 347.7, 7522.6 词元/秒 /CPU:0
epoch 88: 雨   一                                              
困惑度 362.3, 7560.7 词元/秒 /CPU:0
epoch 89: 雨  得 不 不   门 不 不 不 不 不 不 不 不 不 不 不 不 不 不 不 不 不 不 不 
困惑度 371.4, 7503.6 词元/秒 /CPU:0
epoch 90: 雨  山 不 不 不 不 不 不 不 不 不 不 不 不 不 不 不 不 不 不 不 不 不 不 不 
困惑度 322.9, 7547.9 词元/秒 /CPU:0
epoch 91: 雨  云 不 不   云 不 不   云 不 不     不 不 不 不 不     须 不 不 不 
困惑度 334.8, 7547.9 词元/秒 /CPU:0
epoch 92: 雨  云 不 不 一 不 一 不 一 一 不 一 不 一 不 一 不 一 一 不 一 不 一 不 一 
困惑度 327.6, 7472.3 词元/秒 /CPU:0
epoch 93: 雨 一山不来无自门 一山不来无自门 一山不来无自门 一山不来无自门 一山不来无自门 一山不来无自门 一
困惑度 352.4, 7516.2 词元/秒 /CPU:0
epoch 94: 雨 一然不中无自天 一然不中无自天 一然不中无自天 一然不中无自天 一然不中无自天 一然不中无自天 一
困惑度 329.7, 7528.9 词元/秒 /CPU:0
epoch 95: 雨 一知不来无自明 一然不来无自明 一然不来无自明 一然不来无自明 一然不来无自明 一然不来无自明 一
困惑度 305.8, 7472.3 词元/秒 /CPU:0
epoch 96: 雨 一然不 莫山不 莫山不 莫山不 莫山不 莫山不 莫山不 莫山不 莫山不 莫山不 莫山不 莫山不 莫
困惑度 313.9, 7266.1 词元/秒 /CPU:0
epoch 97: 雨 一来不中无自明 一来不中无自明 一来不中无自明 一来不中无自明 一来不中无自明 一来不中无自明 一
困惑度 309.8, 7331.6 词元/秒 /CPU:0
epoch 98: 雨 一道不 莫道门 莫道不 莫道门 莫道不 莫道门 莫道不 莫道门 莫道不 莫道门 莫道不 莫道门 莫
困惑度 309.7, 7386.0 词元/秒 /CPU:0
epoch 99: 雨 一人不 莫云门 不云多 不云门 不云门 不云门 不云门 不云门 不云门 不云门 不云门 不云门 不
困惑度 296.6, 7361.7 词元/秒 /CPU:0
epoch 100: 雨 一人无 一云闲 一道无 一云闲 一道无 一云闲 一道无 一云闲 一道无 一云闲 一道闲 一道闲 一
困惑度 293.9, 7579.9 词元/秒 /CPU:0
epoch 101: 雨 一然闲 莫然闲 莫然闲 莫然闲 莫然闲 莫然闲 莫然闲 莫然闲 莫然闲 莫然闲 莫然闲 莫然闲 莫
困惑度 312.5, 7664.2 词元/秒 /CPU:0
epoch 102: 雨  云 不 不   人 不道无  一开 不 不 不   一无   不   人 不 不   人 不道 
困惑度 342.1, 7737.1 词元/秒 /CPU:0
epoch 103: 雨 一人不处无自意 一人不处无自意 一人不处无自意 一人不处无自意 一人不处无自意 一人不处无自意 一
困惑度 305.9, 7703.8 词元/秒 /CPU:0
epoch 104: 雨 一然不 莫云闲 莫山无 莫云无 莫山无 莫山无 莫山无 莫山无 莫山无 莫山无 莫山无 莫山无 莫
困惑度 299.4, 7723.8 词元/秒 /CPU:0
epoch 105: 雨 一 不 不云闲 莫道闲 莫自闲 莫道闲 莫自闲 莫道闲 莫云闲 莫道闲 莫云闲 莫道闲 莫云闲 莫
困惑度 287.8, 7723.8 词元/秒 /CPU:0
epoch 106: 雨 一时不来 自然 不 不 不 不 不 不 不 不 不 不 不 不 不 不 不 不 不 不 不 不 不
困惑度 281.2, 7757.2 词元/秒 /CPU:0
epoch 107: 雨 一云不中不自山 一云不中不自山 一云不中不自山 一云不中不自山 一云不中不自山 一云不中不自山 一
困惑度 285.7, 7690.6 词元/秒 /CPU:0
epoch 108: 雨 一来无 一云闲 一云无 一云无 一云无 一云无 一云无 一云无 一云无 一云无 一云无 一云无 一
困惑度 282.1, 7535.2 词元/秒 /CPU:0
epoch 109: 雨 一然无 一有无 一有无 一有无 一有无 一有无 一有无 一有无 一有无 一有无 一有无 一有无 一
困惑度 277.2, 7547.9 词元/秒 /CPU:0
epoch 110: 雨 一然不来无自  即无不 一人不 莫云门 莫云不 莫云门 莫云不 莫云不 莫云不 莫云不 莫云不 莫
困惑度 288.8, 7435.1 词元/秒 /CPU:0
epoch 111: 雨 一然无来无 明时无为事 一人无无事 一人无无事 一人无无事 一人无无事 一人无无事 一人无无事 一
困惑度 273.7, 7644.6 词元/秒 /CPU:0
epoch 112: 雨 一时不 一时不 一时不 一时不 一时不 一时不 一时不 一时不 一时不 一时不 一时不 一时不 一
困惑度 274.2, 7664.2 词元/秒 /CPU:0
epoch 113: 雨  即 不教不   门 不道 不 不  能 不教 不 不 不道  片时不 莫时   自开 不 不  
困惑度 270.7, 7670.8 词元/秒 /CPU:0
epoch 114: 雨 一然不中无 非时不 莫时不 一时不 一时不 一时不 一时不 一时不 一时不 一时不 一时不 一时不
困惑度 338.0, 7567.1 词元/秒 /CPU:0
epoch 115: 雨 万然不 莫云闲 莫然不 莫云闲 莫云不 莫云闲 莫云不 莫云闲 莫云不 莫云闲 莫云不 莫云闲 莫
困惑度 269.1, 7644.6 词元/秒 /CPU:0
epoch 116: 雨 一道无 一云无 一云无 一云无 一云无 一云无 一云无 一云无 一云无 一云无 一云无 一云无 一
困惑度 266.2, 7644.6 词元/秒 /CPU:0
epoch 117: 雨 一山不 不时无 一山无 不山无 一山无 一山无 一山无 一山无 一山无 一山无 一山无 一山无 一
困惑度 271.7, 7644.6 词元/秒 /CPU:0
epoch 118: 雨 一时无来无无  松云不 一时闲 一时无 一云无 一云无 一云无 一云无 一云无 一云无 一云无 一
困惑度 263.1, 7670.8 词元/秒 /CPU:0
epoch 119: 雨 一山无中  言 不道无 一时无 一云无 一时无 一时无 一时无 一时无 一时无 一时无 一时无 一
困惑度 267.1, 7664.2 词元/秒 /CPU:0
epoch 120: 雨 一人不 一时不 一风不 一时不 一时不 一时不 一时不 一时不 一时不 一时不 一时不 一时不 一
困惑度 278.8, 7651.1 词元/秒 /CPU:0
epoch 121: 雨 一道无 莫云无 一云无 一云无 一云无 一云无 一云无 一云无 一云无 一云无 一云无 一云无 一
困惑度 283.8, 7664.3 词元/秒 /CPU:0
epoch 122: 雨 一然不中无 今云不不人 一人不不人 一人不不人 一人不不人 一人不不人 一人不不人 一人不不人 一
困惑度 266.0, 7657.7 词元/秒 /CPU:0
epoch 123: 雨 一来不中无自事 一教不中无自事 一教不中无自事 一教不中无自事 一教不中无自事 一教不中无自事 一
困惑度 268.9, 7670.8 词元/秒 /CPU:0
epoch 124: 雨 一然无处不 今年不不水 一年不不水 一年不不水 一年不不水 一年不不水 一年不不水 一年不不水 一
困惑度 263.9, 7618.6 词元/秒 /CPU:0
epoch 125: 雨 一生无中无无事 一生无中无无事 一生无中无无事 一生无中无无事 一生无中无无事 一生无中无无事 一
困惑度 264.1, 7361.7 词元/秒 /CPU:0
epoch 126: 雨 不道不来无 今笑不来事 明年不不事 明年不不事 明年不不事 明年不不事 明年不不事 明年不不事 明
困惑度 274.3, 7670.8 词元/秒 /CPU:0
epoch 127: 雨 一时无中  言 不教已 不云无 不云无 不云无 不云无 不云无 不云无 不云无 不云无 不云无 不
困惑度 260.1, 7618.6 词元/秒 /CPU:0
epoch 128: 雨 一时不 不时不 一时不 不时不 一时不 不时不 不时不 不时不 不时不 不时不 不时不 不时不 不
困惑度 257.5, 7677.4 词元/秒 /CPU:0
epoch 129: 雨 一云无 莫云无 一云无 一云无 一云无 一云无 一云无 一云无 一云无 一云无 一云无 一云无 一
困惑度 263.8, 7670.8 词元/秒 /CPU:0
epoch 130: 雨 一人 慧 不来 不 不来 不 不来 不 不来 不 不来 不 不来 不 不来 不 不来 不 不来 不
困惑度 258.9, 7670.8 词元/秒 /CPU:0
epoch 131: 雨 一然不 不时无 不然无 不然无 不然无 不然无 不然无 不然无 不然无 不然无 不然无 不然无 不
困惑度 262.0, 7670.8 词元/秒 /CPU:0
epoch 132: 雨 一然无来一 春人一难人 一人一难人 一人一难人 一人一难人 一人一难人 一人一难人 一人一难人 一
困惑度 255.6, 7644.6 词元/秒 /CPU:0
epoch 133: 雨 不然不 一自不 一能不 一能不 一能不 一能不 一能不 一能不 一能不 一能不 一能不 一能不 一
困惑度 262.7, 7638.1 词元/秒 /CPU:0
epoch 134: 雨 一然不 不能无 不能无 不能无 不能无 不能无 不能无 不能无 不能无 不能无 不能无 不能无 不
困惑度 253.2, 7625.1 词元/秒 /CPU:0
epoch 135: 雨 一然不中一无  能山不 一然不 一时不 一然不 一然不 一然不 一然不 一然不 一然不 一然不 一
困惑度 251.1, 7677.4 词元/秒 /CPU:0
epoch 136: 雨 一时云来一 一山一不知 一年一不知 一年一不知 一年一不知 一年一不知 一年一不知 一年一不知 一
困惑度 250.2, 7670.8 词元/秒 /CPU:0
epoch 137: 雨 万然不来无 明年不不烟 寒年不不烟 寒年不不烟 寒年不不烟 寒年不不烟 寒年不不烟 寒年不不烟 寒
困惑度 249.7, 7664.2 词元/秒 /CPU:0
epoch 138: 雨 不然无 不云无 不云无 不云无 不云无 不云无 不云无 不云无 不云无 不云无 不云无 不云无 不
困惑度 260.4, 7677.4 词元/秒 /CPU:0
epoch 139: 雨 一然不 不能不 不能不 不能不 不能不 不能不 不能不 不能不 不能不 不能不 不能不 不能不 不
困惑度 246.7, 7684.0 词元/秒 /CPU:0
epoch 140: 雨 一然无 不然无 不然无 不然无 不然无 不然无 不然无 不然无 不然无 不然无 不然无 不然无 不
困惑度 248.6, 7657.7 词元/秒 /CPU:0
epoch 141: 雨 一人不来 一开云 一能一 一能不 一云不 一云不 一云不 一云不 一云不 一云不 一云不 一云不 
困惑度 252.2, 7625.0 词元/秒 /CPU:0
epoch 142: 雨 一然无来无自然 一然无来无自然 一然无来无自然 一然无来无自然 一然无来无自然 一然无来无自然 一
困惑度 247.5, 7631.6 词元/秒 /CPU:0
epoch 143: 雨 一知不来无 远知不难尘 一知不难尘 一知不难尘 一知不难尘 一知不难尘 一知不难尘 一知不难尘 一
困惑度 252.9, 7644.6 词元/秒 /CPU:0
epoch 144: 雨 一人不 不能不 不能不 不能不 不能不 不能不 不能不 不能不 不能不 不能不 不能不 不能不 不
困惑度 249.1, 7657.7 词元/秒 /CPU:0
epoch 145: 雨 一人 不 不人 不人 不 不人 不人 不 不人 不人 不 不人 不人 不 不人 不人 不 不人 不
困惑度 239.3, 7638.1 词元/秒 /CPU:0
epoch 146: 雨 一然无中无 春来无 吟能无 能能无 能能无 能能无 能能无 能能无 能能无 能能无 能能无 能能无
困惑度 247.7, 7670.8 词元/秒 /CPU:0
epoch 147: 雨 不山不中不自意 一山闲中不自意 一山闲中不自意 一山闲中不自意 一山闲中不自意 一山闲中不自意 一
困惑度 258.0, 7657.7 词元/秒 /CPU:0
epoch 148: 雨 一然不来 不言无来 自然无来 自然无来 自然无来 自然无来 自然无来 自然无来 自然无来 自然无来
困惑度 259.2, 7651.1 词元/秒 /CPU:0
epoch 149: 雨 一然无 不能一 不能一 不能一 不能一 不能一 不能一 不能一 不能一 不能一 不能一 不能一 不
困惑度 248.5, 7567.1 词元/秒 /CPU:0
epoch 150: 雨 一然无 不能一 不能无 不能无 不能无 不能无 不能无 不能无 不能无 不能无 不能无 不能无 不
困惑度 249.9, 7618.6 词元/秒 /CPU:0
epoch 151: 雨 一时 慧 不人 不 不来 不 不人 不 不人 不 不人 不 不人 不 不人 不 不人 不 不人 不
困惑度 241.7, 7554.3 词元/秒 /CPU:0
epoch 152: 雨 一来无 莫能一 一能一 一能一 一能一 一能一 一能一 一能一 一能一 一能一 一能一 一能一 一
困惑度 244.2, 7592.7 词元/秒 /CPU:0
epoch 153: 雨 一道不 莫能一 能能一 一能一 一能一 一能一 一能一 一能一 一能一 一能一 一能一 一能一 一
困惑度 247.3, 7592.7 词元/秒 /CPU:0
epoch 154: 雨 一然无来事无归 一然闲来无无事 一然闲来无无事 一然闲来无无事 一然闲来无无事 一然闲来无无事 一
困惑度 253.7, 7651.1 词元/秒 /CPU:0
epoch 155: 雨 万然无 莫能无 不然无 不然无 不然无 不然无 不然无 不然无 不然无 不然无 不然无 不然无 不
困惑度 246.4, 7690.6 词元/秒 /CPU:0
epoch 156: 雨 一然不 不能无 能能无 能能无 能能无 能能无 能能无 能能无 能能无 能能无 能能无 能能无 能
困惑度 243.3, 7651.1 词元/秒 /CPU:0
epoch 157: 雨 一然无来事 明势不来事 闲知不为事 闲知不为事 闲知不为事 闲知不为事 闲知不为事 闲知不为事 闲
困惑度 255.3, 7638.1 词元/秒 /CPU:0
epoch 158: 雨 一然无 一能无 不然无 一然无 一然无 一然无 一然无 一然无 一然无 一然无 一然无 一然无 一
困惑度 242.2, 7677.4 词元/秒 /CPU:0
epoch 159: 雨 一人无 一为无 能为无 能为无 能为无 能为无 能为无 能为无 能为无 能为无 能为无 能为无 能
困惑度 238.0, 7670.8 词元/秒 /CPU:0
epoch 160: 雨 一人无来一自人 一人不来一自 万人不来一自人 一人不来一自 万人不来一自人 一人不来一自 万人不来
困惑度 239.4, 7618.6 词元/秒 /CPU:0
epoch 161: 雨 一然无 不能无 能然无 能然无 能然无 能然无 能然无 能然无 能然无 能然无 能然无 能然无 能
困惑度 238.4, 7651.1 词元/秒 /CPU:0
epoch 162: 雨 一云不中不云得 一云不中不云得 一云不中不云得 一云不中不云得 一云不中不云得 一云不中不云得 一
困惑度 252.1, 7664.3 词元/秒 /CPU:0
epoch 163: 雨 一人无中 不人云来 满言云来 满言云来 满言云来 满言云来 满言云来 满言云来 满言云来 满言云来
困惑度 238.9, 7638.1 词元/秒 /CPU:0
epoch 164: 雨 一云无来无 溪云不不人 松年不不人 松年不不人 松年不不人 松年不不人 松年不不人 松年不不人 松
困惑度 241.1, 7651.2 词元/秒 /CPU:0
epoch 165: 雨 一云不 一为义 能然一 能然耳 能然耳 能然耳 能然耳 能然耳 能然耳 能然耳 能然耳 能然耳 能
困惑度 241.0, 7644.6 词元/秒 /CPU:0
epoch 166: 雨 一云不 不为一 能为一 能为一 能为一 能为一 能为一 能为一 能为一 能为一 能为一 能为一 能
困惑度 235.7, 7677.4 词元/秒 /CPU:0
epoch 167: 雨 一人不来 草人 不 不人 不 不人 不 不人 不 不人 不 不人 不 不人 不 不人 不 不人 不
困惑度 247.5, 7644.6 词元/秒 /CPU:0
epoch 168: 雨 一人不中无 明将不 臣能无 能能无 能能无 能能无 能能无 能能无 能能无 能能无 能能无 能能无
困惑度 238.0, 7651.1 词元/秒 /CPU:0
epoch 169: 雨 一来无来无无来 一来无来无无来 一来无来无无来 一来无来无无来 一来无来无无来 一来无来无无来 一
困惑度 240.1, 7644.6 词元/秒 /CPU:0
epoch 170: 雨 一云不中一 明来不难  一云不 一然一 能能一 能为一 能为一 能为一 能为一 能为一 能为一 能
困惑度 232.8, 7644.6 词元/秒 /CPU:0
epoch 171: 雨 一然无中无 明将不无人 松知不无人 松知不无人 松知不无人 松知不无人 松知不无人 松知不无人 松
困惑度 233.3, 7631.6 词元/秒 /CPU:0
epoch 172: 雨 一然无来无 深将不无人 松年不无人 松年不无人 松年不无人 松年不无人 松年不无人 松年不无人 松
困惑度 243.0, 7625.1 词元/秒 /CPU:0
epoch 173: 雨 一人无 不能一 能然一 能然一 能然一 能然一 能然一 能然一 能然一 能然一 能然一 能然一 能
困惑度 234.9, 7625.1 词元/秒 /CPU:0
epoch 174: 雨 一云不来一 明将不 一云无 能云耳 能云耳 能云耳 能云耳 能云耳 能云耳 能云耳 能云耳 能云耳
困惑度 237.3, 7664.2 词元/秒 /CPU:0
epoch 175: 雨 一然无 不阴无 能然耳 能然耳 能然耳 能然耳 能然耳 能然耳 能然耳 能然耳 能然耳 能然耳 能
困惑度 231.1, 7651.1 词元/秒 /CPU:0
epoch 176: 雨 一时不来无自意 一门不来无自意 一时不来无自意 一道不来无自意 一道不来无自意 一道不来无自意 一
困惑度 236.5, 7638.1 词元/秒 /CPU:0
epoch 177: 雨 一云不 不为耳 能然耳 能然耳 能然耳 能然耳 能然耳 能然耳 能然耳 能然耳 能然耳 能然耳 能
困惑度 241.5, 7677.4 词元/秒 /CPU:0
epoch 178: 雨 万时不 不为万 能然耳 能然耳 能然耳 能然耳 能然耳 能然耳 能然耳 能然耳 能然耳 能然耳 能
困惑度 234.0, 7664.3 词元/秒 /CPU:0
epoch 179: 雨 一人无中无 一时不为人 一年无无人 一年无无人 一年无无人 一年无无人 一年无无人 一年无无人 一
困惑度 231.3, 7657.7 词元/秒 /CPU:0
epoch 180: 雨 一云无 不能义 能然耳 能然耳 能然耳 能然耳 能然耳 能然耳 能然耳 能然耳 能然耳 能然耳 能
困惑度 234.4, 7651.1 词元/秒 /CPU:0
epoch 181: 雨 不然不中无 风将不 吟然一 能然耳 能然耳 能然耳 能然耳 能然耳 能然耳 能然耳 能然耳 能然耳
困惑度 231.8, 7651.1 词元/秒 /CPU:0
epoch 182: 雨 一人不 不能一 能然耳 能然耳 能然耳 能然耳 能然耳 能然耳 能然耳 能然耳 能然耳 能然耳 能
困惑度 229.5, 7657.7 词元/秒 /CPU:0
epoch 183: 雨 一时无 不阴一 能然一 能然一 能然一 能然一 能然一 能然一 能然一 能然一 能然一 能然一 能
困惑度 241.9, 7466.1 词元/秒 /CPU:0
epoch 184: 雨 一人不中不 一将不难知 一夜不难知 一夜不难知 一夜不难知 一夜不难知 一夜不难知 一夜不难知 一
困惑度 231.2, 7459.9 词元/秒 /CPU:0
epoch 185: 雨 一来无 不能一 不然一 能然一 能然一 能然一 能然一 能然一 能然一 能然一 能然一 能然一 能
困惑度 231.4, 7605.6 词元/秒 /CPU:0
epoch 186: 雨 一时不中 不开 不 不人 不 不人 不 不人无来 一开 不 不人 不 不人 不 不人无来 一开 不
困惑度 228.0, 7664.3 词元/秒 /CPU:0
epoch 187: 雨 一山无 勿能一 能然一 能然一 能然一 能然一 能然一 能然一 能然一 能然一 能然一 能然一 能
困惑度 233.5, 7592.7 词元/秒 /CPU:0
epoch 188: 雨 一人不中不 今人不不人 闲人不不人 闲人不不人 闲人不不人 闲人不不人 闲人不不人 闲人不不人 闲
困惑度 235.4, 7592.7 词元/秒 /CPU:0
epoch 189: 雨 不然不中无自事 一然不中无自事 一然不中无自事 一然不中无自事 一然不中无自事 一然不中无自事 一
困惑度 231.4, 7690.6 词元/秒 /CPU:0
epoch 190: 雨 一生不 不能一 能然一 能然一 能然一 能然一 能然一 能然一 能然一 能然一 能然一 能然一 能
困惑度 230.7, 7664.2 词元/秒 /CPU:0
epoch 191: 雨 一然无来无 今将不为事 闲年不无事 闲年不无事 闲年不无事 闲年不无事 闲年不无事 闲年不无事 闲
困惑度 230.9, 7677.4 词元/秒 /CPU:0
epoch 192: 雨 一云无来一 百将不为水 一年不为水 一年不为水 一年不为水 一年不为水 一年不为水 一年不为水 一
困惑度 226.6, 7684.0 词元/秒 /CPU:0
epoch 193: 雨 一时不来无 一言不一水 一年不一水 一年不一水 一年不一水 一年不一水 一年不一水 一年不一水 一
困惑度 239.2, 7670.8 词元/秒 /CPU:0
epoch 194: 雨 一然无 不能义 不然一 能然耳 能然耳 能然耳 能然耳 能然耳 能然耳 能然耳 能然耳 能然耳 能
困惑度 232.9, 7644.6 词元/秒 /CPU:0
epoch 195: 雨 一来不来无 一人不难人 寒人不难人 寒人不难人 寒人不难人 寒人不难人 寒人不难人 寒人不难人 寒
困惑度 234.8, 7684.0 词元/秒 /CPU:0
epoch 196: 雨 一道不 莫能义 能然万 能然耳 能然耳 能然耳 能然耳 能然耳 能然耳 能然耳 能然耳 能然耳 能
困惑度 230.3, 7657.7 词元/秒 /CPU:0
epoch 197: 雨 一云无 不能一 能然耳 能然耳 能然耳 能然耳 能然耳 能然耳 能然耳 能然耳 能然耳 能然耳 能
困惑度 226.5, 7631.6 词元/秒 /CPU:0
epoch 198: 雨 一然无 勿能义 能然耳 能然耳 能然耳 能然耳 能然耳 能然耳 能然耳 能然耳 能然耳 能然耳 能
困惑度 220.8, 7644.6 词元/秒 /CPU:0
epoch 199: 雨 一然无来一 一将不一事 一夜不一人 一夜不一人 一夜不一人 一夜不一人 一夜不一人 一夜不一人 一
困惑度 226.6, 7664.2 词元/秒 /CPU:0
epoch 200: 雨 不时不 不能一 能然一 能然一 能然一 能然一 能然一 能然一 能然一 能然一 能然一 能然一 能
困惑度 228.0, 7547.9 词元/秒 /CPU:0
epoch 201: 雨 一山无 不能无 能然一 能然一 能然一 能然一 能然一 能然一 能然一 能然一 能然一 能然一 能
困惑度 221.1, 7657.7 词元/秒 /CPU:0
epoch 202: 雨 一道无来  泽义不 一然一 不然一 能然一 能然一 能然一 能然一 能然一 能然一 能然一 能然一
困惑度 233.1, 7684.0 词元/秒 /CPU:0
epoch 203: 雨 一然无 不能无 能然无 能然无 能然无 能然无 能然无 能然无 能然无 能然无 能然无 能然无 能
困惑度 224.3, 7664.2 词元/秒 /CPU:0
epoch 204: 雨 不时不中无自意 一道何中无自意 万道何中无自意 一道何中无自意 一道何中无自意 一道何中无自意 一
困惑度 224.4, 7664.2 词元/秒 /CPU:0
epoch 205: 雨 一然无 不然无 能然万 能然万 能然万 能然万 能然万 能然万 能然万 能然万 能然万 能然万 能
困惑度 232.9, 7651.1 词元/秒 /CPU:0
epoch 206: 雨 一然无来无 明云无来人 勿势无一人 寒知无一人 寒知无一人 寒知无一人 寒知无一人 寒知无一人 寒
困惑度 231.5, 7472.3 词元/秒 /CPU:0
epoch 207: 雨 不来不 不能义 能然万 能然耳 能然耳 能然耳 能然耳 能然耳 能然耳 能然耳 能然耳 能然耳 能
困惑度 226.6, 7684.0 词元/秒 /CPU:0
epoch 208: 雨 一然无 莫阴义 能然一 能然一 能然一 能然一 能然一 能然一 能然一 能然一 能然一 能然一 能
困惑度 233.8, 7664.2 词元/秒 /CPU:0
epoch 209: 雨 一生不中无 溪将不 变来万 能然耳 能然耳 能然耳 能然耳 能然耳 能然耳 能然耳 能然耳 能然耳
困惑度 222.9, 7644.6 词元/秒 /CPU:0
epoch 210: 雨 不生不来无 深言不无人 寒年不无人 寒年不无人 寒年不无人 寒年不无人 寒年不无人 寒年不无人 寒
困惑度 230.6, 7625.1 词元/秒 /CPU:0
epoch 211: 雨 一山无 不能无 能然耳 能然耳 能然耳 能然耳 能然耳 能然耳 能然耳 能然耳 能然耳 能然耳 能
困惑度 220.7, 7677.4 词元/秒 /CPU:0
epoch 212: 雨 不然不 不然万 能然耳 能然耳 能然耳 能然耳 能然耳 能然耳 能然耳 能然耳 能然耳 能然耳 能
困惑度 227.2, 7625.1 词元/秒 /CPU:0
epoch 213: 雨 不人无 不为义 能然耳 能然耳 能然耳 能然耳 能然耳 能然耳 能然耳 能然耳 能然耳 能然耳 能
困惑度 226.8, 7644.6 词元/秒 /CPU:0
epoch 214: 雨 不然不 不能义 能然万 能然万 能然万 能然万 能然万 能然万 能然万 能然万 能然万 能然万 能
困惑度 219.9, 7657.7 词元/秒 /CPU:0
epoch 215: 雨 不然不来无 才将不难人 闲势不难人 闲知不难人 闲知不难人 闲知不难人 闲知不难人 闲知不难人 闲
困惑度 229.8, 7697.2 词元/秒 /CPU:0
epoch 216: 雨 不时无 不阴耳 能然耳 能然耳 能然耳 能然耳 能然耳 能然耳 能然耳 能然耳 能然耳 能然耳 能
困惑度 219.7, 7631.6 词元/秒 /CPU:0
epoch 217: 雨 一生 不 一破无 勿阴一 能然一 能然一 能然一 能然一 能然一 能然一 能然一 能然一 能然一 
困惑度 220.2, 7684.0 词元/秒 /CPU:0
epoch 218: 雨 一山无中无无明 一心不中无无门 一事不中不无意 一事不中无无意 一事不中无无意 一事不中无无意 一
困惑度 229.5, 7690.6 词元/秒 /CPU:0
epoch 219: 雨 一然不来无 春时不 不然无 能然一 能然一 能然一 能然一 能然一 能然一 能然一 能然一 能然一
困惑度 233.7, 7664.2 词元/秒 /CPU:0
epoch 220: 雨 一然无 莫能无 能然万 能然万 能然万 能然万 能然万 能然万 能然万 能然万 能然万 能然万 能
困惑度 233.4, 7664.2 词元/秒 /CPU:0
epoch 221: 雨 一时无 慧时义 能然万 能然万 能然万 能然万 能然万 能然万 能然万 能然万 能然万 能然万 能
困惑度 219.7, 7644.6 词元/秒 /CPU:0
epoch 222: 雨 不时不 不为义 不然万 能念万 能念万 能念万 能念万 能念万 能念万 能念万 能念万 能念万 能
困惑度 216.8, 7651.1 词元/秒 /CPU:0
epoch 223: 雨 一生不来一 才将不人人 明年不日人 寒年不人人 寒年不人人 寒年不人人 寒年不人人 寒年不人人 寒
困惑度 217.4, 7657.7 词元/秒 /CPU:0
epoch 224: 雨 一时无中成自意 一道不中无自事 一云不中无自事 一道不中无自事 一云不中无自事 一道不中无自事 一
困惑度 226.5, 7710.5 词元/秒 /CPU:0
epoch 225: 雨 一云不中 不人云德 官职孟德 官职孟峰 官职孟峰 官职孟峰 官职孟峰 官职孟峰 官职孟峰 官职孟峰
困惑度 231.3, 7657.7 词元/秒 /CPU:0
epoch 226: 雨 不如不 慧为无 能然万 能然一 能然一 能然一 能然一 能然一 能然一 能然一 能然一 能然一 能
困惑度 212.6, 7677.4 词元/秒 /CPU:0
epoch 227: 雨 一时无中无 一年不难  能海一 一然无 能然万 能然万 能然万 能然万 能然万 能然万 能然万 能
困惑度 226.0, 7677.4 词元/秒 /CPU:0
epoch 228: 雨 不如无 不能义 能然万 能然万 能然万 能然万 能然万 能然万 能然万 能然万 能然万 能然万 能
困惑度 221.2, 7651.1 词元/秒 /CPU:0
epoch 229: 雨 一来不 不能义 能然万 能然万 能然万 能然万 能然万 能然万 能然万 能然万 能然万 能然万 能
困惑度 210.3, 7657.7 词元/秒 /CPU:0
epoch 230: 雨 一人无中无无人 一然无中不自然 一人无中不自然 一人无中不自然 一人无中不自然 一人无中不自然 一
困惑度 217.3, 7638.1 词元/秒 /CPU:0
epoch 231: 雨 一生不 勿能义 能然万 能然万 能然万 能然万 能然万 能然万 能然万 能然万 能然万 能然万 能
困惑度 232.0, 7664.2 词元/秒 /CPU:0
epoch 232: 雨 一时无 慧能无 能然万 能然万 能然万 能然万 能然万 能然万 能然万 能然万 能然万 能然万 能
困惑度 221.9, 7657.7 词元/秒 /CPU:0
epoch 233: 雨 一然不 不然义 能然一 能然一 能然一 能然一 能然一 能然一 能然一 能然一 能然一 能然一 能
困惑度 213.6, 7664.3 词元/秒 /CPU:0
epoch 234: 雨 不如不 不为义 不然万 能然万 能然万 能然万 能然万 能然万 能然万 能然万 能然万 能然万 能
困惑度 218.2, 7670.8 词元/秒 /CPU:0
epoch 235: 雨 一道不 慧为义 能然万 能然万 能然万 能然万 能然万 能然万 能然万 能然万 能然万 能然万 能
困惑度 221.7, 7657.7 词元/秒 /CPU:0
epoch 236: 雨 一云无 勿能非 能然万 能然万 能然万 能然万 能然万 能然万 能然万 能然万 能然万 能然万 能
困惑度 226.4, 7684.0 词元/秒 /CPU:0
epoch 237: 雨 一道无来 不开无来 但目孟来 官目孟来 官目孟来 官目孟来 官目孟来 官目孟来 官目孟来 官目孟来
困惑度 216.9, 7644.6 词元/秒 /CPU:0
epoch 238: 雨 一时无中无无事 一心闲中无自事 一云闲来无自事 一云闲来无自事 一云闲来无自事 一云闲来无自事 一
困惑度 224.7, 7631.6 词元/秒 /CPU:0
epoch 239: 雨 一日不 勿为万 能然万 能然万 能然万 能然万 能然万 能然万 能然万 能然万 能然万 能然万 能
困惑度 228.4, 7651.1 词元/秒 /CPU:0
epoch 240: 雨 一然无来一 言将不无人 寒势不无人 寒势不无人 寒势不无人 寒势不无人 寒势不无人 寒势不无人 寒
困惑度 220.8, 7644.6 词元/秒 /CPU:0
epoch 241: 雨 一然不 不为耳 能然万 能然万 能然万 能然万 能然万 能然万 能然万 能然万 能然万 能然万 能
困惑度 213.8, 7644.6 词元/秒 /CPU:0
epoch 242: 雨 一人无来一无  即须一 纯为义 能然万 能然万 能然万 能然万 能然万 能然万 能然万 能然万 能
困惑度 226.9, 7651.1 词元/秒 /CPU:0
epoch 243: 雨 一然无 不然万 能然万 能然万 能然万 能然万 能然万 能然万 能然万 能然万 能然万 能然万 能
困惑度 221.6, 7664.2 词元/秒 /CPU:0
epoch 244: 雨 一云不 慧为万 能然万 能念万 能念万 能念万 能念万 能念万 能念万 能念万 能念万 能念万 能
困惑度 217.0, 7651.1 词元/秒 /CPU:0
epoch 245: 雨 一然不 不为耳 能然万 能然万 能然万 能然万 能然万 能然万 能然万 能然万 能然万 能然万 能
困惑度 220.1, 7651.2 词元/秒 /CPU:0
epoch 246: 雨 一道不 勿阴万 能然万 能念万 能念万 能念万 能念万 能念万 能念万 能念万 能念万 能念万 能
困惑度 214.5, 7605.6 词元/秒 /CPU:0
epoch 247: 雨 一道不 不为万 能弼万 能念万 能念万 能念万 能念万 能念万 能念万 能念万 能念万 能念万 能
困惑度 219.8, 7664.2 词元/秒 /CPU:0
epoch 248: 雨 一人不中无 今年不一  人有一 不为一 能然万 能念一 能念一 能念一 能念一 能念一 能念一 能
困惑度 223.8, 7684.0 词元/秒 /CPU:0
epoch 249: 雨 一然无来一 一年不一人 一年无一人 一年无一人 一年无一人 一年无一人 一年无一人 一年无一人 一
困惑度 223.5, 7670.8 词元/秒 /CPU:0
epoch 250: 雨 一生不中无 一言不一人 一年不一人 松年不一人 松年不一人 松年不一人 松年不一人 松年不一人 松
困惑度 214.0, 7657.7 词元/秒 /CPU:0
epoch 251: 雨 一云不 勿然一 能然一 能然一 能然一 能然一 能然一 能然一 能然一 能然一 能然一 能然一 能
困惑度 221.7, 7644.6 词元/秒 /CPU:0
epoch 252: 雨 万然不 慧为无 能然万 能然万 能然万 能然万 能然万 能然万 能然万 能然万 能然万 能然万 能
困惑度 217.3, 7651.1 词元/秒 /CPU:0
epoch 253: 雨 一然无来 展言无德 官言孟跃 官言刘跃 官言刘跃 官言刘跃 官言刘跃 官言刘跃 官言刘跃 官言刘跃
困惑度 214.9, 7684.0 词元/秒 /CPU:0
epoch 254: 雨 一生不中一自来 一生何中无自事 一生何中无自事 一生何中无自事 一生何中无自事 一生何中无自事 一
困惑度 221.5, 7657.7 词元/秒 /CPU:0
epoch 255: 雨 一生无 勿能无 能然万 能念万 能念万 能念万 能念万 能念万 能念万 能念万 能念万 能念万 能
困惑度 220.7, 7677.4 词元/秒 /CPU:0
epoch 256: 雨 一事不中无 泽将不为知 闲年不难知 闲年不难知 闲年不难知 闲年不难知 闲年不难知 闲年不难知 闲
困惑度 217.7, 7670.8 词元/秒 /CPU:0
epoch 257: 雨 一时不中一 一言不不人 闲人不不人 闲人不不人 闲人不不人 闲人不不人 闲人不不人 闲人不不人 闲
困惑度 218.8, 7657.7 词元/秒 /CPU:0
epoch 258: 雨 一然不 不阴义 能然万 能然万 能然万 能然万 能然万 能然万 能然万 能然万 能然万 能然万 能
困惑度 214.1, 7657.7 词元/秒 /CPU:0
epoch 259: 雨 不人无事无自意 一人无是无自事 万人无是无自事 万人无是无自事 万人无是无自事 万人无是无自事 万
困惑度 209.6, 7664.3 词元/秒 /CPU:0
epoch 260: 雨 一生无 不能一 能然一 能然一 能然一 能然一 能然一 能然一 能然一 能然一 能然一 能然一 能
困惑度 211.6, 7651.1 词元/秒 /CPU:0
epoch 261: 雨 不生不中一 一时不不人 一夜不一人 一夜不一人 一夜不一人 一夜不一人 一夜不一人 一夜不一人 一
困惑度 212.4, 7625.1 词元/秒 /CPU:0
epoch 262: 雨 一生云 不能一 能然一 能然一 能然一 能然一 能然一 能然一 能然一 能然一 能然一 能然一 能
困惑度 218.0, 7670.8 词元/秒 /CPU:0
epoch 263: 雨 不生不 不阴耳 能然一 能然一 能然一 能然一 能然一 能然一 能然一 能然一 能然一 能然一 能
困惑度 215.6, 7651.1 词元/秒 /CPU:0
epoch 264: 雨 不生不 莫为无 能然一 能然一 片然一 能然一 能然一 能然一 能然一 能然一 能然一 能然一 能
困惑度 218.8, 7657.7 词元/秒 /CPU:0
epoch 265: 雨 一生无 慧阴一 能然一 能然一 能然一 能然一 能然一 能然一 能然一 能然一 能然一 能然一 能
困惑度 209.0, 7670.8 词元/秒 /CPU:0
epoch 266: 雨 一生无中无无事 一门何中无一事 一然无中无一事 一然无中无一事 一然无中无一事 一然无中无一事 一
困惑度 210.7, 7644.6 词元/秒 /CPU:0
epoch 267: 雨 一山不 不为无 能然一 能然一 能然一 能然一 能然一 能然一 能然一 能然一 能然一 能然一 能
困惑度 213.6, 7644.6 词元/秒 /CPU:0
epoch 268: 雨 一云无 不能无 能然万 能然万 能然万 能然万 能然万 能然万 能然万 能然万 能然万 能然万 能
困惑度 218.5, 7638.1 词元/秒 /CPU:0
epoch 269: 雨 一人不 慧能无 能然万 能然万 能然万 能然万 能然万 能然万 能然万 能然万 能然万 能然万 能
困惑度 215.2, 7677.4 词元/秒 /CPU:0
epoch 270: 雨 一时无 不为无 能然万 能然万 能然万 能然万 能然万 能然万 能然万 能然万 能然万 能然万 能
困惑度 211.2, 7651.1 词元/秒 /CPU:0
epoch 271: 雨 一生无中无自事 一般无来无一事 一云无来无自事 一般无来无一事 一般无来无一事 一般无来无一事 一
困惑度 218.6, 7670.8 词元/秒 /CPU:0
epoch 272: 雨 一山无 勿阴一 能然万 能然万 能然万 能然万 能然万 能然万 能然万 能然万 能然万 能然万 能
困惑度 210.0, 7677.4 词元/秒 /CPU:0
epoch 273: 雨 一道不 不能义 能然万 能念万 能念万 能念万 能念万 能念万 能念万 能念万 能念万 能念万 能
困惑度 196.6, 7664.2 词元/秒 /CPU:0
epoch 274: 雨 不知无来无 言时不难人 松知不难人 松知不难人 松知不难人 松知不难人 松知不难人 松知不难人 松
困惑度 210.8, 7657.7 词元/秒 /CPU:0
epoch 275: 雨 一言不中事 一言不花人 一言不难人 松时不难人 松时不难人 松时不难人 松时不难人 松时不难人 松
困惑度 214.2, 7644.6 词元/秒 /CPU:0
epoch 276: 雨 不道不中无山意 一然无来无山 不道不山无山意 一然无来无山 不道不山无山意 一然无来无山 不道不山
困惑度 217.5, 7684.0 词元/秒 /CPU:0
epoch 277: 雨 一道无中无 溪时不无人 松年不无人 松年不无人 松年不无人 松年不无人 松年不无人 松年不无人 松
困惑度 198.6, 7644.6 词元/秒 /CPU:0
epoch 278: 雨 一时不 不能一 能然万 能然万 能然万 能然万 能然万 能然万 能然万 能然万 能然万 能然万 能
困惑度 207.8, 7651.1 词元/秒 /CPU:0
epoch 279: 雨 不如无中无 言年不称人 闲年不无人 闲年无一人 闲年无一人 闲年无一人 闲年无一人 闲年无一人 闲
困惑度 208.6, 7644.6 词元/秒 /CPU:0
epoch 280: 雨 一生不中无不  即云定 不为义 能然万 能念万 能念万 能念万 能念万 能念万 能念万 能念万 能
困惑度 201.4, 7670.8 词元/秒 /CPU:0
epoch 281: 雨 一生无中无 溪时一处事 闲年不日尘 闲年不日尘 闲年不日尘 闲年不日尘 闲年不日尘 闲年不日尘 闲
困惑度 214.6, 7651.1 词元/秒 /CPU:0
epoch 282: 雨 不时不来无不尘 不然不是无一事 不道不是无时 一事不来无 春时不日事 闲年不无人 闲年不无人 闲年
困惑度 203.7, 7664.2 词元/秒 /CPU:0
epoch 283: 雨 不时无中无 泽时不为人 闲人不无人 松海不无人 松海不无人 松海不无人 松海不无人 松海不无人 松
困惑度 216.0, 7657.7 词元/秒 /CPU:0
epoch 284: 雨 不知不中无 春时不不人 闲人不无人 闲人不无人 松人不无人 松人不无人 松人不无人 松人不无人 松
困惑度 204.8, 7657.7 词元/秒 /CPU:0
epoch 285: 雨 不如不 慧能无 能然万 能然万 能然万 能然万 能然万 能然万 能然万 能然万 能然万 能然万 能
困惑度 208.4, 7697.2 词元/秒 /CPU:0
epoch 286: 雨 一时无 不能万 能然万 能然万 能然万 能然万 能然万 能然万 能然万 能然万 能然万 能然万 能
困惑度 211.7, 7670.8 词元/秒 /CPU:0
epoch 287: 雨 一生无 勿能一 能然一 能然一 能然一 能然一 能然一 能然一 能然一 能然一 能然一 能然一 能
困惑度 212.4, 7664.2 词元/秒 /CPU:0
epoch 288: 雨 一云无中无 一将不难人 寒人无一事 寒间无一事 寒间无一事 寒间无一事 寒间无一事 寒间无一事 寒
困惑度 205.5, 7670.8 词元/秒 /CPU:0
epoch 289: 雨 不知不中无 言年不不  须云门 不阴无 能然万 片然万 片然万 片然万 片然万 片然万 片然万 片
困惑度 213.8, 7071.0 词元/秒 /CPU:0
epoch 290: 雨 一知无来 展开无峰 但目无峰 但目无峰 但目无峰 但目无峰 但目无峰 但目无峰 但目无峰 但目无峰
困惑度 208.9, 7466.1 词元/秒 /CPU:0
epoch 291: 雨 一人无来无 一年一无人 闲人一无人 闲人无无人 闲人无无人 闲人无无人 闲人无无人 闲人无无人 闲
困惑度 204.1, 7677.4 词元/秒 /CPU:0
epoch 292: 雨 不来无 不能耳 能然万 能然万 能然万 能然万 能然万 能然万 能然万 能然万 能然万 能然万 能
困惑度 203.3, 7272.0 词元/秒 /CPU:0
epoch 293: 雨 不时无为无 泽时不为人 寒年不一尘 松年不一尘 松年不一尘 松年不一尘 松年不一尘 松年不一尘 松
困惑度 208.8, 7644.6 词元/秒 /CPU:0
epoch 294: 雨 一生无 勿阴耳 能然万 片念枕 片念枕 片念枕 片念枕 片念枕 片念枕 片念枕 片念枕 片念枕 片
困惑度 213.5, 7605.6 词元/秒 /CPU:0
epoch 295: 雨 一人无不 展开有山 但职肚跃 但职肚跃 但职肚跃 但职肚跃 但职肚跃 但职肚跃 但职肚跃 但职肚跃
困惑度 207.6, 7664.3 词元/秒 /CPU:0
epoch 296: 雨 一时无 勿云一 能然万 片念群 片念群 能念群 能念群 能念群 能念群 能念群 能念群 能念群 能
困惑度 202.1, 7664.2 词元/秒 /CPU:0
epoch 297: 雨 一事无来无一事 一道无来无自 万事从来无一事 一道无来无自 万事从来无一事 一道无来无自 万事从来
困惑度 201.0, 7644.6 词元/秒 /CPU:0
epoch 298: 雨 一事无中无 春年不日人 闲年不日人 松年不日人 松年不日人 松年不日人 松年不日人 松年不日人 松
困惑度 204.1, 7638.1 词元/秒 /CPU:0
epoch 299: 雨 一事不来无一事 一道闲来一 今时不不人 一年不难人 松年不难人 松年不难人 松年不难人 松年不难人
困惑度 206.5, 7644.6 词元/秒 /CPU:0
epoch 300: 雨 一人无来无 言将一径人 寒人复无人 寒人复难人 寒人一无人 寒人一无人 寒人一无人 寒人一无人 寒
困惑度 199.5, 7664.2 词元/秒 /CPU:0
epoch 301: 雨 一然无 不能无 能然万 片然万 片然万 能然万 能然万 能然万 能然万 能然万 能然万 能然万 能
困惑度 201.3, 7644.6 词元/秒 /CPU:0
epoch 302: 雨 不人无心无 一年无一事 松年无一事 松年无一事 松年无一事 松年无一事 松年无一事 松年无一事 松
困惑度 202.8, 7697.2 词元/秒 /CPU:0
epoch 303: 雨 不知不 不能义 能然万 片然群 片然群 片然群 片然群 片然群 片然群 片然群 片然群 片然群 片
困惑度 204.6, 7631.6 词元/秒 /CPU:0
epoch 304: 雨 不知 不知 不知 不知 不知 不知 不知 不知 不知 不知 不知 不知 不知 不知 不知 不知 不
困惑度 202.8, 7677.4 词元/秒 /CPU:0
epoch 305: 雨 一事不中无一事 一山无中无一事 一道无中无一事 一道无中无一事 一道无中无一事 一道无中无一事 一
困惑度 215.1, 7625.1 词元/秒 /CPU:0
epoch 306: 雨 一事无 莫阴义 能然万 能然枕 能然枕 能然枕 能然枕 能然枕 能然枕 能然枕 能然枕 能然枕 能
困惑度 198.8, 7684.0 词元/秒 /CPU:0
epoch 307: 雨 不时无来无一事 一事无心无一事 一事无心无一事 一事无心无一事 一事无心无一事 一事无心无一事 一
困惑度 204.2, 7644.6 词元/秒 /CPU:0
epoch 308: 雨 万时不 纯阴无 能弼万 片然万 片然万 不然万 不然万 片然万 片然万 片然万 片然万 片然万 片
困惑度 197.0, 7677.4 词元/秒 /CPU:0
epoch 309: 雨 一然无中无 一年无一人 闲年无一人 闲年无一人 闲年无一人 闲年无一人 闲年无一人 闲年无一人 闲
困惑度 207.0, 7657.7 词元/秒 /CPU:0
epoch 310: 雨 一生不处一 泽前一处人 明峰一日尘 松萝一无人 松萝一无人 松萝一无人 松萝一无人 松萝一无人 松
困惑度 197.9, 7631.6 词元/秒 /CPU:0
epoch 311: 雨 一生不 勿阴义 能弼万 片念万 能念枕 能念枕 能念枕 能念枕 能念枕 能念枕 能念枕 能念枕 能
困惑度 200.4, 7670.8 词元/秒 /CPU:0
epoch 312: 雨 一般须中为不门 一道无中事自然 一般须 慧为义 能渐万 能念万 能念万 能念万 能念万 能念万 能
困惑度 201.4, 7638.1 词元/秒 /CPU:0
epoch 313: 雨 不如不 慧阴义 能然万 能然万 能然万 能然万 能然万 能然万 能然万 能然万 能然万 能然万 能
困惑度 207.9, 7670.8 词元/秒 /CPU:0
epoch 314: 雨 一般无中无 一言无一事 百知无无人 松知无无人 松知无无人 松知无无人 松知无无人 松知无无人 松
困惑度 192.8, 7684.0 词元/秒 /CPU:0
epoch 315: 雨 一事不 慧能无 能然一圣成无昏 一事观 顿定无 能然一圣成无昏 一事观 顿定无 能然一圣成无昏 一
困惑度 198.8, 7657.7 词元/秒 /CPU:0
epoch 316: 雨 不知不来一 溪将不难人 闲将不难 百开无来 澄开云峰 官职肚跃 官职掣跃 官职掣跃 官职掣跃 官职
困惑度 191.8, 7684.0 词元/秒 /CPU:0
epoch 317: 雨 一时无慧事 心时无一事 松时无一事 松时无一事 松时无一事 松时无一事 松时无一事 松时无一事 松
困惑度 204.0, 7664.2 词元/秒 /CPU:0
epoch 318: 雨 一时一 纯为耳 能然万 片念万 片念万 片念万 片念万 片念万 片念万 片念万 片念万 片念万 片
困惑度 198.8, 7657.7 词元/秒 /CPU:0
epoch 319: 雨 一片不从一 溪时不从 不开 或人 慧将不知一 溪时不为 不开云来 不下高头 三下高来 解下高空 但
困惑度 202.6, 7651.2 词元/秒 /CPU:0
epoch 320: 雨 一事不中无 一时不归  一云一 一云一 能然万圣成无户 或令全 非一非 能然万圣成无户 或令全 非
困惑度 202.4, 7651.2 词元/秒 /CPU:0
epoch 321: 雨 一事 不知 慧知 慧知 慧知 慧知 慧知 慧知 慧知 慧知 慧知 慧知 慧知 慧知 慧知 慧知 慧
困惑度 191.7, 7638.1 词元/秒 /CPU:0
epoch 322: 雨 一事无中无 言时一径人 一年无一事 松年不径人 松年不径人 松年不径人 松年不径人 松年不径人 松
困惑度 194.0, 7670.8 词元/秒 /CPU:0
epoch 323: 雨 一般不是无一事 一道何处不如事 万然不知无一事 一道何处不自然 万山不知无一事 一道何处不自然 万
困惑度 196.1, 7664.3 词元/秒 /CPU:0
epoch 324: 雨 一事无心事无门 一心须 慧为无 能弼一 片念万 片念群 片念万 片念万 片念万 片念万 片念万 片
困惑度 207.9, 7670.8 词元/秒 /CPU:0
epoch 325: 雨 一事无中事 一言无一事 一夜无一事 一夜无一事 一夜无一事 一夜无一事 一夜无一事 一夜无一事 一
困惑度 193.7, 7644.6 词元/秒 /CPU:0
epoch 326: 雨 一事无人事 一言无一事 山夜不一事 山年不一事 山年不一事 山年不一事 山年不一事 山年不一事 山
困惑度 188.0, 7670.8 词元/秒 /CPU:0
epoch 327: 雨 一片无 勿能非 片然识 片然枕 片然枕 片然枕 片然枕 片然枕 片然枕 片然枕 片然枕 片然枕 片
困惑度 195.9, 7638.1 词元/秒 /CPU:0
epoch 328: 雨 不知无 不阴非 不阴万 片然万 不然万 不然万 不然万 不然万 不然万 不然万 不然万 不然万 不
困惑度 210.2, 7657.7 词元/秒 /CPU:0
epoch 329: 雨 一事无心一 言前不为 一开云峰 但甚孟德 官职有德 澄职有德 澄职有德 澄职有德 澄职有德 澄职有
困惑度 206.5, 7677.4 词元/秒 /CPU:0
epoch 330: 雨 一言无心一 泽云一为人 一言入为人 闲人入为人 闲人入为人 闲人入为人 闲人入为人 闲人入为人 闲
困惑度 198.5, 7677.4 词元/秒 /CPU:0
epoch 331: 雨 一言云中一 来时一不知 寒人无一事 寒人无一事 寒人无一事 寒人无一事 寒人无一事 寒人无一事 寒
困惑度 204.9, 7677.4 词元/秒 /CPU:0
epoch 332: 雨 一事无中一 泽时一无人 一言本无人 一山无一事 闲山本无人 一山无一事 闲山本无人 一山无一事 闲
困惑度 194.4, 7664.2 词元/秒 /CPU:0
epoch 333: 雨 一片无心无心意 一道无心无一事 一生无心事无明 万然无人无一事 一生无心事无明 万然无人无一事 一
困惑度 198.5, 7664.2 词元/秒 /CPU:0
epoch 334: 雨 不如山 慧阴耳 能然万 倏然为 片念为 倏然为 倏然为 倏然为 倏然为 倏然为 倏然为 倏然为 倏
困惑度 190.7, 7657.7 词元/秒 /CPU:0
epoch 335: 雨 不如无来无 一年无一事 春人不为人 春人不为人 春人不为人 春人不为人 春人不为人 春人不为人 春
困惑度 190.1, 7657.7 词元/秒 /CPU:0
epoch 336: 雨 一言闲来一自开 一道闲来无一事 一道闲来一处 一日闲来一处开 一道闲来无一事 一道闲来一处 一日闲
困惑度 199.8, 7664.2 词元/秒 /CPU:0
epoch 337: 雨 一片无人无 言年不不人 一年入为尘 闲人入为尘 闲人入为尘 闲人入为尘 闲人入为尘 闲人入为尘 闲
困惑度 204.2, 7657.7 词元/秒 /CPU:0
epoch 338: 雨 一片无中事 山年不不知 闲人不不尘 闲人无一事 闲人无一事 闲人无一事 闲人无一事 闲人无一事 闲
困惑度 196.3, 7684.0 词元/秒 /CPU:0
epoch 339: 雨 一片云 纯为无 能然万 倏然万 倏然万 倏然万 倏然万 倏然万 倏然万 倏然万 倏然万 倏然万 倏
困惑度 191.7, 7657.7 词元/秒 /CPU:0
epoch 340: 雨 万然不 纯阴耳 能然万 倏然浄 能然垢 能然浄 能然浄 能然浄 能然浄 能然浄 能然浄 能然浄 能
困惑度 201.9, 7664.2 词元/秒 /CPU:0
epoch 341: 雨 不如不来一 泽中不不人 闲人复无人 不知不无人 不知不无人 不知不无人 不知不无人 不知不无人 不
困惑度 189.7, 7638.1 词元/秒 /CPU:0
epoch 342: 雨 一片无一事自得 一片无余无一事 一片无心事自然 一片无人无一事 一片无心事自然 一片无人无一事 一
困惑度 185.0, 7599.2 词元/秒 /CPU:0
epoch 343: 雨 不如不来无人事 一事虚来无人事 数知不知无一事 只知何来无一事 金知终来无一事 金知终来无一事 金
困惑度 187.8, 7579.9 词元/秒 /CPU:0
epoch 344: 雨 一片无 勿阴无 能然万 能然万 不然万 能然万 能然万 能然万 能然万 能然万 能然万 能然万 能
困惑度 196.8, 7579.9 词元/秒 /CPU:0
epoch 345: 雨 一片无从无一事 一得无心事自然 万般须 慧为义 能性万 能念万 能念万 能念万 能念万 能念万 能
困惑度 197.1, 7586.3 词元/秒 /CPU:0
epoch 346: 雨 不如不 勿阴如 能然如 片然如 片然如 片然如 片然如 片然如 片然如 片然如 片然如 片然如 片
困惑度 188.3, 7554.3 词元/秒 /CPU:0
epoch 347: 雨 不如不 勿阴一 能然万 片然群 片然群 片然万 片然万 片然万 片然万 片然万 片然万 片然万 片
困惑度 182.0, 7547.9 词元/秒 /CPU:0
epoch 348: 雨 一片不 勿能无 能来万 不念万 不念万 不念万 不念万 不念万 不念万 不念万 不念万 不念万 不
困惑度 191.8, 7554.3 词元/秒 /CPU:0
epoch 349: 雨 不如不 莫能非 不然万 片然万 片然万 片然万 片然万 片然万 片然万 片然万 片然万 片然万 片
困惑度 192.9, 7554.3 词元/秒 /CPU:0
epoch 350: 雨 莫人不 勿云一 能然万 片念垢 片念垢 片然万 片然万 片然万 片然万 片然万 片然万 片然万 片
困惑度 190.1, 7554.3 词元/秒 /CPU:0
epoch 351: 雨 一言无心 不言君来 官职有来 官职有来 官职有来 官职有来 官职有来 官职有来 官职有来 官职有来
困惑度 197.7, 7573.5 词元/秒 /CPU:0
epoch 352: 雨 不如不 慧能一 能然一 片然一 片然一 片然一 片然一 片然一 片然一 片然一 片然一 片然一 片
困惑度 186.6, 7664.2 词元/秒 /CPU:0
epoch 353: 雨 一事无 不阴耳 能然垢 倏念垢 片念垢 倏念垢 倏念垢 倏念垢 倏念垢 倏念垢 倏念垢 倏念垢 倏
困惑度 191.0, 7664.2 词元/秒 /CPU:0
epoch 354: 雨 一言无一事 一言无一事 一言无一事 一言无一事 一言无一事 一言无一事 一言无一事 一言无一事 一
困惑度 181.6, 7657.7 词元/秒 /CPU:0
epoch 355: 雨 一片无事无 一言不 赤如丹 能然一 能然垢 不然垢 能然垢 能然垢 能然垢 能然垢 能然垢 能然垢
困惑度 186.2, 7664.2 词元/秒 /CPU:0
epoch 356: 雨 不如不来事 百年不不知 寒有不为事 闲有不不知 寒有不不知 寒有不不知 寒有不不知 寒有不不知 寒
困惑度 186.6, 7684.0 词元/秒 /CPU:0
epoch 357: 雨 不如不来无 言前不难人 闲人不难 百开高来无 言年不难人 闲人不难 百开高来无 言年不难人 闲人不
困惑度 185.9, 7651.1 词元/秒 /CPU:0
epoch 358: 雨 一片不事 不言无法 澄言无法 澄言无法 澄言无法 澄言无法 澄言无法 澄言无法 澄言无法 澄言无法
困惑度 188.7, 7684.0 词元/秒 /CPU:0
epoch 359: 雨 不知不知无 言前不难  须云一事 不言无一 满外无法 澄目无法 澄什无法 澄目无法 澄什无法 澄目
困惑度 194.3, 7670.8 词元/秒 /CPU:0
epoch 360: 雨 不如不来事 百年不称人 百人不无人 不知不无人 不知不无人 不知不无人 不知不无人 不知不无人 不
困惑度 182.9, 7605.6 词元/秒 /CPU:0
epoch 361: 雨 一片不知一一事 一水终来一自意 定见终来一自然 一片无心事自然 万般须是一水通 一片无心 自然人山
困惑度 186.0, 7644.6 词元/秒 /CPU:0
epoch 362: 雨 一片不知一 来年不知人 闲年不知人 闲年不知人 闲年不知人 闲年不知人 闲年不知人 闲年不知人 闲
困惑度 185.4, 7625.1 词元/秒 /CPU:0
epoch 363: 雨 不如不 勿能不 不能万 不念万 不念万 不念万 不念万 不念万 不念万 不念万 不念万 不念万 不
困惑度 192.3, 7657.7 词元/秒 /CPU:0
epoch 364: 雨 一言无一事 百年不为人 明海无一事 明海不难人 明海无一事 明海不难人 明海无一事 明海不难人 明
困惑度 191.3, 7644.6 词元/秒 /CPU:0
epoch 365: 雨 不知不是事 深年不归人 寒云无一事 寒云不难心 寒云无一事 寒云不难心 寒云无一事 寒云不难心 寒
困惑度 180.6, 7657.7 词元/秒 /CPU:0
epoch 366: 雨 一言不知一 来来不难心 松来不难心 松来不难心 松来不难心 松来不难心 松来不难心 松来不难心 松
困惑度 175.4, 7670.8 词元/秒 /CPU:0
epoch 367: 雨 一事无一事 心年不难事 闲年不知事 闲思不知事 闲思不知事 闲思不知事 闲思不知事 闲思不知事 闲
困惑度 187.8, 7638.1 词元/秒 /CPU:0
epoch 368: 雨 不如不知不 言年不不人 闲思不不人 闲思不不人 闲思不不人 闲思不不人 闲思不不人 闲思不不人 闲
困惑度 194.7, 7684.0 词元/秒 /CPU:0
epoch 369: 雨 不知不知 展开云空 但放君兔 管什君兔 管什君兔 管什君兔 管什君兔 管什君兔 管什君兔 管什君兔
困惑度 178.6, 7664.3 词元/秒 /CPU:0
epoch 370: 雨 莫道无余事 一言无一事 若知不无人 若知不无人 若知不无人 若知不无人 若知不无人 若知不无人 若
困惑度 183.9, 7638.1 词元/秒 /CPU:0
epoch 371: 雨 一言无一事 一言无一事 一言 一言 或将 慧如 慧如 慧 澄门 或 澄然不 勿然一处无心 争 臣须
困惑度 179.4, 7670.8 词元/秒 /CPU:0
epoch 372: 雨 一片不 勿能一处无心  能而定 不一不 能弼万 倏念浄 能念浄 能念浄 能念浄 能念浄 能念浄 能
困惑度 179.2, 7638.1 词元/秒 /CPU:0
epoch 373: 雨 万然无慧 满外觉来 澄外有法 澄目有法 澄目有法 澄目有法 澄目有法 澄目有法 澄目有法 澄目有法
困惑度 178.1, 7638.1 词元/秒 /CPU:0
epoch 374: 雨 一片无余事 一言无一事 一言无一事 一言无一事 一言无一事 一言无一事 一言无一事 一言无一事 一
困惑度 198.2, 7664.2 词元/秒 /CPU:0
epoch 375: 雨 一言无所事 一言无一事 寒年复无人 寒山复无人 寒山复无人 寒山复无人 寒山复无人 寒山复无人 寒
困惑度 179.5, 7684.0 词元/秒 /CPU:0
epoch 376: 雨 一事无一事 一言无一事 闲知复一事 闲知复一事 闲知复一事 闲知复一事 闲知复一事 闲知复一事 闲
困惑度 184.3, 7638.1 词元/秒 /CPU:0
epoch 377: 雨 一片云 勿云非 能云万 片然万 片然万 片然万 片然万 片然万 片然万 片然万 片然万 片然万 片
困惑度 179.5, 7631.6 词元/秒 /CPU:0
epoch 378: 雨 不知不知 展言无跃 官放君跃 官职君跃 官职君跃 官职君跃 官职君跃 官职君跃 官职君跃 官职君跃
困惑度 183.6, 7612.1 词元/秒 /CPU:0
epoch 379: 雨 一片无余事 百年来无人 闲知无一事 闲知无一事 闲知无一事 闲知无一事 闲知无一事 闲知无一事 闲
困惑度 179.0, 7657.7 词元/秒 /CPU:0
epoch 380: 雨 一片无余事 吟年不称人 勿夜不知人 松知不知人 松知不知人 松知不知人 松知不知人 松知不知人 松
困惑度 180.5, 7664.2 词元/秒 /CPU:0
epoch 381: 雨 一片云 纯为非 能弼万 片念万 片念万 片念万 片念万 片念万 片念万 片念万 片念万 片念万 片
困惑度 172.9, 7657.7 词元/秒 /CPU:0
epoch 382: 雨 谁人云中白云来 万般云中不如心 更生云中不如来 莫人云中不如来 莫般云中不如心 莫般云中不如心 万
困惑度 176.8, 7657.7 词元/秒 /CPU:0
epoch 383: 雨 一片无心事 惟年不知人 闲人不知人 松知不知人 松知不知人 松知不知人 松知不知人 松知不知人 松
困惑度 183.9, 7638.1 词元/秒 /CPU:0
epoch 384: 雨 不如何 勿阴耳 能然浄 片然浄 片然浄 不然浄 片然浄 片然浄 片然浄 片然浄 片然浄 片然浄 片
困惑度 169.3, 7651.1 词元/秒 /CPU:0
epoch 385: 雨 一事无一事 一言无一事 松知不难人 松势不难人 松势不难人 松势不难人 松势不难人 松势不难人 松
困惑度 178.2, 7651.1 词元/秒 /CPU:0
epoch 386: 雨 一片无一事 一言无一事 一言无一事 一言无一事 一言无一事 一言无一事 一言无一事 一言无一事 一
困惑度 175.0, 7579.9 词元/秒 /CPU:0
epoch 387: 雨 一片无余事 一言无一事 闲知不难人 百夜不知人 百夜无一事 闲知不难人 百夜不知人 百夜无一事 闲
困惑度 175.7, 7664.3 词元/秒 /CPU:0
epoch 388: 雨 不如何处无一事 若知不得无一事 定门路来无一事 定门路来无一事 定门路来无一事 定门路来无一事 定
困惑度 164.3, 7657.7 词元/秒 /CPU:0
epoch 389: 雨 不如何处无一事 定门终来无一事 金得烟来无一事 金山终来无一事 金朝终来无一事 金得终来无所事 数
困惑度 167.5, 7638.1 词元/秒 /CPU:0
epoch 390: 雨 一人从来 不是云空 澄放肚空 管放肚空 管放肚空 管放肚空 管放肚空 管放肚空 管放肚空 管放肚空
困惑度 180.1, 7612.1 词元/秒 /CPU:0
epoch 391: 雨 不如无事 展衣无空 满目有山 但什有山 但什有山 但什有山 但什有山 但什有山 但什有山 但什有山
困惑度 178.4, 7664.2 词元/秒 /CPU:0
epoch 392: 雨 不如无人事 惟有不不知 闲有天无人 不知不难人 闲有天无人 不知不难人 闲有天无人 不知不难人 闲
困惑度 175.3, 7638.1 词元/秒 /CPU:0
epoch 393: 雨 一念无余事 闲云无一事 闲萝不难  须 澄道 或将无一事 西月不难  泽 澄道 或将无一事 西月不
困惑度 165.1, 7670.8 词元/秒 /CPU:0
epoch 394: 雨 不如不知 展开云地 解放肚皮 但什肚皮 但什肚皮 但什肚皮 但什肚皮 但什肚皮 但什肚皮 但什肚皮
困惑度 165.6, 7644.6 词元/秒 /CPU:0
epoch 395: 雨 不如不知 展开高地 解放肚皮 管什肚皮 管什肚皮 管什肚皮 管什肚皮 管什肚皮 管什肚皮 管什肚皮
困惑度 167.7, 7644.6 词元/秒 /CPU:0
epoch 396: 雨 谁人 或人无一事 惟国不难人 闲人不无人 荻间不难人 闲人不无人 荻间不难人 闲人不无人 荻间不难
困惑度 167.0, 7638.1 词元/秒 /CPU:0
epoch 397: 雨 谁人不是 展开云峰 管什有来 管什有来 管什有来 管什有来 管什有来 管什有来 管什有来 管什有来
困惑度 161.6, 7670.8 词元/秒 /CPU:0
epoch 398: 雨 不知 或将 或将 或人 或有路来无人通 一道路 不停耳 能云病圣成无改 莹令铁 不同非 能然垢圣成
困惑度 162.5, 7644.6 词元/秒 /CPU:0
epoch 399: 雨 不知无所事 惟年不难静 闲人无一事 闲知不难静 闲人无一事 闲知不难静 闲人无一事 闲知不难静 闲
困惑度 178.1, 7657.7 词元/秒 /CPU:0
epoch 400: 雨 一事无余事 一言无一事 闲知不知心 闲人不知心 闲人不知心 闲人不知心 闲人不知心 闲人不知心 闲
困惑度 163.3, 7684.0 词元/秒 /CPU:0
epoch 401: 雨 不知不知心 百年不知心 百间不知心 百间不知心 百间不知心 百间不知心 百间不知心 百间不知心 百
困惑度 164.3, 7677.4 词元/秒 /CPU:0
epoch 402: 雨 谁知唯来一有开 任教虚 慧时耳 能翻万 片念万 不念万 不念心 不念万 不念万 不念万 不念万 不
困惑度 160.6, 7651.1 词元/秒 /CPU:0
epoch 403: 雨 一片无心事 一言无一事 请知不难人 一生无一事 若知不难人 一生无一事 若知不难人 一生无一事 若
困惑度 162.0, 7664.2 词元/秒 /CPU:0
epoch 404: 雨 一片无余事 一言无一事 请知不可人 百知不知人 百知不知人 百知不知人 百知不知人 百知不知人 百
困惑度 161.0, 7638.1 词元/秒 /CPU:0
epoch 405: 雨 不如无余无 至更无一事 寄言不知人 百年无一事 寄言不知人 百年无一事 寄言不知人 百年无一事 寄
困惑度 166.5, 7644.6 词元/秒 /CPU:0
epoch 406: 雨 不如不知 展开云空 震甚刘来 官职有来 官职有来 官职有来 官职有来 官职有来 官职有来 官职有来
困惑度 175.0, 7631.6 词元/秒 /CPU:0
epoch 407: 雨 一片无余 妄想云空 官职刘跃 官言刘跃 官言刘跃 官言刘跃 官言刘跃 官言刘跃 官言刘跃 官言刘跃
困惑度 161.7, 7644.6 词元/秒 /CPU:0
epoch 408: 雨 一片无余事 惟言无所事 闲人无所事 松人无所事 松人无所事 松人无所事 松人无所事 松人无所事 松
困惑度 166.0, 7625.1 词元/秒 /CPU:0
epoch 409: 雨 不如不 勿阴不 能弼万 倏念万 不念心 不渐心 不渐心 不念心 不渐心 不渐心 不渐心 不渐心 不
困惑度 162.8, 7670.8 词元/秒 /CPU:0
epoch 410: 雨 一言无所无所意 定山多 莫为耳 能来一 倏然浄 片然浄 倏然浄 倏然浄 片然浄 倏然浄 倏然浄 倏
困惑度 165.4, 7547.9 词元/秒 /CPU:0
epoch 411: 雨 一片无余事 惟山来无一 万山不知心 闲山入难尘 闲山入难水 闲山入难水 闲山入难水 闲山入难水 闲
困惑度 177.0, 7657.7 词元/秒 /CPU:0
epoch 412: 雨 一片泉 慧了无一片那  能而 不知烟 慧能耳 能渐万 片念万 片念万 片念万 片念万 片念万 片念
困惑度 156.2, 7657.7 词元/秒 /CPU:0
epoch 413: 雨 一片从来无一事 翛山何处无路通 云有路 慧为耳 能弼如 片然如 片然如 片然如 片然如 片然如 片
困惑度 163.2, 7618.6 词元/秒 /CPU:0
epoch 414: 雨 一片泉光任 闲年无所事 闲人入无事 荻将本无人 荻生本无人 荻生本无人 荻生本无人 荻生本无人 荻
困惑度 168.0, 7657.7 词元/秒 /CPU:0
epoch 415: 雨 一片无余 妄外无一 升外无一 升外无一 升外无一 升外无一 升外无一 升外无一 升外无一 升外无一
困惑度 168.0, 7631.6 词元/秒 /CPU:0
epoch 416: 雨 不如不知 展开孟德 震外有法 官职有山 官职有山 官职有山 官职有山 官职有山 官职有山 官职有山
困惑度 164.5, 7541.6 词元/秒 /CPU:0
epoch 417: 雨 不知无余无所意 定道唯光道自然 莫道闲来无所意 任界路来无所意 定道路来无所意 定道路来无所意 定
困惑度 157.7, 7612.1 词元/秒 /CPU:0
epoch 418: 雨 不如何 勿为无一事 惟山不难心 鸟海深山  若雄为 慧如不 勿能卷 倘能浄 不能浄 不能浄 不能浄
困惑度 166.7, 7651.1 词元/秒 /CPU:0
epoch 419: 雨 一片无余事 惟有来无人 荻将不难人 一言无一事 若知不难人 一言无一事 若知不难人 一言无一事 若
困惑度 151.8, 7567.1 词元/秒 /CPU:0
epoch 420: 雨 不如闲 不能量 能然万 片然群 片念群 片然群 片然群 片然群 片然群 片然群 片然群 片然群 片
困惑度 152.2, 7612.1 词元/秒 /CPU:0
epoch 421: 雨 不如烟 不如非 不渐万 片念万 片念万 片念万 片念万 片念万 片念万 片念万 片念万 片念万 片
困惑度 164.8, 7638.1 词元/秒 /CPU:0
epoch 422: 雨 不知无所 妄外无一事 惟知来一水 寄知不难  祗无一事 心知无所 妄外无一事 惟知来一水 寄知不知
困惑度 156.3, 7664.2 词元/秒 /CPU:0
epoch 423: 雨 一片无明 妄外无法 满目无法 满目高来 官职无法 满目高来 官职无法 满目高来 官职无法 满目高来
困惑度 150.3, 7657.7 词元/秒 /CPU:0
epoch 424: 雨 不知无所 妄外无法 满外无法 满目觉法 官职无法 满目觉峰 官职无法 满目觉峰 官职无法 满目觉峰
困惑度 150.9, 7670.8 词元/秒 /CPU:0
epoch 425: 雨 不知何 勿阴一处无二头 或即定 非定非 能来垢 片念垢 片念垢 片念垢 片念垢 片念垢 片念垢 片
困惑度 148.5, 7657.7 词元/秒 /CPU:0
epoch 426: 雨 一片无余无一事 定山路景自有天 一言无余棹 惟有来无一事通 一言无寄重 惟言来无一事拘 一言无寄入
困惑度 152.5, 7651.1 词元/秒 /CPU:0
epoch 427: 雨 一片无余事 惟知来无人 荻笋不难人 松人本无人 其笋不难人 一言无一事 寄知不难人 百人本无人 荻
困惑度 143.3, 7638.1 词元/秒 /CPU:0
epoch 428: 雨 一片无余事 惟知来无人 荻知不是心 西云本难心 百年东难心 百年本难心 百人本难人 百人本难人 百
困惑度 146.3, 7638.1 词元/秒 /CPU:0
epoch 429: 雨 不如不是作山来 一片可怀道自然 万般从来已相同 万事从来一事通 庵有路年是无明 更外不知心有月 一
困惑度 151.1, 7664.2 词元/秒 /CPU:0
epoch 430: 雨 一片无余任 举将无一事 寄知无一事 寄知无一事 寄知无一事 寄知无一事 寄知无一事 寄知无一事 寄
困惑度 156.2, 7670.8 词元/秒 /CPU:0
epoch 431: 雨 一片无余任 举海无一事 寄知不难人 百年无所人 松人无所人 松人无所人 松人无所人 松人无所人 松
困惑度 148.0, 7618.6 词元/秒 /CPU:0
epoch 432: 雨 不如不知 草开云空 澄放云山 澄潭月山 管什月山 管什月山 管什月山 管什月山 管什月山 管什月山
困惑度 166.5, 7625.1 词元/秒 /CPU:0
epoch 433: 雨 一言无余事 惟将无一事 寄知不难人 明海无所人 松言无一事 寄知不难人 明海无所地 松言无一事 寄
困惑度 141.2, 7644.6 词元/秒 /CPU:0
epoch 434: 雨 不如不知无所通 庵界路来一法通 但锁不知无一念 翛然唯有道处归 唯道虚从无一念 翛然唯有道处归 唯
困惑度 147.8, 7651.1 词元/秒 /CPU:0
epoch 435: 雨 一念回 纯为不 能然如 片念垢 片念枕 片念垢 片念垢 片念垢 片念垢 片念垢 片念垢 片念垢 片
困惑度 139.7, 7644.6 词元/秒 /CPU:0
epoch 436: 雨 一言无余任 举言无一事 寄笋不难人 闲人无一事 寄笋不难人 闲人无一事 寄笋不难人 闲人无一事 寄
困惑度 152.0, 7651.1 词元/秒 /CPU:0
epoch 437: 雨 不如不知无所事 笔界路得一法开 云朝无明敷 举知来无人 荻笋不难人 一言寤云尘 不知波无人 荻笋古
困惑度 151.6, 7625.1 词元/秒 /CPU:0
epoch 438: 雨 不如不知心 百年复来人 勿处不知人 山处不知人 山处不知人 山处不知人 山处不知人 山处不知人 山
困惑度 147.0, 7644.6 词元/秒 /CPU:0
epoch 439: 雨 不如心 不如心 不卧心 不盖心 不盖心 不盖心 不盖心 不盖心 不盖心 不盖心 不盖心 不盖心 不
困惑度 148.8, 7586.3 词元/秒 /CPU:0
epoch 440: 雨 不如不知波 百年不称心 明势不知心 明海不知心 明海不知心 明海不知心 明海不知心 明海不知心 明
困惑度 146.4, 7638.1 词元/秒 /CPU:0
epoch 441: 雨 一片无余事 惟知不知人 一言无一事 寄知不难心 明海不难心 明海不难心 明海不难心 明海不难心 明
困惑度 142.6, 7657.7 词元/秒 /CPU:0
epoch 442: 雨 一言泉归白云外 才然随处不如心 万般云处不如心 万般云中千 春尘生不知 闲风入径尘 闲人入日尘 闲
困惑度 141.4, 7618.6 词元/秒 /CPU:0
epoch 443: 雨 不如玄 慧烁相 能然万 片然万 片然浄 片然浄 片然万 片然浄 片然浄 片然浄 片然浄 片然浄 片
困惑度 147.3, 7657.7 词元/秒 /CPU:0
epoch 444: 雨 一片无寄棹 举国来无人 荻笋不难海 松人无所翦 松言嘉无人 荻笋不难心 松人无所翦 松言嘉无人 荻
困惑度 145.5, 7625.1 词元/秒 /CPU:0
epoch 445: 雨 一言泉寄白云乡 万般从来一点通 幸缘时来一法闲 万般无余敷 惟国来一水 惟知不难人 鸟风天为尘 闲
困惑度 147.2, 7644.6 词元/秒 /CPU:0
epoch 446: 雨 一言不是心 百年复处  祗义不知 一言 或将 或将 或有天 臣阴一处无心畔 或理定 顿一非 光然威
困惑度 140.0, 7612.1 词元/秒 /CPU:0
epoch 447: 雨 不如玄有为 百年归无人 荻笋抽难户 百海复无人 荻笋抽难 心开高头 展甚孟头 官外无法 满外青头 
困惑度 140.6, 7625.1 词元/秒 /CPU:0
epoch 448: 雨 不如心 不能一处无二畔 或即观 不同非慧无心畔 或即观 不同非 能然一处无二头 或法之 不如无二无
困惑度 131.1, 7651.1 词元/秒 /CPU:0
epoch 449: 雨 一片云中无一念 翛然苍 一念睡 能云万 倏然万 倏然万 倏然万 倏然万 倏然万 倏然万 倏然万 倏
困惑度 139.2, 7664.2 词元/秒 /CPU:0
epoch 450: 雨 一言无寄幽 举言嘉一水 荻笋不知 疏开高山 澄什玉法 管什玉法 管什玉法 管什玉法 管什玉法 管什
困惑度 141.4, 7677.4 词元/秒 /CPU:0
epoch 451: 雨 不如经人 震外有山 澄什有来 升外有来 澄外有来 澄外有来 澄外有来 澄外有来 澄外有来 澄外有来
困惑度 135.9, 7631.6 词元/秒 /CPU:0
epoch 452: 雨 一片泉教白云乡 万般云中成 远国不从来 一言耒江白 闲年不知心 几处不知心 几年不知心 几年不知心
困惑度 137.8, 7625.1 词元/秒 /CPU:0
epoch 453: 雨 一片无余事 牛年来无人 荻则浮云烟 一言无一事 寄知不难心 百年无所翦 祗言嘉无人 荻则浮云尘 一
困惑度 137.1, 7631.6 词元/秒 /CPU:0
epoch 454: 雨 不如不知不如心 万般不从心外得 祇生不从心有天 浮般唯 不为睡 不能心 倏然万 不盖浄 不然浄 不
困惑度 131.9, 7644.6 词元/秒 /CPU:0
epoch 455: 雨 一片回 白云一 无那地 能令群 不同心 不盖心 倏然垢 荡然垢 荡然垢 荡然垢 荡然垢 荡然垢 荡
困惑度 131.0, 7637.0 词元/秒 /CPU:0
epoch 456: 雨 谁人 或云烟 勿为耳 光然如 片然垢 片然垢 片然垢 片然垢 片然垢 片然垢 片然垢 片然垢 片然
困惑度 125.7, 7618.6 词元/秒 /CPU:0
epoch 457: 雨 谁人无所重 惟言不关心 闲思亦不知 闲思亦中水 不知本无人 荻则东难水 闲人入无人 荻则东难水 闲
困惑度 127.0, 7612.1 词元/秒 /CPU:0
epoch 458: 雨 一片泉 白云直 能来万 倏念垢 片念垢 倏念垢 片念垢 片念垢 倏念垢 片念垢 片念垢 倏念垢 片
困惑度 137.1, 7599.2 词元/秒 /CPU:0
epoch 459: 雨 一片云光入圆来 万般云为无一事 翛然唯得一处通 一片无寄棹自然 能若区 慧能而 能云地 片念垢 片
困惑度 136.6, 7651.1 词元/秒 /CPU:0
epoch 460: 雨 一言泉 任为一 无一地 若双慧 慧念浄 倏然浄 倏然垢 倏然垢 倏然垢 倏然垢 倏然垢 倏然垢 倏
困惑度 132.7, 7599.2 词元/秒 /CPU:0
epoch 461: 雨 一言闲来 自然图法 管下君来 管什君来 管什有来 管什有来 管什有来 管什有来 管什有来 管什有来
困惑度 129.8, 7612.1 词元/秒 /CPU:0
epoch 462: 雨 一言闲 白云一处无二畔 似禽两 不如无一无那畔 定开观 千诸非 能阴地然成无改 莹令群 非诸无一无
困惑度 132.0, 7573.5 词元/秒 /CPU:0
epoch 463: 雨 万事从来 展耸眉皇 官职有来须与做 臣能其 不同量 能然万 倏然垢 荡然垢 荡然垢 倏然垢 荡然垢
困惑度 127.2, 7605.6 词元/秒 /CPU:0
epoch 464: 雨 一片泉光白云来 万般云是更无明 更祗交处眠有月 万事闲从来处处 万般闲须与 今日来归人 缆年归云水
困惑度 136.8, 7605.6 词元/秒 /CPU:0
epoch 465: 雨 一言无余无求畔 举禽定 不同量 能熏万 不盖被 不盖被 不盖被 片盖垢 荡盖垢 荡盖垢 荡盖垢 荡
困惑度 129.8, 7651.1 词元/秒 /CPU:0
epoch 466: 雨 一言无余棹 举利 遁人 或有天 万为非 倏然万 倏然垢 片然垢 片然垢 片然垢 片然垢 片然垢 片
困惑度 120.6, 7612.1 词元/秒 /CPU:0
epoch 467: 雨 不如陶 勿当相 能然万 片念垢 片念垢 片念垢 片念垢 片念垢 片念垢 片念垢 片念垢 片念垢 片
困惑度 117.5, 7638.1 词元/秒 /CPU:0
epoch 468: 雨 不如心 勿阴一处无二  须一生 定然无明 蓑外觉头 震四无法 升外觉电 官职无法 升外觉电 官职无
困惑度 125.1, 7644.6 词元/秒 /CPU:0
epoch 469: 雨 一片无明棹 惟利来无人 其笋不知心 一雄无一事 寄知不关人 来年不称心 明源不知心 明头不知士 明
困惑度 127.4, 7638.1 词元/秒 /CPU:0
epoch 470: 雨 一言无寄棹 惟国不称尊 百年不知心 我年不知心 我萝不知心 我萝不知心 我萝不知心 我萝不知心 我
困惑度 126.6, 7651.1 词元/秒 /CPU:0
epoch 471: 雨 万般须处不可心 水云何处更相来 古时何必不可贫 万般云是更相寻 千山何处不可贫 万般云应更相  当
困惑度 115.6, 7651.1 词元/秒 /CPU:0
epoch 472: 雨 一言泉光知 牛年来处人 水云深处  泽怜寄 不如不知绝 水风抟处  泽义山 一言睡 能吞万处成无改
困惑度 121.0, 7644.6 词元/秒 /CPU:0
epoch 473: 雨 一片泉光一惆怅 万缘无依幽 惟言嘉来一水通 毕缘无心幽 惟言乃来一水通 毕缘无心幽 惟言乃来一水通
困惑度 125.7, 7618.6 词元/秒 /CPU:0
epoch 474: 雨 一言回光知 牛年不称心 我夜不难心 我年不难心 我年不难心 我年不难心 我年不难心 我年不难心 我
困惑度 117.4, 7599.2 词元/秒 /CPU:0
epoch 475: 雨 谁人不到波 一言耒 数如不到波 万里不似心 我萝不知心 我萝不知心 我萝不知心 我萝不知心 我萝不
困惑度 113.7, 7528.9 词元/秒 /CPU:0
epoch 476: 雨 一言泉 白云分 不渐心 不盖心 不盖心 不盖心 不盖心 不盖心 不盖心 不盖心 不盖心 不盖心 不
困惑度 121.4, 7560.7 词元/秒 /CPU:0
epoch 477: 雨 一片回光白云乡 万般从来一点通 但目无凭唯道门 能指永 莫能无 不能心 不盖心 不盖心 不盖心 不
困惑度 119.3, 7535.2 词元/秒 /CPU:0
epoch 478: 雨 一言回归白云乡 万般从来事 远言始归人 一言寤江宁 百年入老人 须臾入老人 须臾入老人 须臾入老人
困惑度 117.8, 7560.7 词元/秒 /CPU:0
epoch 479: 雨 不如不得波 水云不是知 我源不难臣 我源不难知 我源不难知 我源不难知 我源不难知 我源不难知 我
困惑度 108.6, 7528.9 词元/秒 /CPU:0
epoch 480: 雨 不如初 不同毡 片然万 片念垢 片然浄 片然浄 片然浄 片然浄 片然浄 片然浄 片然浄 片然浄 片
困惑度 118.0, 7528.9 词元/秒 /CPU:0
epoch 481: 雨 一片无余任 举国不称人 一夜兼云宁 一水无一水 寄源不关心 一处寤江宁 山峰白云尘 不知留有地 松
困惑度 113.4, 7522.6 词元/秒 /CPU:0
epoch 482: 雨 一片泉寄白 牛悠来无人 荻笋不难心 一言寤江雨 一言寤江雌 百年不得心 不知呼 水如丹 倘然万破片
困惑度 113.4, 7631.6 词元/秒 /CPU:0
epoch 483: 雨 不如兴 一法睡 能阴地论成正 万般须峰 展开无睡 满目月峰 但潭有来 但潭有来 但职有来 但职有来
困惑度 119.1, 7605.6 词元/秒 /CPU:0
epoch 484: 雨 一片无寄棹 牛国来无人 荻笋抽难  泽生 不知兴 不如义 不卧毡 不盖被 不盖被 不盖被 不盖被 
困惑度 111.6, 7605.6 词元/秒 /CPU:0
epoch 485: 雨 不如初上不如人 万般闲人情自然 不知兴上渡头闲 一片泉闲入自然 万般不是忘 又言不从来 水更无一事
困惑度 106.6, 7631.6 词元/秒 /CPU:0
epoch 486: 雨 一片泉光白云乡 万般红尘忙相归 古风尘中无一事 翛山驱水重芽长 金迹闲来无一念 任山苍藓重芽归 金
困惑度 113.0, 7631.6 词元/秒 /CPU:0
epoch 487: 雨 一片泉奇白云高 谁般不是波 又云生不知 一言耒江宁 百年归处尘 闲人入无人 其笋洒难  泽云一道 
困惑度 114.3, 7599.2 词元/秒 /CPU:0
epoch 488: 雨 不知初上一法通 毕人无所重 惟睡乃水日 闲人本不动 闲来山 数如丹 不能毡 不盖被 片念枕 倏念枕
困惑度 110.2, 7586.3 词元/秒 /CPU:0
epoch 489: 雨 一念无余任 举利不关心 鸟风复无人 荻则不难心 一言兼江宁 百年无所翦 疏言入无人 荻则不难  泽
困惑度 107.0, 7618.6 词元/秒 /CPU:0
epoch 490: 雨 一念泉光白云乡 万般云为无余事 笔界路抟一夜吟 曾闻安坐平 惟有天台无心意 笔界路日是 吟中四为尘
困惑度 102.2, 7599.2 词元/秒 /CPU:0
epoch 491: 雨 一念回光白云朝 万般如为成 晚来一点酒 松萝不关士 山年东移头 松萝无二翦 松窗嘉关萝 独年东归去
困惑度 100.6, 7618.6 词元/秒 /CPU:0
epoch 492: 雨 一片云光散 悠悠来去人 草夜千年水 闲思不可心 我间不可士 水云深处 光开云中自有身 片教不知心 
困惑度 109.5, 7625.1 词元/秒 /CPU:0
epoch 493: 雨 一片回光白云地 般若尘 慧须闻 勿援地 倏然垢 倏然垢 倏然垢 倏然垢 倏然垢 倏然垢 倏然垢 倏
困惑度 101.8, 7618.6 词元/秒 /CPU:0
epoch 494: 雨 一言耒光白云地 万般惟为事石明 一片咏翥白云朝 谁般惟道最堪归 一片升翥白云朝 谁般惟道最堪归 一
困惑度 99.7, 7599.2 词元/秒 /CPU:0
epoch 495: 雨 一言无寄任自然 定景岂月又高身 水云烟后无一事 翛然苍有道芽过 片道无心处处通 举指远山为岳身 水
困惑度 119.3, 7618.6 词元/秒 /CPU:0
epoch 496: 雨 谁人闲中事自然 自然身中无一事 翛然唯得道芽踪 水云闲中事可 舳人不关波 睡将本难事 闲人见中事 
困惑度 101.1, 7638.1 词元/秒 /CPU:0
epoch 497: 雨 一片无寄任 举利不关心 一言寤江宁 百萝不称心 我源不难心 我萝不难心 我源不难心 我源不难心 我
困惑度 106.3, 7579.9 词元/秒 /CPU:0
epoch 498: 雨 一片无余任自然 万般红 慧法无 无虚无 任云万 能然万 倏然万 倏然万 倏然垢 倏然万 倏然垢 倏
困惑度 105.1, 7625.1 词元/秒 /CPU:0
epoch 499: 雨 一片回光白云朝 谁人会为更无明 槛门云太眠青山 谁人不知波 水云一径水 松人不关心 我山入处吟 山
困惑度 93.4, 7605.6 词元/秒 /CPU:0
